[2024-03-31T23:16:59.114+0000] {processor.py:161} INFO - Started process (PID=59) to work on /home/airflow/.local/lib/python3.8/site-packages/airflow/example_dags/example_trigger_target_dag.py
[2024-03-31T23:16:59.116+0000] {processor.py:830} INFO - Processing file /home/airflow/.local/lib/python3.8/site-packages/airflow/example_dags/example_trigger_target_dag.py for tasks to queue
[2024-03-31T23:16:59.119+0000] {logging_mixin.py:188} INFO - [2024-03-31T23:16:59.119+0000] {dagbag.py:540} INFO - Filling up the DagBag from /home/airflow/.local/lib/python3.8/site-packages/airflow/example_dags/example_trigger_target_dag.py
[2024-03-31T23:16:59.133+0000] {processor.py:840} INFO - DAG(s) 'example_trigger_target_dag' retrieved from /home/airflow/.local/lib/python3.8/site-packages/airflow/example_dags/example_trigger_target_dag.py
[2024-03-31T23:16:59.714+0000] {logging_mixin.py:188} INFO - [2024-03-31T23:16:59.709+0000] {override.py:1769} INFO - Created Permission View: can read on DAG:example_trigger_target_dag
[2024-03-31T23:16:59.756+0000] {logging_mixin.py:188} INFO - [2024-03-31T23:16:59.755+0000] {override.py:1769} INFO - Created Permission View: can delete on DAG:example_trigger_target_dag
[2024-03-31T23:16:59.787+0000] {logging_mixin.py:188} INFO - [2024-03-31T23:16:59.786+0000] {override.py:1769} INFO - Created Permission View: can edit on DAG:example_trigger_target_dag
[2024-03-31T23:16:59.791+0000] {logging_mixin.py:188} INFO - [2024-03-31T23:16:59.791+0000] {dag.py:3047} INFO - Sync 1 DAGs
[2024-03-31T23:16:59.969+0000] {logging_mixin.py:188} INFO - [2024-03-31T23:16:59.968+0000] {dag.py:3069} INFO - Creating ORM DAG for example_trigger_target_dag
[2024-03-31T23:16:59.974+0000] {logging_mixin.py:188} INFO - [2024-03-31T23:16:59.973+0000] {dag.py:3834} INFO - Setting next_dagrun for example_trigger_target_dag to None, run_after=None
[2024-03-31T23:17:00.031+0000] {processor.py:183} INFO - Processing /home/airflow/.local/lib/python3.8/site-packages/airflow/example_dags/example_trigger_target_dag.py took 0.924 seconds
[2024-03-31T23:17:30.403+0000] {processor.py:161} INFO - Started process (PID=114) to work on /home/airflow/.local/lib/python3.8/site-packages/airflow/example_dags/example_trigger_target_dag.py
[2024-03-31T23:17:30.408+0000] {processor.py:830} INFO - Processing file /home/airflow/.local/lib/python3.8/site-packages/airflow/example_dags/example_trigger_target_dag.py for tasks to queue
[2024-03-31T23:17:30.417+0000] {logging_mixin.py:188} INFO - [2024-03-31T23:17:30.417+0000] {dagbag.py:540} INFO - Filling up the DagBag from /home/airflow/.local/lib/python3.8/site-packages/airflow/example_dags/example_trigger_target_dag.py
[2024-03-31T23:17:30.447+0000] {processor.py:840} INFO - DAG(s) 'example_trigger_target_dag' retrieved from /home/airflow/.local/lib/python3.8/site-packages/airflow/example_dags/example_trigger_target_dag.py
[2024-03-31T23:17:30.500+0000] {logging_mixin.py:188} INFO - [2024-03-31T23:17:30.499+0000] {dag.py:3047} INFO - Sync 1 DAGs
[2024-03-31T23:17:30.557+0000] {logging_mixin.py:188} INFO - [2024-03-31T23:17:30.557+0000] {dag.py:3834} INFO - Setting next_dagrun for example_trigger_target_dag to None, run_after=None
[2024-03-31T23:17:30.600+0000] {processor.py:183} INFO - Processing /home/airflow/.local/lib/python3.8/site-packages/airflow/example_dags/example_trigger_target_dag.py took 0.217 seconds
[2024-03-31T23:18:00.784+0000] {processor.py:161} INFO - Started process (PID=169) to work on /home/airflow/.local/lib/python3.8/site-packages/airflow/example_dags/example_trigger_target_dag.py
[2024-03-31T23:18:00.792+0000] {processor.py:830} INFO - Processing file /home/airflow/.local/lib/python3.8/site-packages/airflow/example_dags/example_trigger_target_dag.py for tasks to queue
[2024-03-31T23:18:00.834+0000] {logging_mixin.py:188} INFO - [2024-03-31T23:18:00.831+0000] {dagbag.py:540} INFO - Filling up the DagBag from /home/airflow/.local/lib/python3.8/site-packages/airflow/example_dags/example_trigger_target_dag.py
[2024-03-31T23:18:00.854+0000] {processor.py:840} INFO - DAG(s) 'example_trigger_target_dag' retrieved from /home/airflow/.local/lib/python3.8/site-packages/airflow/example_dags/example_trigger_target_dag.py
[2024-03-31T23:18:00.920+0000] {logging_mixin.py:188} INFO - [2024-03-31T23:18:00.919+0000] {dag.py:3047} INFO - Sync 1 DAGs
[2024-03-31T23:18:00.963+0000] {logging_mixin.py:188} INFO - [2024-03-31T23:18:00.962+0000] {dag.py:3834} INFO - Setting next_dagrun for example_trigger_target_dag to None, run_after=None
[2024-03-31T23:18:01.042+0000] {processor.py:183} INFO - Processing /home/airflow/.local/lib/python3.8/site-packages/airflow/example_dags/example_trigger_target_dag.py took 0.274 seconds
[2024-03-31T23:18:31.846+0000] {processor.py:161} INFO - Started process (PID=224) to work on /home/airflow/.local/lib/python3.8/site-packages/airflow/example_dags/example_trigger_target_dag.py
[2024-03-31T23:18:31.850+0000] {processor.py:830} INFO - Processing file /home/airflow/.local/lib/python3.8/site-packages/airflow/example_dags/example_trigger_target_dag.py for tasks to queue
[2024-03-31T23:18:31.856+0000] {logging_mixin.py:188} INFO - [2024-03-31T23:18:31.855+0000] {dagbag.py:540} INFO - Filling up the DagBag from /home/airflow/.local/lib/python3.8/site-packages/airflow/example_dags/example_trigger_target_dag.py
[2024-03-31T23:18:31.882+0000] {processor.py:840} INFO - DAG(s) 'example_trigger_target_dag' retrieved from /home/airflow/.local/lib/python3.8/site-packages/airflow/example_dags/example_trigger_target_dag.py
[2024-03-31T23:18:31.963+0000] {logging_mixin.py:188} INFO - [2024-03-31T23:18:31.961+0000] {dag.py:3047} INFO - Sync 1 DAGs
[2024-03-31T23:18:32.023+0000] {logging_mixin.py:188} INFO - [2024-03-31T23:18:32.023+0000] {dag.py:3834} INFO - Setting next_dagrun for example_trigger_target_dag to None, run_after=None
[2024-03-31T23:18:32.109+0000] {processor.py:183} INFO - Processing /home/airflow/.local/lib/python3.8/site-packages/airflow/example_dags/example_trigger_target_dag.py took 0.276 seconds
[2024-03-31T23:19:02.863+0000] {processor.py:161} INFO - Started process (PID=279) to work on /home/airflow/.local/lib/python3.8/site-packages/airflow/example_dags/example_trigger_target_dag.py
[2024-03-31T23:19:02.865+0000] {processor.py:830} INFO - Processing file /home/airflow/.local/lib/python3.8/site-packages/airflow/example_dags/example_trigger_target_dag.py for tasks to queue
[2024-03-31T23:19:02.869+0000] {logging_mixin.py:188} INFO - [2024-03-31T23:19:02.868+0000] {dagbag.py:540} INFO - Filling up the DagBag from /home/airflow/.local/lib/python3.8/site-packages/airflow/example_dags/example_trigger_target_dag.py
[2024-03-31T23:19:02.882+0000] {processor.py:840} INFO - DAG(s) 'example_trigger_target_dag' retrieved from /home/airflow/.local/lib/python3.8/site-packages/airflow/example_dags/example_trigger_target_dag.py
[2024-03-31T23:19:02.917+0000] {logging_mixin.py:188} INFO - [2024-03-31T23:19:02.917+0000] {dag.py:3047} INFO - Sync 1 DAGs
[2024-03-31T23:19:02.946+0000] {logging_mixin.py:188} INFO - [2024-03-31T23:19:02.945+0000] {dag.py:3834} INFO - Setting next_dagrun for example_trigger_target_dag to None, run_after=None
[2024-03-31T23:19:02.984+0000] {processor.py:183} INFO - Processing /home/airflow/.local/lib/python3.8/site-packages/airflow/example_dags/example_trigger_target_dag.py took 0.127 seconds
