[2024-03-31T23:16:58.150+0000] {processor.py:161} INFO - Started process (PID=56) to work on /home/airflow/.local/lib/python3.8/site-packages/airflow/example_dags/example_branch_labels.py
[2024-03-31T23:16:58.180+0000] {processor.py:830} INFO - Processing file /home/airflow/.local/lib/python3.8/site-packages/airflow/example_dags/example_branch_labels.py for tasks to queue
[2024-03-31T23:16:58.212+0000] {logging_mixin.py:188} INFO - [2024-03-31T23:16:58.208+0000] {dagbag.py:540} INFO - Filling up the DagBag from /home/airflow/.local/lib/python3.8/site-packages/airflow/example_dags/example_branch_labels.py
[2024-03-31T23:16:58.327+0000] {processor.py:840} INFO - DAG(s) 'example_branch_labels' retrieved from /home/airflow/.local/lib/python3.8/site-packages/airflow/example_dags/example_branch_labels.py
[2024-03-31T23:16:58.749+0000] {logging_mixin.py:188} INFO - [2024-03-31T23:16:58.748+0000] {override.py:1769} INFO - Created Permission View: can read on DAG:example_branch_labels
[2024-03-31T23:16:58.776+0000] {logging_mixin.py:188} INFO - [2024-03-31T23:16:58.775+0000] {override.py:1769} INFO - Created Permission View: can delete on DAG:example_branch_labels
[2024-03-31T23:16:58.792+0000] {logging_mixin.py:188} INFO - [2024-03-31T23:16:58.791+0000] {override.py:1769} INFO - Created Permission View: can edit on DAG:example_branch_labels
[2024-03-31T23:16:58.793+0000] {logging_mixin.py:188} INFO - [2024-03-31T23:16:58.793+0000] {dag.py:3047} INFO - Sync 1 DAGs
[2024-03-31T23:16:58.822+0000] {logging_mixin.py:188} INFO - [2024-03-31T23:16:58.822+0000] {dag.py:3069} INFO - Creating ORM DAG for example_branch_labels
[2024-03-31T23:16:58.848+0000] {logging_mixin.py:188} INFO - [2024-03-31T23:16:58.848+0000] {dag.py:3834} INFO - Setting next_dagrun for example_branch_labels to 2024-03-30 00:00:00+00:00, run_after=2024-03-31 00:00:00+00:00
[2024-03-31T23:16:58.887+0000] {processor.py:183} INFO - Processing /home/airflow/.local/lib/python3.8/site-packages/airflow/example_dags/example_branch_labels.py took 0.747 seconds
[2024-03-31T23:17:29.379+0000] {processor.py:161} INFO - Started process (PID=111) to work on /home/airflow/.local/lib/python3.8/site-packages/airflow/example_dags/example_branch_labels.py
[2024-03-31T23:17:29.392+0000] {processor.py:830} INFO - Processing file /home/airflow/.local/lib/python3.8/site-packages/airflow/example_dags/example_branch_labels.py for tasks to queue
[2024-03-31T23:17:29.397+0000] {logging_mixin.py:188} INFO - [2024-03-31T23:17:29.396+0000] {dagbag.py:540} INFO - Filling up the DagBag from /home/airflow/.local/lib/python3.8/site-packages/airflow/example_dags/example_branch_labels.py
[2024-03-31T23:17:29.440+0000] {processor.py:840} INFO - DAG(s) 'example_branch_labels' retrieved from /home/airflow/.local/lib/python3.8/site-packages/airflow/example_dags/example_branch_labels.py
[2024-03-31T23:17:29.513+0000] {logging_mixin.py:188} INFO - [2024-03-31T23:17:29.512+0000] {dag.py:3047} INFO - Sync 1 DAGs
[2024-03-31T23:17:29.620+0000] {logging_mixin.py:188} INFO - [2024-03-31T23:17:29.620+0000] {dag.py:3834} INFO - Setting next_dagrun for example_branch_labels to 2024-03-30 00:00:00+00:00, run_after=2024-03-31 00:00:00+00:00
[2024-03-31T23:17:29.740+0000] {processor.py:183} INFO - Processing /home/airflow/.local/lib/python3.8/site-packages/airflow/example_dags/example_branch_labels.py took 0.385 seconds
[2024-03-31T23:18:00.013+0000] {processor.py:161} INFO - Started process (PID=166) to work on /home/airflow/.local/lib/python3.8/site-packages/airflow/example_dags/example_branch_labels.py
[2024-03-31T23:18:00.025+0000] {processor.py:830} INFO - Processing file /home/airflow/.local/lib/python3.8/site-packages/airflow/example_dags/example_branch_labels.py for tasks to queue
[2024-03-31T23:18:00.054+0000] {logging_mixin.py:188} INFO - [2024-03-31T23:18:00.051+0000] {dagbag.py:540} INFO - Filling up the DagBag from /home/airflow/.local/lib/python3.8/site-packages/airflow/example_dags/example_branch_labels.py
[2024-03-31T23:18:00.099+0000] {processor.py:840} INFO - DAG(s) 'example_branch_labels' retrieved from /home/airflow/.local/lib/python3.8/site-packages/airflow/example_dags/example_branch_labels.py
[2024-03-31T23:18:00.204+0000] {logging_mixin.py:188} INFO - [2024-03-31T23:18:00.203+0000] {dag.py:3047} INFO - Sync 1 DAGs
[2024-03-31T23:18:00.314+0000] {logging_mixin.py:188} INFO - [2024-03-31T23:18:00.313+0000] {dag.py:3834} INFO - Setting next_dagrun for example_branch_labels to 2024-03-30 00:00:00+00:00, run_after=2024-03-31 00:00:00+00:00
[2024-03-31T23:18:00.442+0000] {processor.py:183} INFO - Processing /home/airflow/.local/lib/python3.8/site-packages/airflow/example_dags/example_branch_labels.py took 0.437 seconds
[2024-03-31T23:18:31.178+0000] {processor.py:161} INFO - Started process (PID=221) to work on /home/airflow/.local/lib/python3.8/site-packages/airflow/example_dags/example_branch_labels.py
[2024-03-31T23:18:31.182+0000] {processor.py:830} INFO - Processing file /home/airflow/.local/lib/python3.8/site-packages/airflow/example_dags/example_branch_labels.py for tasks to queue
[2024-03-31T23:18:31.187+0000] {logging_mixin.py:188} INFO - [2024-03-31T23:18:31.186+0000] {dagbag.py:540} INFO - Filling up the DagBag from /home/airflow/.local/lib/python3.8/site-packages/airflow/example_dags/example_branch_labels.py
[2024-03-31T23:18:31.207+0000] {processor.py:840} INFO - DAG(s) 'example_branch_labels' retrieved from /home/airflow/.local/lib/python3.8/site-packages/airflow/example_dags/example_branch_labels.py
[2024-03-31T23:18:31.273+0000] {logging_mixin.py:188} INFO - [2024-03-31T23:18:31.273+0000] {dag.py:3047} INFO - Sync 1 DAGs
[2024-03-31T23:18:31.345+0000] {logging_mixin.py:188} INFO - [2024-03-31T23:18:31.344+0000] {dag.py:3834} INFO - Setting next_dagrun for example_branch_labels to 2024-03-30 00:00:00+00:00, run_after=2024-03-31 00:00:00+00:00
[2024-03-31T23:18:31.493+0000] {processor.py:183} INFO - Processing /home/airflow/.local/lib/python3.8/site-packages/airflow/example_dags/example_branch_labels.py took 0.325 seconds
[2024-03-31T23:19:02.352+0000] {processor.py:161} INFO - Started process (PID=276) to work on /home/airflow/.local/lib/python3.8/site-packages/airflow/example_dags/example_branch_labels.py
[2024-03-31T23:19:02.356+0000] {processor.py:830} INFO - Processing file /home/airflow/.local/lib/python3.8/site-packages/airflow/example_dags/example_branch_labels.py for tasks to queue
[2024-03-31T23:19:02.365+0000] {logging_mixin.py:188} INFO - [2024-03-31T23:19:02.364+0000] {dagbag.py:540} INFO - Filling up the DagBag from /home/airflow/.local/lib/python3.8/site-packages/airflow/example_dags/example_branch_labels.py
[2024-03-31T23:19:02.402+0000] {processor.py:840} INFO - DAG(s) 'example_branch_labels' retrieved from /home/airflow/.local/lib/python3.8/site-packages/airflow/example_dags/example_branch_labels.py
[2024-03-31T23:19:02.478+0000] {logging_mixin.py:188} INFO - [2024-03-31T23:19:02.478+0000] {dag.py:3047} INFO - Sync 1 DAGs
[2024-03-31T23:19:02.550+0000] {logging_mixin.py:188} INFO - [2024-03-31T23:19:02.550+0000] {dag.py:3834} INFO - Setting next_dagrun for example_branch_labels to 2024-03-30 00:00:00+00:00, run_after=2024-03-31 00:00:00+00:00
[2024-03-31T23:19:02.605+0000] {processor.py:183} INFO - Processing /home/airflow/.local/lib/python3.8/site-packages/airflow/example_dags/example_branch_labels.py took 0.267 seconds
