[2024-03-31T23:16:57.605+0000] {processor.py:161} INFO - Started process (PID=54) to work on /home/airflow/.local/lib/python3.8/site-packages/airflow/example_dags/example_dynamic_task_mapping.py
[2024-03-31T23:16:57.607+0000] {processor.py:830} INFO - Processing file /home/airflow/.local/lib/python3.8/site-packages/airflow/example_dags/example_dynamic_task_mapping.py for tasks to queue
[2024-03-31T23:16:57.611+0000] {logging_mixin.py:188} INFO - [2024-03-31T23:16:57.610+0000] {dagbag.py:540} INFO - Filling up the DagBag from /home/airflow/.local/lib/python3.8/site-packages/airflow/example_dags/example_dynamic_task_mapping.py
[2024-03-31T23:16:57.625+0000] {processor.py:840} INFO - DAG(s) 'example_dynamic_task_mapping' retrieved from /home/airflow/.local/lib/python3.8/site-packages/airflow/example_dags/example_dynamic_task_mapping.py
[2024-03-31T23:16:57.861+0000] {logging_mixin.py:188} INFO - [2024-03-31T23:16:57.860+0000] {override.py:1769} INFO - Created Permission View: can read on DAG:example_dynamic_task_mapping
[2024-03-31T23:16:57.888+0000] {logging_mixin.py:188} INFO - [2024-03-31T23:16:57.887+0000] {override.py:1769} INFO - Created Permission View: can delete on DAG:example_dynamic_task_mapping
[2024-03-31T23:16:57.902+0000] {logging_mixin.py:188} INFO - [2024-03-31T23:16:57.902+0000] {override.py:1769} INFO - Created Permission View: can edit on DAG:example_dynamic_task_mapping
[2024-03-31T23:16:57.903+0000] {logging_mixin.py:188} INFO - [2024-03-31T23:16:57.903+0000] {dag.py:3047} INFO - Sync 1 DAGs
[2024-03-31T23:16:57.967+0000] {logging_mixin.py:188} INFO - [2024-03-31T23:16:57.967+0000] {dag.py:3069} INFO - Creating ORM DAG for example_dynamic_task_mapping
[2024-03-31T23:16:58.012+0000] {logging_mixin.py:188} INFO - [2024-03-31T23:16:58.011+0000] {dag.py:3834} INFO - Setting next_dagrun for example_dynamic_task_mapping to 2022-03-04 00:00:00+00:00, run_after=2022-03-05 00:00:00+00:00
[2024-03-31T23:16:58.070+0000] {processor.py:183} INFO - Processing /home/airflow/.local/lib/python3.8/site-packages/airflow/example_dags/example_dynamic_task_mapping.py took 0.471 seconds
[2024-03-31T23:17:28.249+0000] {processor.py:161} INFO - Started process (PID=109) to work on /home/airflow/.local/lib/python3.8/site-packages/airflow/example_dags/example_dynamic_task_mapping.py
[2024-03-31T23:17:28.251+0000] {processor.py:830} INFO - Processing file /home/airflow/.local/lib/python3.8/site-packages/airflow/example_dags/example_dynamic_task_mapping.py for tasks to queue
[2024-03-31T23:17:28.254+0000] {logging_mixin.py:188} INFO - [2024-03-31T23:17:28.253+0000] {dagbag.py:540} INFO - Filling up the DagBag from /home/airflow/.local/lib/python3.8/site-packages/airflow/example_dags/example_dynamic_task_mapping.py
[2024-03-31T23:17:28.268+0000] {processor.py:840} INFO - DAG(s) 'example_dynamic_task_mapping' retrieved from /home/airflow/.local/lib/python3.8/site-packages/airflow/example_dags/example_dynamic_task_mapping.py
[2024-03-31T23:17:28.308+0000] {logging_mixin.py:188} INFO - [2024-03-31T23:17:28.308+0000] {dag.py:3047} INFO - Sync 1 DAGs
[2024-03-31T23:17:28.375+0000] {logging_mixin.py:188} INFO - [2024-03-31T23:17:28.375+0000] {dag.py:3834} INFO - Setting next_dagrun for example_dynamic_task_mapping to 2022-03-04 00:00:00+00:00, run_after=2022-03-05 00:00:00+00:00
[2024-03-31T23:17:28.418+0000] {processor.py:183} INFO - Processing /home/airflow/.local/lib/python3.8/site-packages/airflow/example_dags/example_dynamic_task_mapping.py took 0.185 seconds
[2024-03-31T23:17:59.674+0000] {processor.py:161} INFO - Started process (PID=164) to work on /home/airflow/.local/lib/python3.8/site-packages/airflow/example_dags/example_dynamic_task_mapping.py
[2024-03-31T23:17:59.677+0000] {processor.py:830} INFO - Processing file /home/airflow/.local/lib/python3.8/site-packages/airflow/example_dags/example_dynamic_task_mapping.py for tasks to queue
[2024-03-31T23:17:59.682+0000] {logging_mixin.py:188} INFO - [2024-03-31T23:17:59.681+0000] {dagbag.py:540} INFO - Filling up the DagBag from /home/airflow/.local/lib/python3.8/site-packages/airflow/example_dags/example_dynamic_task_mapping.py
[2024-03-31T23:17:59.712+0000] {processor.py:840} INFO - DAG(s) 'example_dynamic_task_mapping' retrieved from /home/airflow/.local/lib/python3.8/site-packages/airflow/example_dags/example_dynamic_task_mapping.py
[2024-03-31T23:17:59.776+0000] {logging_mixin.py:188} INFO - [2024-03-31T23:17:59.775+0000] {dag.py:3047} INFO - Sync 1 DAGs
[2024-03-31T23:17:59.859+0000] {logging_mixin.py:188} INFO - [2024-03-31T23:17:59.859+0000] {dag.py:3834} INFO - Setting next_dagrun for example_dynamic_task_mapping to 2022-03-04 00:00:00+00:00, run_after=2022-03-05 00:00:00+00:00
[2024-03-31T23:17:59.921+0000] {processor.py:183} INFO - Processing /home/airflow/.local/lib/python3.8/site-packages/airflow/example_dags/example_dynamic_task_mapping.py took 0.262 seconds
[2024-03-31T23:18:30.743+0000] {processor.py:161} INFO - Started process (PID=219) to work on /home/airflow/.local/lib/python3.8/site-packages/airflow/example_dags/example_dynamic_task_mapping.py
[2024-03-31T23:18:30.746+0000] {processor.py:830} INFO - Processing file /home/airflow/.local/lib/python3.8/site-packages/airflow/example_dags/example_dynamic_task_mapping.py for tasks to queue
[2024-03-31T23:18:30.750+0000] {logging_mixin.py:188} INFO - [2024-03-31T23:18:30.750+0000] {dagbag.py:540} INFO - Filling up the DagBag from /home/airflow/.local/lib/python3.8/site-packages/airflow/example_dags/example_dynamic_task_mapping.py
[2024-03-31T23:18:30.772+0000] {processor.py:840} INFO - DAG(s) 'example_dynamic_task_mapping' retrieved from /home/airflow/.local/lib/python3.8/site-packages/airflow/example_dags/example_dynamic_task_mapping.py
[2024-03-31T23:18:30.911+0000] {logging_mixin.py:188} INFO - [2024-03-31T23:18:30.910+0000] {dag.py:3047} INFO - Sync 1 DAGs
[2024-03-31T23:18:31.006+0000] {logging_mixin.py:188} INFO - [2024-03-31T23:18:31.003+0000] {dag.py:3834} INFO - Setting next_dagrun for example_dynamic_task_mapping to 2022-03-04 00:00:00+00:00, run_after=2022-03-05 00:00:00+00:00
[2024-03-31T23:18:31.078+0000] {processor.py:183} INFO - Processing /home/airflow/.local/lib/python3.8/site-packages/airflow/example_dags/example_dynamic_task_mapping.py took 0.347 seconds
[2024-03-31T23:19:01.336+0000] {processor.py:161} INFO - Started process (PID=274) to work on /home/airflow/.local/lib/python3.8/site-packages/airflow/example_dags/example_dynamic_task_mapping.py
[2024-03-31T23:19:01.338+0000] {processor.py:830} INFO - Processing file /home/airflow/.local/lib/python3.8/site-packages/airflow/example_dags/example_dynamic_task_mapping.py for tasks to queue
[2024-03-31T23:19:01.340+0000] {logging_mixin.py:188} INFO - [2024-03-31T23:19:01.340+0000] {dagbag.py:540} INFO - Filling up the DagBag from /home/airflow/.local/lib/python3.8/site-packages/airflow/example_dags/example_dynamic_task_mapping.py
[2024-03-31T23:19:01.351+0000] {processor.py:840} INFO - DAG(s) 'example_dynamic_task_mapping' retrieved from /home/airflow/.local/lib/python3.8/site-packages/airflow/example_dags/example_dynamic_task_mapping.py
[2024-03-31T23:19:01.386+0000] {logging_mixin.py:188} INFO - [2024-03-31T23:19:01.386+0000] {dag.py:3047} INFO - Sync 1 DAGs
[2024-03-31T23:19:01.422+0000] {logging_mixin.py:188} INFO - [2024-03-31T23:19:01.422+0000] {dag.py:3834} INFO - Setting next_dagrun for example_dynamic_task_mapping to 2022-03-04 00:00:00+00:00, run_after=2022-03-05 00:00:00+00:00
[2024-03-31T23:19:01.456+0000] {processor.py:183} INFO - Processing /home/airflow/.local/lib/python3.8/site-packages/airflow/example_dags/example_dynamic_task_mapping.py took 0.125 seconds
[2024-03-31T23:19:31.833+0000] {processor.py:161} INFO - Started process (PID=329) to work on /home/airflow/.local/lib/python3.8/site-packages/airflow/example_dags/example_dynamic_task_mapping.py
[2024-03-31T23:19:31.836+0000] {processor.py:830} INFO - Processing file /home/airflow/.local/lib/python3.8/site-packages/airflow/example_dags/example_dynamic_task_mapping.py for tasks to queue
[2024-03-31T23:19:31.850+0000] {logging_mixin.py:188} INFO - [2024-03-31T23:19:31.848+0000] {dagbag.py:540} INFO - Filling up the DagBag from /home/airflow/.local/lib/python3.8/site-packages/airflow/example_dags/example_dynamic_task_mapping.py
[2024-03-31T23:19:31.875+0000] {processor.py:840} INFO - DAG(s) 'example_dynamic_task_mapping' retrieved from /home/airflow/.local/lib/python3.8/site-packages/airflow/example_dags/example_dynamic_task_mapping.py
[2024-03-31T23:19:31.966+0000] {logging_mixin.py:188} INFO - [2024-03-31T23:19:31.965+0000] {dag.py:3047} INFO - Sync 1 DAGs
[2024-03-31T23:19:32.041+0000] {logging_mixin.py:188} INFO - [2024-03-31T23:19:32.041+0000] {dag.py:3834} INFO - Setting next_dagrun for example_dynamic_task_mapping to 2022-03-04 00:00:00+00:00, run_after=2022-03-05 00:00:00+00:00
[2024-03-31T23:19:32.134+0000] {processor.py:183} INFO - Processing /home/airflow/.local/lib/python3.8/site-packages/airflow/example_dags/example_dynamic_task_mapping.py took 0.314 seconds
