[2024-03-31T23:16:55.383+0000] {processor.py:161} INFO - Started process (PID=47) to work on /home/airflow/.local/lib/python3.8/site-packages/airflow/example_dags/example_datasets.py
[2024-03-31T23:16:55.386+0000] {processor.py:830} INFO - Processing file /home/airflow/.local/lib/python3.8/site-packages/airflow/example_dags/example_datasets.py for tasks to queue
[2024-03-31T23:16:55.393+0000] {logging_mixin.py:188} INFO - [2024-03-31T23:16:55.392+0000] {dagbag.py:540} INFO - Filling up the DagBag from /home/airflow/.local/lib/python3.8/site-packages/airflow/example_dags/example_datasets.py
[2024-03-31T23:16:55.423+0000] {processor.py:840} INFO - DAG(s) 'dataset_consumes_1_and_2', 'dataset_produces_2', 'dataset_consumes_1_never_scheduled', 'dataset_consumes_1', 'dataset_produces_1', 'dataset_consumes_unknown_never_scheduled' retrieved from /home/airflow/.local/lib/python3.8/site-packages/airflow/example_dags/example_datasets.py
[2024-03-31T23:16:55.755+0000] {logging_mixin.py:188} INFO - [2024-03-31T23:16:55.754+0000] {override.py:1769} INFO - Created Permission View: can read on DAG:dataset_consumes_1_and_2
[2024-03-31T23:16:55.789+0000] {logging_mixin.py:188} INFO - [2024-03-31T23:16:55.788+0000] {override.py:1769} INFO - Created Permission View: can delete on DAG:dataset_consumes_1_and_2
[2024-03-31T23:16:55.810+0000] {logging_mixin.py:188} INFO - [2024-03-31T23:16:55.810+0000] {override.py:1769} INFO - Created Permission View: can edit on DAG:dataset_consumes_1_and_2
[2024-03-31T23:16:55.857+0000] {logging_mixin.py:188} INFO - [2024-03-31T23:16:55.856+0000] {override.py:1769} INFO - Created Permission View: can read on DAG:dataset_produces_2
[2024-03-31T23:16:55.885+0000] {logging_mixin.py:188} INFO - [2024-03-31T23:16:55.884+0000] {override.py:1769} INFO - Created Permission View: can delete on DAG:dataset_produces_2
[2024-03-31T23:16:55.907+0000] {logging_mixin.py:188} INFO - [2024-03-31T23:16:55.906+0000] {override.py:1769} INFO - Created Permission View: can edit on DAG:dataset_produces_2
[2024-03-31T23:16:55.962+0000] {logging_mixin.py:188} INFO - [2024-03-31T23:16:55.961+0000] {override.py:1769} INFO - Created Permission View: can read on DAG:dataset_consumes_1_never_scheduled
[2024-03-31T23:16:55.979+0000] {logging_mixin.py:188} INFO - [2024-03-31T23:16:55.978+0000] {override.py:1769} INFO - Created Permission View: can delete on DAG:dataset_consumes_1_never_scheduled
[2024-03-31T23:16:56.004+0000] {logging_mixin.py:188} INFO - [2024-03-31T23:16:56.004+0000] {override.py:1769} INFO - Created Permission View: can edit on DAG:dataset_consumes_1_never_scheduled
[2024-03-31T23:16:56.041+0000] {logging_mixin.py:188} INFO - [2024-03-31T23:16:56.040+0000] {override.py:1769} INFO - Created Permission View: can read on DAG:dataset_consumes_1
[2024-03-31T23:16:56.062+0000] {logging_mixin.py:188} INFO - [2024-03-31T23:16:56.061+0000] {override.py:1769} INFO - Created Permission View: can delete on DAG:dataset_consumes_1
[2024-03-31T23:16:56.086+0000] {logging_mixin.py:188} INFO - [2024-03-31T23:16:56.085+0000] {override.py:1769} INFO - Created Permission View: can edit on DAG:dataset_consumes_1
[2024-03-31T23:16:56.126+0000] {logging_mixin.py:188} INFO - [2024-03-31T23:16:56.125+0000] {override.py:1769} INFO - Created Permission View: can read on DAG:dataset_produces_1
[2024-03-31T23:16:56.151+0000] {logging_mixin.py:188} INFO - [2024-03-31T23:16:56.151+0000] {override.py:1769} INFO - Created Permission View: can delete on DAG:dataset_produces_1
[2024-03-31T23:16:56.170+0000] {logging_mixin.py:188} INFO - [2024-03-31T23:16:56.169+0000] {override.py:1769} INFO - Created Permission View: can edit on DAG:dataset_produces_1
[2024-03-31T23:16:56.204+0000] {logging_mixin.py:188} INFO - [2024-03-31T23:16:56.203+0000] {override.py:1769} INFO - Created Permission View: can read on DAG:dataset_consumes_unknown_never_scheduled
[2024-03-31T23:16:56.225+0000] {logging_mixin.py:188} INFO - [2024-03-31T23:16:56.224+0000] {override.py:1769} INFO - Created Permission View: can delete on DAG:dataset_consumes_unknown_never_scheduled
[2024-03-31T23:16:56.261+0000] {logging_mixin.py:188} INFO - [2024-03-31T23:16:56.259+0000] {override.py:1769} INFO - Created Permission View: can edit on DAG:dataset_consumes_unknown_never_scheduled
[2024-03-31T23:16:56.264+0000] {logging_mixin.py:188} INFO - [2024-03-31T23:16:56.264+0000] {dag.py:3047} INFO - Sync 6 DAGs
[2024-03-31T23:16:56.300+0000] {logging_mixin.py:188} INFO - [2024-03-31T23:16:56.300+0000] {dag.py:3069} INFO - Creating ORM DAG for dataset_produces_2
[2024-03-31T23:16:56.305+0000] {logging_mixin.py:188} INFO - [2024-03-31T23:16:56.303+0000] {dag.py:3069} INFO - Creating ORM DAG for dataset_consumes_unknown_never_scheduled
[2024-03-31T23:16:56.311+0000] {logging_mixin.py:188} INFO - [2024-03-31T23:16:56.310+0000] {dag.py:3069} INFO - Creating ORM DAG for dataset_consumes_1_never_scheduled
[2024-03-31T23:16:56.314+0000] {logging_mixin.py:188} INFO - [2024-03-31T23:16:56.313+0000] {dag.py:3069} INFO - Creating ORM DAG for dataset_consumes_1
[2024-03-31T23:16:56.316+0000] {logging_mixin.py:188} INFO - [2024-03-31T23:16:56.316+0000] {dag.py:3069} INFO - Creating ORM DAG for dataset_produces_1
[2024-03-31T23:16:56.319+0000] {logging_mixin.py:188} INFO - [2024-03-31T23:16:56.319+0000] {dag.py:3069} INFO - Creating ORM DAG for dataset_consumes_1_and_2
[2024-03-31T23:16:56.353+0000] {logging_mixin.py:188} INFO - [2024-03-31T23:16:56.353+0000] {dag.py:3834} INFO - Setting next_dagrun for dataset_consumes_1 to None, run_after=None
[2024-03-31T23:16:56.356+0000] {logging_mixin.py:188} INFO - [2024-03-31T23:16:56.356+0000] {dag.py:3834} INFO - Setting next_dagrun for dataset_consumes_1_and_2 to None, run_after=None
[2024-03-31T23:16:56.358+0000] {logging_mixin.py:188} INFO - [2024-03-31T23:16:56.358+0000] {dag.py:3834} INFO - Setting next_dagrun for dataset_consumes_1_never_scheduled to None, run_after=None
[2024-03-31T23:16:56.360+0000] {logging_mixin.py:188} INFO - [2024-03-31T23:16:56.359+0000] {dag.py:3834} INFO - Setting next_dagrun for dataset_consumes_unknown_never_scheduled to None, run_after=None
[2024-03-31T23:16:56.363+0000] {logging_mixin.py:188} INFO - [2024-03-31T23:16:56.363+0000] {dag.py:3834} INFO - Setting next_dagrun for dataset_produces_1 to 2024-03-30 00:00:00+00:00, run_after=2024-03-31 00:00:00+00:00
[2024-03-31T23:16:56.365+0000] {logging_mixin.py:188} INFO - [2024-03-31T23:16:56.365+0000] {dag.py:3834} INFO - Setting next_dagrun for dataset_produces_2 to None, run_after=None
[2024-03-31T23:16:56.521+0000] {processor.py:183} INFO - Processing /home/airflow/.local/lib/python3.8/site-packages/airflow/example_dags/example_datasets.py took 1.146 seconds
[2024-03-31T23:17:26.952+0000] {processor.py:161} INFO - Started process (PID=103) to work on /home/airflow/.local/lib/python3.8/site-packages/airflow/example_dags/example_datasets.py
[2024-03-31T23:17:26.955+0000] {processor.py:830} INFO - Processing file /home/airflow/.local/lib/python3.8/site-packages/airflow/example_dags/example_datasets.py for tasks to queue
[2024-03-31T23:17:26.963+0000] {logging_mixin.py:188} INFO - [2024-03-31T23:17:26.963+0000] {dagbag.py:540} INFO - Filling up the DagBag from /home/airflow/.local/lib/python3.8/site-packages/airflow/example_dags/example_datasets.py
[2024-03-31T23:17:26.998+0000] {processor.py:840} INFO - DAG(s) 'dataset_consumes_1_never_scheduled', 'dataset_produces_1', 'dataset_consumes_1_and_2', 'dataset_consumes_1', 'dataset_produces_2', 'dataset_consumes_unknown_never_scheduled' retrieved from /home/airflow/.local/lib/python3.8/site-packages/airflow/example_dags/example_datasets.py
[2024-03-31T23:17:27.161+0000] {logging_mixin.py:188} INFO - [2024-03-31T23:17:27.161+0000] {dag.py:3047} INFO - Sync 6 DAGs
[2024-03-31T23:17:27.263+0000] {logging_mixin.py:188} INFO - [2024-03-31T23:17:27.262+0000] {dag.py:3834} INFO - Setting next_dagrun for dataset_consumes_1 to None, run_after=None
[2024-03-31T23:17:27.277+0000] {logging_mixin.py:188} INFO - [2024-03-31T23:17:27.276+0000] {dag.py:3834} INFO - Setting next_dagrun for dataset_consumes_1_and_2 to None, run_after=None
[2024-03-31T23:17:27.281+0000] {logging_mixin.py:188} INFO - [2024-03-31T23:17:27.281+0000] {dag.py:3834} INFO - Setting next_dagrun for dataset_consumes_1_never_scheduled to None, run_after=None
[2024-03-31T23:17:27.286+0000] {logging_mixin.py:188} INFO - [2024-03-31T23:17:27.285+0000] {dag.py:3834} INFO - Setting next_dagrun for dataset_consumes_unknown_never_scheduled to None, run_after=None
[2024-03-31T23:17:27.300+0000] {logging_mixin.py:188} INFO - [2024-03-31T23:17:27.300+0000] {dag.py:3834} INFO - Setting next_dagrun for dataset_produces_1 to 2024-03-30 00:00:00+00:00, run_after=2024-03-31 00:00:00+00:00
[2024-03-31T23:17:27.304+0000] {logging_mixin.py:188} INFO - [2024-03-31T23:17:27.303+0000] {dag.py:3834} INFO - Setting next_dagrun for dataset_produces_2 to None, run_after=None
[2024-03-31T23:17:27.461+0000] {processor.py:183} INFO - Processing /home/airflow/.local/lib/python3.8/site-packages/airflow/example_dags/example_datasets.py took 0.521 seconds
[2024-03-31T23:17:57.588+0000] {processor.py:161} INFO - Started process (PID=157) to work on /home/airflow/.local/lib/python3.8/site-packages/airflow/example_dags/example_datasets.py
[2024-03-31T23:17:57.590+0000] {processor.py:830} INFO - Processing file /home/airflow/.local/lib/python3.8/site-packages/airflow/example_dags/example_datasets.py for tasks to queue
[2024-03-31T23:17:57.594+0000] {logging_mixin.py:188} INFO - [2024-03-31T23:17:57.593+0000] {dagbag.py:540} INFO - Filling up the DagBag from /home/airflow/.local/lib/python3.8/site-packages/airflow/example_dags/example_datasets.py
[2024-03-31T23:17:57.610+0000] {processor.py:840} INFO - DAG(s) 'dataset_consumes_1', 'dataset_consumes_unknown_never_scheduled', 'dataset_produces_1', 'dataset_produces_2', 'dataset_consumes_1_and_2', 'dataset_consumes_1_never_scheduled' retrieved from /home/airflow/.local/lib/python3.8/site-packages/airflow/example_dags/example_datasets.py
[2024-03-31T23:17:57.669+0000] {logging_mixin.py:188} INFO - [2024-03-31T23:17:57.669+0000] {dag.py:3047} INFO - Sync 6 DAGs
[2024-03-31T23:17:57.713+0000] {logging_mixin.py:188} INFO - [2024-03-31T23:17:57.712+0000] {dag.py:3834} INFO - Setting next_dagrun for dataset_consumes_1 to None, run_after=None
[2024-03-31T23:17:57.718+0000] {logging_mixin.py:188} INFO - [2024-03-31T23:17:57.718+0000] {dag.py:3834} INFO - Setting next_dagrun for dataset_consumes_1_and_2 to None, run_after=None
[2024-03-31T23:17:57.720+0000] {logging_mixin.py:188} INFO - [2024-03-31T23:17:57.720+0000] {dag.py:3834} INFO - Setting next_dagrun for dataset_consumes_1_never_scheduled to None, run_after=None
[2024-03-31T23:17:57.723+0000] {logging_mixin.py:188} INFO - [2024-03-31T23:17:57.722+0000] {dag.py:3834} INFO - Setting next_dagrun for dataset_consumes_unknown_never_scheduled to None, run_after=None
[2024-03-31T23:17:57.727+0000] {logging_mixin.py:188} INFO - [2024-03-31T23:17:57.727+0000] {dag.py:3834} INFO - Setting next_dagrun for dataset_produces_1 to 2024-03-30 00:00:00+00:00, run_after=2024-03-31 00:00:00+00:00
[2024-03-31T23:17:57.729+0000] {logging_mixin.py:188} INFO - [2024-03-31T23:17:57.729+0000] {dag.py:3834} INFO - Setting next_dagrun for dataset_produces_2 to None, run_after=None
[2024-03-31T23:17:57.785+0000] {processor.py:183} INFO - Processing /home/airflow/.local/lib/python3.8/site-packages/airflow/example_dags/example_datasets.py took 0.202 seconds
[2024-03-31T23:18:28.571+0000] {processor.py:161} INFO - Started process (PID=212) to work on /home/airflow/.local/lib/python3.8/site-packages/airflow/example_dags/example_datasets.py
[2024-03-31T23:18:28.577+0000] {processor.py:830} INFO - Processing file /home/airflow/.local/lib/python3.8/site-packages/airflow/example_dags/example_datasets.py for tasks to queue
[2024-03-31T23:18:28.586+0000] {logging_mixin.py:188} INFO - [2024-03-31T23:18:28.585+0000] {dagbag.py:540} INFO - Filling up the DagBag from /home/airflow/.local/lib/python3.8/site-packages/airflow/example_dags/example_datasets.py
[2024-03-31T23:18:28.627+0000] {processor.py:840} INFO - DAG(s) 'dataset_consumes_1_never_scheduled', 'dataset_produces_1', 'dataset_consumes_1_and_2', 'dataset_produces_2', 'dataset_consumes_unknown_never_scheduled', 'dataset_consumes_1' retrieved from /home/airflow/.local/lib/python3.8/site-packages/airflow/example_dags/example_datasets.py
[2024-03-31T23:18:28.711+0000] {logging_mixin.py:188} INFO - [2024-03-31T23:18:28.710+0000] {dag.py:3047} INFO - Sync 6 DAGs
[2024-03-31T23:18:28.786+0000] {logging_mixin.py:188} INFO - [2024-03-31T23:18:28.786+0000] {dag.py:3834} INFO - Setting next_dagrun for dataset_consumes_1 to None, run_after=None
[2024-03-31T23:18:28.796+0000] {logging_mixin.py:188} INFO - [2024-03-31T23:18:28.796+0000] {dag.py:3834} INFO - Setting next_dagrun for dataset_consumes_1_and_2 to None, run_after=None
[2024-03-31T23:18:28.799+0000] {logging_mixin.py:188} INFO - [2024-03-31T23:18:28.799+0000] {dag.py:3834} INFO - Setting next_dagrun for dataset_consumes_1_never_scheduled to None, run_after=None
[2024-03-31T23:18:28.802+0000] {logging_mixin.py:188} INFO - [2024-03-31T23:18:28.802+0000] {dag.py:3834} INFO - Setting next_dagrun for dataset_consumes_unknown_never_scheduled to None, run_after=None
[2024-03-31T23:18:28.809+0000] {logging_mixin.py:188} INFO - [2024-03-31T23:18:28.809+0000] {dag.py:3834} INFO - Setting next_dagrun for dataset_produces_1 to 2024-03-30 00:00:00+00:00, run_after=2024-03-31 00:00:00+00:00
[2024-03-31T23:18:28.813+0000] {logging_mixin.py:188} INFO - [2024-03-31T23:18:28.812+0000] {dag.py:3834} INFO - Setting next_dagrun for dataset_produces_2 to None, run_after=None
[2024-03-31T23:18:28.881+0000] {processor.py:183} INFO - Processing /home/airflow/.local/lib/python3.8/site-packages/airflow/example_dags/example_datasets.py took 0.317 seconds
[2024-03-31T23:18:59.521+0000] {processor.py:161} INFO - Started process (PID=267) to work on /home/airflow/.local/lib/python3.8/site-packages/airflow/example_dags/example_datasets.py
[2024-03-31T23:18:59.522+0000] {processor.py:830} INFO - Processing file /home/airflow/.local/lib/python3.8/site-packages/airflow/example_dags/example_datasets.py for tasks to queue
[2024-03-31T23:18:59.526+0000] {logging_mixin.py:188} INFO - [2024-03-31T23:18:59.525+0000] {dagbag.py:540} INFO - Filling up the DagBag from /home/airflow/.local/lib/python3.8/site-packages/airflow/example_dags/example_datasets.py
[2024-03-31T23:18:59.547+0000] {processor.py:840} INFO - DAG(s) 'dataset_consumes_unknown_never_scheduled', 'dataset_consumes_1_and_2', 'dataset_consumes_1', 'dataset_produces_2', 'dataset_consumes_1_never_scheduled', 'dataset_produces_1' retrieved from /home/airflow/.local/lib/python3.8/site-packages/airflow/example_dags/example_datasets.py
[2024-03-31T23:18:59.632+0000] {logging_mixin.py:188} INFO - [2024-03-31T23:18:59.632+0000] {dag.py:3047} INFO - Sync 6 DAGs
[2024-03-31T23:18:59.690+0000] {logging_mixin.py:188} INFO - [2024-03-31T23:18:59.690+0000] {dag.py:3834} INFO - Setting next_dagrun for dataset_consumes_1 to None, run_after=None
[2024-03-31T23:18:59.701+0000] {logging_mixin.py:188} INFO - [2024-03-31T23:18:59.700+0000] {dag.py:3834} INFO - Setting next_dagrun for dataset_consumes_1_and_2 to None, run_after=None
[2024-03-31T23:18:59.704+0000] {logging_mixin.py:188} INFO - [2024-03-31T23:18:59.704+0000] {dag.py:3834} INFO - Setting next_dagrun for dataset_consumes_1_never_scheduled to None, run_after=None
[2024-03-31T23:18:59.708+0000] {logging_mixin.py:188} INFO - [2024-03-31T23:18:59.707+0000] {dag.py:3834} INFO - Setting next_dagrun for dataset_consumes_unknown_never_scheduled to None, run_after=None
[2024-03-31T23:18:59.715+0000] {logging_mixin.py:188} INFO - [2024-03-31T23:18:59.714+0000] {dag.py:3834} INFO - Setting next_dagrun for dataset_produces_1 to 2024-03-30 00:00:00+00:00, run_after=2024-03-31 00:00:00+00:00
[2024-03-31T23:18:59.718+0000] {logging_mixin.py:188} INFO - [2024-03-31T23:18:59.717+0000] {dag.py:3834} INFO - Setting next_dagrun for dataset_produces_2 to None, run_after=None
[2024-03-31T23:18:59.796+0000] {processor.py:183} INFO - Processing /home/airflow/.local/lib/python3.8/site-packages/airflow/example_dags/example_datasets.py took 0.281 seconds
[2024-03-31T23:19:30.663+0000] {processor.py:161} INFO - Started process (PID=322) to work on /home/airflow/.local/lib/python3.8/site-packages/airflow/example_dags/example_datasets.py
[2024-03-31T23:19:30.665+0000] {processor.py:830} INFO - Processing file /home/airflow/.local/lib/python3.8/site-packages/airflow/example_dags/example_datasets.py for tasks to queue
[2024-03-31T23:19:30.669+0000] {logging_mixin.py:188} INFO - [2024-03-31T23:19:30.669+0000] {dagbag.py:540} INFO - Filling up the DagBag from /home/airflow/.local/lib/python3.8/site-packages/airflow/example_dags/example_datasets.py
[2024-03-31T23:19:30.692+0000] {processor.py:840} INFO - DAG(s) 'dataset_consumes_1_and_2', 'dataset_produces_2', 'dataset_consumes_1_never_scheduled', 'dataset_consumes_1', 'dataset_produces_1', 'dataset_consumes_unknown_never_scheduled' retrieved from /home/airflow/.local/lib/python3.8/site-packages/airflow/example_dags/example_datasets.py
[2024-03-31T23:19:30.807+0000] {logging_mixin.py:188} INFO - [2024-03-31T23:19:30.806+0000] {dag.py:3047} INFO - Sync 6 DAGs
[2024-03-31T23:19:30.899+0000] {logging_mixin.py:188} INFO - [2024-03-31T23:19:30.899+0000] {dag.py:3834} INFO - Setting next_dagrun for dataset_consumes_1 to None, run_after=None
[2024-03-31T23:19:30.915+0000] {logging_mixin.py:188} INFO - [2024-03-31T23:19:30.914+0000] {dag.py:3834} INFO - Setting next_dagrun for dataset_consumes_1_and_2 to None, run_after=None
[2024-03-31T23:19:30.920+0000] {logging_mixin.py:188} INFO - [2024-03-31T23:19:30.919+0000] {dag.py:3834} INFO - Setting next_dagrun for dataset_consumes_1_never_scheduled to None, run_after=None
[2024-03-31T23:19:30.930+0000] {logging_mixin.py:188} INFO - [2024-03-31T23:19:30.929+0000] {dag.py:3834} INFO - Setting next_dagrun for dataset_consumes_unknown_never_scheduled to None, run_after=None
[2024-03-31T23:19:30.938+0000] {logging_mixin.py:188} INFO - [2024-03-31T23:19:30.938+0000] {dag.py:3834} INFO - Setting next_dagrun for dataset_produces_1 to 2024-03-30 00:00:00+00:00, run_after=2024-03-31 00:00:00+00:00
[2024-03-31T23:19:30.948+0000] {logging_mixin.py:188} INFO - [2024-03-31T23:19:30.948+0000] {dag.py:3834} INFO - Setting next_dagrun for dataset_produces_2 to None, run_after=None
[2024-03-31T23:19:31.060+0000] {processor.py:183} INFO - Processing /home/airflow/.local/lib/python3.8/site-packages/airflow/example_dags/example_datasets.py took 0.403 seconds
