[2024-03-31T23:16:58.953+0000] {processor.py:161} INFO - Started process (PID=58) to work on /home/airflow/.local/lib/python3.8/site-packages/airflow/example_dags/example_complex.py
[2024-03-31T23:16:58.955+0000] {processor.py:830} INFO - Processing file /home/airflow/.local/lib/python3.8/site-packages/airflow/example_dags/example_complex.py for tasks to queue
[2024-03-31T23:16:58.960+0000] {logging_mixin.py:188} INFO - [2024-03-31T23:16:58.959+0000] {dagbag.py:540} INFO - Filling up the DagBag from /home/airflow/.local/lib/python3.8/site-packages/airflow/example_dags/example_complex.py
[2024-03-31T23:16:59.005+0000] {processor.py:840} INFO - DAG(s) 'example_complex' retrieved from /home/airflow/.local/lib/python3.8/site-packages/airflow/example_dags/example_complex.py
[2024-03-31T23:16:59.594+0000] {logging_mixin.py:188} INFO - [2024-03-31T23:16:59.591+0000] {override.py:1769} INFO - Created Permission View: can read on DAG:example_complex
[2024-03-31T23:16:59.630+0000] {logging_mixin.py:188} INFO - [2024-03-31T23:16:59.629+0000] {override.py:1769} INFO - Created Permission View: can delete on DAG:example_complex
[2024-03-31T23:16:59.658+0000] {logging_mixin.py:188} INFO - [2024-03-31T23:16:59.658+0000] {override.py:1769} INFO - Created Permission View: can edit on DAG:example_complex
[2024-03-31T23:16:59.665+0000] {logging_mixin.py:188} INFO - [2024-03-31T23:16:59.665+0000] {dag.py:3047} INFO - Sync 1 DAGs
[2024-03-31T23:16:59.718+0000] {logging_mixin.py:188} INFO - [2024-03-31T23:16:59.717+0000] {dag.py:3069} INFO - Creating ORM DAG for example_complex
[2024-03-31T23:16:59.721+0000] {logging_mixin.py:188} INFO - [2024-03-31T23:16:59.720+0000] {dag.py:3834} INFO - Setting next_dagrun for example_complex to None, run_after=None
[2024-03-31T23:16:59.857+0000] {processor.py:183} INFO - Processing /home/airflow/.local/lib/python3.8/site-packages/airflow/example_dags/example_complex.py took 0.911 seconds
[2024-03-31T23:17:30.026+0000] {processor.py:161} INFO - Started process (PID=113) to work on /home/airflow/.local/lib/python3.8/site-packages/airflow/example_dags/example_complex.py
[2024-03-31T23:17:30.039+0000] {processor.py:830} INFO - Processing file /home/airflow/.local/lib/python3.8/site-packages/airflow/example_dags/example_complex.py for tasks to queue
[2024-03-31T23:17:30.053+0000] {logging_mixin.py:188} INFO - [2024-03-31T23:17:30.053+0000] {dagbag.py:540} INFO - Filling up the DagBag from /home/airflow/.local/lib/python3.8/site-packages/airflow/example_dags/example_complex.py
[2024-03-31T23:17:30.079+0000] {processor.py:840} INFO - DAG(s) 'example_complex' retrieved from /home/airflow/.local/lib/python3.8/site-packages/airflow/example_dags/example_complex.py
[2024-03-31T23:17:30.234+0000] {logging_mixin.py:188} INFO - [2024-03-31T23:17:30.234+0000] {dag.py:3047} INFO - Sync 1 DAGs
[2024-03-31T23:17:30.284+0000] {logging_mixin.py:188} INFO - [2024-03-31T23:17:30.283+0000] {dag.py:3834} INFO - Setting next_dagrun for example_complex to None, run_after=None
[2024-03-31T23:17:30.327+0000] {processor.py:183} INFO - Processing /home/airflow/.local/lib/python3.8/site-packages/airflow/example_dags/example_complex.py took 0.310 seconds
[2024-03-31T23:18:00.518+0000] {processor.py:161} INFO - Started process (PID=168) to work on /home/airflow/.local/lib/python3.8/site-packages/airflow/example_dags/example_complex.py
[2024-03-31T23:18:00.526+0000] {processor.py:830} INFO - Processing file /home/airflow/.local/lib/python3.8/site-packages/airflow/example_dags/example_complex.py for tasks to queue
[2024-03-31T23:18:00.536+0000] {logging_mixin.py:188} INFO - [2024-03-31T23:18:00.533+0000] {dagbag.py:540} INFO - Filling up the DagBag from /home/airflow/.local/lib/python3.8/site-packages/airflow/example_dags/example_complex.py
[2024-03-31T23:18:00.582+0000] {processor.py:840} INFO - DAG(s) 'example_complex' retrieved from /home/airflow/.local/lib/python3.8/site-packages/airflow/example_dags/example_complex.py
[2024-03-31T23:18:00.711+0000] {logging_mixin.py:188} INFO - [2024-03-31T23:18:00.711+0000] {dag.py:3047} INFO - Sync 1 DAGs
[2024-03-31T23:18:00.753+0000] {logging_mixin.py:188} INFO - [2024-03-31T23:18:00.752+0000] {dag.py:3834} INFO - Setting next_dagrun for example_complex to None, run_after=None
[2024-03-31T23:18:00.813+0000] {processor.py:183} INFO - Processing /home/airflow/.local/lib/python3.8/site-packages/airflow/example_dags/example_complex.py took 0.304 seconds
[2024-03-31T23:18:31.843+0000] {processor.py:161} INFO - Started process (PID=223) to work on /home/airflow/.local/lib/python3.8/site-packages/airflow/example_dags/example_complex.py
[2024-03-31T23:18:31.846+0000] {processor.py:830} INFO - Processing file /home/airflow/.local/lib/python3.8/site-packages/airflow/example_dags/example_complex.py for tasks to queue
[2024-03-31T23:18:31.856+0000] {logging_mixin.py:188} INFO - [2024-03-31T23:18:31.851+0000] {dagbag.py:540} INFO - Filling up the DagBag from /home/airflow/.local/lib/python3.8/site-packages/airflow/example_dags/example_complex.py
[2024-03-31T23:18:31.914+0000] {processor.py:840} INFO - DAG(s) 'example_complex' retrieved from /home/airflow/.local/lib/python3.8/site-packages/airflow/example_dags/example_complex.py
[2024-03-31T23:18:32.060+0000] {logging_mixin.py:188} INFO - [2024-03-31T23:18:32.059+0000] {dag.py:3047} INFO - Sync 1 DAGs
[2024-03-31T23:18:32.148+0000] {logging_mixin.py:188} INFO - [2024-03-31T23:18:32.147+0000] {dag.py:3834} INFO - Setting next_dagrun for example_complex to None, run_after=None
[2024-03-31T23:18:32.213+0000] {processor.py:183} INFO - Processing /home/airflow/.local/lib/python3.8/site-packages/airflow/example_dags/example_complex.py took 0.381 seconds
[2024-03-31T23:19:02.703+0000] {processor.py:161} INFO - Started process (PID=278) to work on /home/airflow/.local/lib/python3.8/site-packages/airflow/example_dags/example_complex.py
[2024-03-31T23:19:02.705+0000] {processor.py:830} INFO - Processing file /home/airflow/.local/lib/python3.8/site-packages/airflow/example_dags/example_complex.py for tasks to queue
[2024-03-31T23:19:02.709+0000] {logging_mixin.py:188} INFO - [2024-03-31T23:19:02.709+0000] {dagbag.py:540} INFO - Filling up the DagBag from /home/airflow/.local/lib/python3.8/site-packages/airflow/example_dags/example_complex.py
[2024-03-31T23:19:02.731+0000] {processor.py:840} INFO - DAG(s) 'example_complex' retrieved from /home/airflow/.local/lib/python3.8/site-packages/airflow/example_dags/example_complex.py
[2024-03-31T23:19:02.825+0000] {logging_mixin.py:188} INFO - [2024-03-31T23:19:02.825+0000] {dag.py:3047} INFO - Sync 1 DAGs
[2024-03-31T23:19:02.851+0000] {logging_mixin.py:188} INFO - [2024-03-31T23:19:02.850+0000] {dag.py:3834} INFO - Setting next_dagrun for example_complex to None, run_after=None
[2024-03-31T23:19:02.887+0000] {processor.py:183} INFO - Processing /home/airflow/.local/lib/python3.8/site-packages/airflow/example_dags/example_complex.py took 0.191 seconds
