[2024-03-31T23:17:05.601+0000] {processor.py:161} INFO - Started process (PID=76) to work on /home/airflow/.local/lib/python3.8/site-packages/airflow/example_dags/example_params_ui_tutorial.py
[2024-03-31T23:17:05.603+0000] {processor.py:830} INFO - Processing file /home/airflow/.local/lib/python3.8/site-packages/airflow/example_dags/example_params_ui_tutorial.py for tasks to queue
[2024-03-31T23:17:05.609+0000] {logging_mixin.py:188} INFO - [2024-03-31T23:17:05.608+0000] {dagbag.py:540} INFO - Filling up the DagBag from /home/airflow/.local/lib/python3.8/site-packages/airflow/example_dags/example_params_ui_tutorial.py
[2024-03-31T23:17:05.640+0000] {processor.py:840} INFO - DAG(s) 'example_params_ui_tutorial' retrieved from /home/airflow/.local/lib/python3.8/site-packages/airflow/example_dags/example_params_ui_tutorial.py
[2024-03-31T23:17:06.126+0000] {logging_mixin.py:188} INFO - [2024-03-31T23:17:06.125+0000] {override.py:1769} INFO - Created Permission View: can read on DAG:example_params_ui_tutorial
[2024-03-31T23:17:06.145+0000] {logging_mixin.py:188} INFO - [2024-03-31T23:17:06.144+0000] {override.py:1769} INFO - Created Permission View: can delete on DAG:example_params_ui_tutorial
[2024-03-31T23:17:06.156+0000] {logging_mixin.py:188} INFO - [2024-03-31T23:17:06.156+0000] {override.py:1769} INFO - Created Permission View: can edit on DAG:example_params_ui_tutorial
[2024-03-31T23:17:06.158+0000] {logging_mixin.py:188} INFO - [2024-03-31T23:17:06.157+0000] {dag.py:3047} INFO - Sync 1 DAGs
[2024-03-31T23:17:06.179+0000] {logging_mixin.py:188} INFO - [2024-03-31T23:17:06.179+0000] {dag.py:3069} INFO - Creating ORM DAG for example_params_ui_tutorial
[2024-03-31T23:17:06.180+0000] {logging_mixin.py:188} INFO - [2024-03-31T23:17:06.180+0000] {dag.py:3834} INFO - Setting next_dagrun for example_params_ui_tutorial to None, run_after=None
[2024-03-31T23:17:06.219+0000] {processor.py:183} INFO - Processing /home/airflow/.local/lib/python3.8/site-packages/airflow/example_dags/example_params_ui_tutorial.py took 0.625 seconds
[2024-03-31T23:17:36.581+0000] {processor.py:161} INFO - Started process (PID=131) to work on /home/airflow/.local/lib/python3.8/site-packages/airflow/example_dags/example_params_ui_tutorial.py
[2024-03-31T23:17:36.584+0000] {processor.py:830} INFO - Processing file /home/airflow/.local/lib/python3.8/site-packages/airflow/example_dags/example_params_ui_tutorial.py for tasks to queue
[2024-03-31T23:17:36.592+0000] {logging_mixin.py:188} INFO - [2024-03-31T23:17:36.591+0000] {dagbag.py:540} INFO - Filling up the DagBag from /home/airflow/.local/lib/python3.8/site-packages/airflow/example_dags/example_params_ui_tutorial.py
[2024-03-31T23:17:36.634+0000] {processor.py:840} INFO - DAG(s) 'example_params_ui_tutorial' retrieved from /home/airflow/.local/lib/python3.8/site-packages/airflow/example_dags/example_params_ui_tutorial.py
[2024-03-31T23:17:36.895+0000] {logging_mixin.py:188} INFO - [2024-03-31T23:17:36.895+0000] {dag.py:3047} INFO - Sync 1 DAGs
[2024-03-31T23:17:36.956+0000] {logging_mixin.py:188} INFO - [2024-03-31T23:17:36.956+0000] {dag.py:3834} INFO - Setting next_dagrun for example_params_ui_tutorial to None, run_after=None
[2024-03-31T23:17:37.018+0000] {processor.py:183} INFO - Processing /home/airflow/.local/lib/python3.8/site-packages/airflow/example_dags/example_params_ui_tutorial.py took 0.448 seconds
[2024-03-31T23:18:08.366+0000] {processor.py:161} INFO - Started process (PID=186) to work on /home/airflow/.local/lib/python3.8/site-packages/airflow/example_dags/example_params_ui_tutorial.py
[2024-03-31T23:18:08.370+0000] {processor.py:830} INFO - Processing file /home/airflow/.local/lib/python3.8/site-packages/airflow/example_dags/example_params_ui_tutorial.py for tasks to queue
[2024-03-31T23:18:08.384+0000] {logging_mixin.py:188} INFO - [2024-03-31T23:18:08.380+0000] {dagbag.py:540} INFO - Filling up the DagBag from /home/airflow/.local/lib/python3.8/site-packages/airflow/example_dags/example_params_ui_tutorial.py
[2024-03-31T23:18:08.553+0000] {processor.py:840} INFO - DAG(s) 'example_params_ui_tutorial' retrieved from /home/airflow/.local/lib/python3.8/site-packages/airflow/example_dags/example_params_ui_tutorial.py
[2024-03-31T23:18:08.939+0000] {logging_mixin.py:188} INFO - [2024-03-31T23:18:08.939+0000] {dag.py:3047} INFO - Sync 1 DAGs
[2024-03-31T23:18:09.035+0000] {logging_mixin.py:188} INFO - [2024-03-31T23:18:09.035+0000] {dag.py:3834} INFO - Setting next_dagrun for example_params_ui_tutorial to None, run_after=None
[2024-03-31T23:18:09.195+0000] {processor.py:183} INFO - Processing /home/airflow/.local/lib/python3.8/site-packages/airflow/example_dags/example_params_ui_tutorial.py took 0.855 seconds
[2024-03-31T23:18:40.162+0000] {processor.py:161} INFO - Started process (PID=241) to work on /home/airflow/.local/lib/python3.8/site-packages/airflow/example_dags/example_params_ui_tutorial.py
[2024-03-31T23:18:40.164+0000] {processor.py:830} INFO - Processing file /home/airflow/.local/lib/python3.8/site-packages/airflow/example_dags/example_params_ui_tutorial.py for tasks to queue
[2024-03-31T23:18:40.169+0000] {logging_mixin.py:188} INFO - [2024-03-31T23:18:40.168+0000] {dagbag.py:540} INFO - Filling up the DagBag from /home/airflow/.local/lib/python3.8/site-packages/airflow/example_dags/example_params_ui_tutorial.py
[2024-03-31T23:18:40.203+0000] {processor.py:840} INFO - DAG(s) 'example_params_ui_tutorial' retrieved from /home/airflow/.local/lib/python3.8/site-packages/airflow/example_dags/example_params_ui_tutorial.py
[2024-03-31T23:18:40.354+0000] {logging_mixin.py:188} INFO - [2024-03-31T23:18:40.354+0000] {dag.py:3047} INFO - Sync 1 DAGs
[2024-03-31T23:18:40.384+0000] {logging_mixin.py:188} INFO - [2024-03-31T23:18:40.384+0000] {dag.py:3834} INFO - Setting next_dagrun for example_params_ui_tutorial to None, run_after=None
[2024-03-31T23:18:40.421+0000] {processor.py:183} INFO - Processing /home/airflow/.local/lib/python3.8/site-packages/airflow/example_dags/example_params_ui_tutorial.py took 0.266 seconds
[2024-03-31T23:19:10.676+0000] {processor.py:161} INFO - Started process (PID=296) to work on /home/airflow/.local/lib/python3.8/site-packages/airflow/example_dags/example_params_ui_tutorial.py
[2024-03-31T23:19:10.689+0000] {processor.py:830} INFO - Processing file /home/airflow/.local/lib/python3.8/site-packages/airflow/example_dags/example_params_ui_tutorial.py for tasks to queue
[2024-03-31T23:19:10.706+0000] {logging_mixin.py:188} INFO - [2024-03-31T23:19:10.704+0000] {dagbag.py:540} INFO - Filling up the DagBag from /home/airflow/.local/lib/python3.8/site-packages/airflow/example_dags/example_params_ui_tutorial.py
[2024-03-31T23:19:10.825+0000] {processor.py:840} INFO - DAG(s) 'example_params_ui_tutorial' retrieved from /home/airflow/.local/lib/python3.8/site-packages/airflow/example_dags/example_params_ui_tutorial.py
[2024-03-31T23:19:10.945+0000] {logging_mixin.py:188} INFO - [2024-03-31T23:19:10.944+0000] {dag.py:3047} INFO - Sync 1 DAGs
[2024-03-31T23:19:10.966+0000] {logging_mixin.py:188} INFO - [2024-03-31T23:19:10.966+0000] {dag.py:3834} INFO - Setting next_dagrun for example_params_ui_tutorial to None, run_after=None
[2024-03-31T23:19:10.996+0000] {processor.py:183} INFO - Processing /home/airflow/.local/lib/python3.8/site-packages/airflow/example_dags/example_params_ui_tutorial.py took 0.372 seconds
