[2024-03-31T23:17:07.036+0000] {processor.py:161} INFO - Started process (PID=81) to work on /home/airflow/.local/lib/python3.8/site-packages/airflow/example_dags/example_short_circuit_decorator.py
[2024-03-31T23:17:07.038+0000] {processor.py:830} INFO - Processing file /home/airflow/.local/lib/python3.8/site-packages/airflow/example_dags/example_short_circuit_decorator.py for tasks to queue
[2024-03-31T23:17:07.042+0000] {logging_mixin.py:188} INFO - [2024-03-31T23:17:07.041+0000] {dagbag.py:540} INFO - Filling up the DagBag from /home/airflow/.local/lib/python3.8/site-packages/airflow/example_dags/example_short_circuit_decorator.py
[2024-03-31T23:17:07.060+0000] {processor.py:840} INFO - DAG(s) 'example_short_circuit_decorator' retrieved from /home/airflow/.local/lib/python3.8/site-packages/airflow/example_dags/example_short_circuit_decorator.py
[2024-03-31T23:17:07.260+0000] {logging_mixin.py:188} INFO - [2024-03-31T23:17:07.259+0000] {override.py:1769} INFO - Created Permission View: can read on DAG:example_short_circuit_decorator
[2024-03-31T23:17:07.279+0000] {logging_mixin.py:188} INFO - [2024-03-31T23:17:07.279+0000] {override.py:1769} INFO - Created Permission View: can delete on DAG:example_short_circuit_decorator
[2024-03-31T23:17:07.291+0000] {logging_mixin.py:188} INFO - [2024-03-31T23:17:07.290+0000] {override.py:1769} INFO - Created Permission View: can edit on DAG:example_short_circuit_decorator
[2024-03-31T23:17:07.292+0000] {logging_mixin.py:188} INFO - [2024-03-31T23:17:07.291+0000] {dag.py:3047} INFO - Sync 1 DAGs
[2024-03-31T23:17:07.311+0000] {logging_mixin.py:188} INFO - [2024-03-31T23:17:07.311+0000] {dag.py:3069} INFO - Creating ORM DAG for example_short_circuit_decorator
[2024-03-31T23:17:07.351+0000] {logging_mixin.py:188} INFO - [2024-03-31T23:17:07.350+0000] {dag.py:3834} INFO - Setting next_dagrun for example_short_circuit_decorator to 2024-03-30 00:00:00+00:00, run_after=2024-03-31 00:00:00+00:00
[2024-03-31T23:17:07.393+0000] {processor.py:183} INFO - Processing /home/airflow/.local/lib/python3.8/site-packages/airflow/example_dags/example_short_circuit_decorator.py took 0.364 seconds
[2024-03-31T23:17:38.152+0000] {processor.py:161} INFO - Started process (PID=136) to work on /home/airflow/.local/lib/python3.8/site-packages/airflow/example_dags/example_short_circuit_decorator.py
[2024-03-31T23:17:38.156+0000] {processor.py:830} INFO - Processing file /home/airflow/.local/lib/python3.8/site-packages/airflow/example_dags/example_short_circuit_decorator.py for tasks to queue
[2024-03-31T23:17:38.163+0000] {logging_mixin.py:188} INFO - [2024-03-31T23:17:38.162+0000] {dagbag.py:540} INFO - Filling up the DagBag from /home/airflow/.local/lib/python3.8/site-packages/airflow/example_dags/example_short_circuit_decorator.py
[2024-03-31T23:17:38.198+0000] {processor.py:840} INFO - DAG(s) 'example_short_circuit_decorator' retrieved from /home/airflow/.local/lib/python3.8/site-packages/airflow/example_dags/example_short_circuit_decorator.py
[2024-03-31T23:17:38.274+0000] {logging_mixin.py:188} INFO - [2024-03-31T23:17:38.272+0000] {dag.py:3047} INFO - Sync 1 DAGs
[2024-03-31T23:17:38.346+0000] {logging_mixin.py:188} INFO - [2024-03-31T23:17:38.346+0000] {dag.py:3834} INFO - Setting next_dagrun for example_short_circuit_decorator to 2024-03-30 00:00:00+00:00, run_after=2024-03-31 00:00:00+00:00
[2024-03-31T23:17:38.400+0000] {processor.py:183} INFO - Processing /home/airflow/.local/lib/python3.8/site-packages/airflow/example_dags/example_short_circuit_decorator.py took 0.258 seconds
[2024-03-31T23:18:10.045+0000] {processor.py:161} INFO - Started process (PID=191) to work on /home/airflow/.local/lib/python3.8/site-packages/airflow/example_dags/example_short_circuit_decorator.py
[2024-03-31T23:18:10.057+0000] {processor.py:830} INFO - Processing file /home/airflow/.local/lib/python3.8/site-packages/airflow/example_dags/example_short_circuit_decorator.py for tasks to queue
[2024-03-31T23:18:10.061+0000] {logging_mixin.py:188} INFO - [2024-03-31T23:18:10.060+0000] {dagbag.py:540} INFO - Filling up the DagBag from /home/airflow/.local/lib/python3.8/site-packages/airflow/example_dags/example_short_circuit_decorator.py
[2024-03-31T23:18:10.107+0000] {processor.py:840} INFO - DAG(s) 'example_short_circuit_decorator' retrieved from /home/airflow/.local/lib/python3.8/site-packages/airflow/example_dags/example_short_circuit_decorator.py
[2024-03-31T23:18:10.211+0000] {logging_mixin.py:188} INFO - [2024-03-31T23:18:10.210+0000] {dag.py:3047} INFO - Sync 1 DAGs
[2024-03-31T23:18:10.315+0000] {logging_mixin.py:188} INFO - [2024-03-31T23:18:10.314+0000] {dag.py:3834} INFO - Setting next_dagrun for example_short_circuit_decorator to 2024-03-30 00:00:00+00:00, run_after=2024-03-31 00:00:00+00:00
[2024-03-31T23:18:10.405+0000] {processor.py:183} INFO - Processing /home/airflow/.local/lib/python3.8/site-packages/airflow/example_dags/example_short_circuit_decorator.py took 0.373 seconds
[2024-03-31T23:18:40.645+0000] {processor.py:161} INFO - Started process (PID=245) to work on /home/airflow/.local/lib/python3.8/site-packages/airflow/example_dags/example_short_circuit_decorator.py
[2024-03-31T23:18:40.648+0000] {processor.py:830} INFO - Processing file /home/airflow/.local/lib/python3.8/site-packages/airflow/example_dags/example_short_circuit_decorator.py for tasks to queue
[2024-03-31T23:18:40.651+0000] {logging_mixin.py:188} INFO - [2024-03-31T23:18:40.651+0000] {dagbag.py:540} INFO - Filling up the DagBag from /home/airflow/.local/lib/python3.8/site-packages/airflow/example_dags/example_short_circuit_decorator.py
[2024-03-31T23:18:40.684+0000] {processor.py:840} INFO - DAG(s) 'example_short_circuit_decorator' retrieved from /home/airflow/.local/lib/python3.8/site-packages/airflow/example_dags/example_short_circuit_decorator.py
[2024-03-31T23:18:40.727+0000] {logging_mixin.py:188} INFO - [2024-03-31T23:18:40.726+0000] {dag.py:3047} INFO - Sync 1 DAGs
[2024-03-31T23:18:40.772+0000] {logging_mixin.py:188} INFO - [2024-03-31T23:18:40.771+0000] {dag.py:3834} INFO - Setting next_dagrun for example_short_circuit_decorator to 2024-03-30 00:00:00+00:00, run_after=2024-03-31 00:00:00+00:00
[2024-03-31T23:18:40.811+0000] {processor.py:183} INFO - Processing /home/airflow/.local/lib/python3.8/site-packages/airflow/example_dags/example_short_circuit_decorator.py took 0.171 seconds
[2024-03-31T23:19:11.154+0000] {processor.py:161} INFO - Started process (PID=300) to work on /home/airflow/.local/lib/python3.8/site-packages/airflow/example_dags/example_short_circuit_decorator.py
[2024-03-31T23:19:11.156+0000] {processor.py:830} INFO - Processing file /home/airflow/.local/lib/python3.8/site-packages/airflow/example_dags/example_short_circuit_decorator.py for tasks to queue
[2024-03-31T23:19:11.160+0000] {logging_mixin.py:188} INFO - [2024-03-31T23:19:11.159+0000] {dagbag.py:540} INFO - Filling up the DagBag from /home/airflow/.local/lib/python3.8/site-packages/airflow/example_dags/example_short_circuit_decorator.py
[2024-03-31T23:19:11.175+0000] {processor.py:840} INFO - DAG(s) 'example_short_circuit_decorator' retrieved from /home/airflow/.local/lib/python3.8/site-packages/airflow/example_dags/example_short_circuit_decorator.py
[2024-03-31T23:19:11.210+0000] {logging_mixin.py:188} INFO - [2024-03-31T23:19:11.209+0000] {dag.py:3047} INFO - Sync 1 DAGs
[2024-03-31T23:19:11.246+0000] {logging_mixin.py:188} INFO - [2024-03-31T23:19:11.246+0000] {dag.py:3834} INFO - Setting next_dagrun for example_short_circuit_decorator to 2024-03-30 00:00:00+00:00, run_after=2024-03-31 00:00:00+00:00
[2024-03-31T23:19:11.274+0000] {processor.py:183} INFO - Processing /home/airflow/.local/lib/python3.8/site-packages/airflow/example_dags/example_short_circuit_decorator.py took 0.125 seconds
