[2024-03-31T23:17:01.374+0000] {processor.py:161} INFO - Started process (PID=64) to work on /home/airflow/.local/lib/python3.8/site-packages/airflow/example_dags/example_sla_dag.py
[2024-03-31T23:17:01.376+0000] {processor.py:830} INFO - Processing file /home/airflow/.local/lib/python3.8/site-packages/airflow/example_dags/example_sla_dag.py for tasks to queue
[2024-03-31T23:17:01.380+0000] {logging_mixin.py:188} INFO - [2024-03-31T23:17:01.380+0000] {dagbag.py:540} INFO - Filling up the DagBag from /home/airflow/.local/lib/python3.8/site-packages/airflow/example_dags/example_sla_dag.py
[2024-03-31T23:17:01.514+0000] {processor.py:840} INFO - DAG(s) 'example_sla_dag' retrieved from /home/airflow/.local/lib/python3.8/site-packages/airflow/example_dags/example_sla_dag.py
[2024-03-31T23:17:02.020+0000] {logging_mixin.py:188} INFO - [2024-03-31T23:17:02.018+0000] {override.py:1769} INFO - Created Permission View: can read on DAG:example_sla_dag
[2024-03-31T23:17:02.044+0000] {logging_mixin.py:188} INFO - [2024-03-31T23:17:02.043+0000] {override.py:1769} INFO - Created Permission View: can delete on DAG:example_sla_dag
[2024-03-31T23:17:02.062+0000] {logging_mixin.py:188} INFO - [2024-03-31T23:17:02.062+0000] {override.py:1769} INFO - Created Permission View: can edit on DAG:example_sla_dag
[2024-03-31T23:17:02.063+0000] {logging_mixin.py:188} INFO - [2024-03-31T23:17:02.063+0000] {dag.py:3047} INFO - Sync 1 DAGs
[2024-03-31T23:17:02.125+0000] {logging_mixin.py:188} INFO - [2024-03-31T23:17:02.125+0000] {dag.py:3069} INFO - Creating ORM DAG for example_sla_dag
[2024-03-31T23:17:02.163+0000] {logging_mixin.py:188} INFO - [2024-03-31T23:17:02.162+0000] {dag.py:3834} INFO - Setting next_dagrun for example_sla_dag to 2024-03-31 23:14:00+00:00, run_after=2024-03-31 23:16:00+00:00
[2024-03-31T23:17:02.223+0000] {processor.py:183} INFO - Processing /home/airflow/.local/lib/python3.8/site-packages/airflow/example_dags/example_sla_dag.py took 0.858 seconds
[2024-03-31T23:17:32.790+0000] {processor.py:161} INFO - Started process (PID=119) to work on /home/airflow/.local/lib/python3.8/site-packages/airflow/example_dags/example_sla_dag.py
[2024-03-31T23:17:32.793+0000] {processor.py:830} INFO - Processing file /home/airflow/.local/lib/python3.8/site-packages/airflow/example_dags/example_sla_dag.py for tasks to queue
[2024-03-31T23:17:32.799+0000] {logging_mixin.py:188} INFO - [2024-03-31T23:17:32.798+0000] {dagbag.py:540} INFO - Filling up the DagBag from /home/airflow/.local/lib/python3.8/site-packages/airflow/example_dags/example_sla_dag.py
[2024-03-31T23:17:32.818+0000] {processor.py:840} INFO - DAG(s) 'example_sla_dag' retrieved from /home/airflow/.local/lib/python3.8/site-packages/airflow/example_dags/example_sla_dag.py
[2024-03-31T23:17:32.865+0000] {logging_mixin.py:188} INFO - [2024-03-31T23:17:32.864+0000] {dag.py:3047} INFO - Sync 1 DAGs
[2024-03-31T23:17:32.918+0000] {logging_mixin.py:188} INFO - [2024-03-31T23:17:32.918+0000] {dag.py:3834} INFO - Setting next_dagrun for example_sla_dag to 2024-03-31 23:14:00+00:00, run_after=2024-03-31 23:16:00+00:00
[2024-03-31T23:17:32.950+0000] {processor.py:183} INFO - Processing /home/airflow/.local/lib/python3.8/site-packages/airflow/example_dags/example_sla_dag.py took 0.168 seconds
[2024-03-31T23:18:03.561+0000] {processor.py:161} INFO - Started process (PID=174) to work on /home/airflow/.local/lib/python3.8/site-packages/airflow/example_dags/example_sla_dag.py
[2024-03-31T23:18:03.563+0000] {processor.py:830} INFO - Processing file /home/airflow/.local/lib/python3.8/site-packages/airflow/example_dags/example_sla_dag.py for tasks to queue
[2024-03-31T23:18:03.591+0000] {logging_mixin.py:188} INFO - [2024-03-31T23:18:03.590+0000] {dagbag.py:540} INFO - Filling up the DagBag from /home/airflow/.local/lib/python3.8/site-packages/airflow/example_dags/example_sla_dag.py
[2024-03-31T23:18:03.715+0000] {processor.py:840} INFO - DAG(s) 'example_sla_dag' retrieved from /home/airflow/.local/lib/python3.8/site-packages/airflow/example_dags/example_sla_dag.py
[2024-03-31T23:18:03.864+0000] {logging_mixin.py:188} INFO - [2024-03-31T23:18:03.863+0000] {dag.py:3047} INFO - Sync 1 DAGs
[2024-03-31T23:18:03.982+0000] {logging_mixin.py:188} INFO - [2024-03-31T23:18:03.982+0000] {dag.py:3834} INFO - Setting next_dagrun for example_sla_dag to 2024-03-31 23:16:00+00:00, run_after=2024-03-31 23:18:00+00:00
[2024-03-31T23:18:04.063+0000] {processor.py:183} INFO - Processing /home/airflow/.local/lib/python3.8/site-packages/airflow/example_dags/example_sla_dag.py took 0.511 seconds
[2024-03-31T23:18:34.566+0000] {processor.py:161} INFO - Started process (PID=229) to work on /home/airflow/.local/lib/python3.8/site-packages/airflow/example_dags/example_sla_dag.py
[2024-03-31T23:18:34.574+0000] {processor.py:830} INFO - Processing file /home/airflow/.local/lib/python3.8/site-packages/airflow/example_dags/example_sla_dag.py for tasks to queue
[2024-03-31T23:18:34.579+0000] {logging_mixin.py:188} INFO - [2024-03-31T23:18:34.578+0000] {dagbag.py:540} INFO - Filling up the DagBag from /home/airflow/.local/lib/python3.8/site-packages/airflow/example_dags/example_sla_dag.py
[2024-03-31T23:18:34.606+0000] {processor.py:840} INFO - DAG(s) 'example_sla_dag' retrieved from /home/airflow/.local/lib/python3.8/site-packages/airflow/example_dags/example_sla_dag.py
[2024-03-31T23:18:34.697+0000] {logging_mixin.py:188} INFO - [2024-03-31T23:18:34.697+0000] {dag.py:3047} INFO - Sync 1 DAGs
[2024-03-31T23:18:34.821+0000] {logging_mixin.py:188} INFO - [2024-03-31T23:18:34.820+0000] {dag.py:3834} INFO - Setting next_dagrun for example_sla_dag to 2024-03-31 23:16:00+00:00, run_after=2024-03-31 23:18:00+00:00
[2024-03-31T23:18:34.888+0000] {processor.py:183} INFO - Processing /home/airflow/.local/lib/python3.8/site-packages/airflow/example_dags/example_sla_dag.py took 0.332 seconds
[2024-03-31T23:19:06.645+0000] {processor.py:161} INFO - Started process (PID=284) to work on /home/airflow/.local/lib/python3.8/site-packages/airflow/example_dags/example_sla_dag.py
[2024-03-31T23:19:06.650+0000] {processor.py:830} INFO - Processing file /home/airflow/.local/lib/python3.8/site-packages/airflow/example_dags/example_sla_dag.py for tasks to queue
[2024-03-31T23:19:06.656+0000] {logging_mixin.py:188} INFO - [2024-03-31T23:19:06.656+0000] {dagbag.py:540} INFO - Filling up the DagBag from /home/airflow/.local/lib/python3.8/site-packages/airflow/example_dags/example_sla_dag.py
[2024-03-31T23:19:06.701+0000] {processor.py:840} INFO - DAG(s) 'example_sla_dag' retrieved from /home/airflow/.local/lib/python3.8/site-packages/airflow/example_dags/example_sla_dag.py
[2024-03-31T23:19:06.931+0000] {logging_mixin.py:188} INFO - [2024-03-31T23:19:06.931+0000] {dag.py:3047} INFO - Sync 1 DAGs
[2024-03-31T23:19:07.175+0000] {logging_mixin.py:188} INFO - [2024-03-31T23:19:07.175+0000] {dag.py:3834} INFO - Setting next_dagrun for example_sla_dag to 2024-03-31 23:16:00+00:00, run_after=2024-03-31 23:18:00+00:00
[2024-03-31T23:19:07.257+0000] {processor.py:183} INFO - Processing /home/airflow/.local/lib/python3.8/site-packages/airflow/example_dags/example_sla_dag.py took 0.631 seconds
