[2024-03-31T23:16:56.727+0000] {processor.py:161} INFO - Started process (PID=51) to work on /home/airflow/.local/lib/python3.8/site-packages/airflow/example_dags/example_local_kubernetes_executor.py
[2024-03-31T23:16:56.729+0000] {processor.py:830} INFO - Processing file /home/airflow/.local/lib/python3.8/site-packages/airflow/example_dags/example_local_kubernetes_executor.py for tasks to queue
[2024-03-31T23:16:56.733+0000] {logging_mixin.py:188} INFO - [2024-03-31T23:16:56.733+0000] {dagbag.py:540} INFO - Filling up the DagBag from /home/airflow/.local/lib/python3.8/site-packages/airflow/example_dags/example_local_kubernetes_executor.py
[2024-03-31T23:16:56.759+0000] {processor.py:840} INFO - DAG(s) 'example_local_kubernetes_executor' retrieved from /home/airflow/.local/lib/python3.8/site-packages/airflow/example_dags/example_local_kubernetes_executor.py
[2024-03-31T23:16:57.037+0000] {logging_mixin.py:188} INFO - [2024-03-31T23:16:57.035+0000] {override.py:1769} INFO - Created Permission View: can read on DAG:example_local_kubernetes_executor
[2024-03-31T23:16:57.074+0000] {logging_mixin.py:188} INFO - [2024-03-31T23:16:57.073+0000] {override.py:1769} INFO - Created Permission View: can delete on DAG:example_local_kubernetes_executor
[2024-03-31T23:16:57.092+0000] {logging_mixin.py:188} INFO - [2024-03-31T23:16:57.091+0000] {override.py:1769} INFO - Created Permission View: can edit on DAG:example_local_kubernetes_executor
[2024-03-31T23:16:57.093+0000] {logging_mixin.py:188} INFO - [2024-03-31T23:16:57.092+0000] {dag.py:3047} INFO - Sync 1 DAGs
[2024-03-31T23:16:57.117+0000] {logging_mixin.py:188} INFO - [2024-03-31T23:16:57.116+0000] {dag.py:3069} INFO - Creating ORM DAG for example_local_kubernetes_executor
[2024-03-31T23:16:57.119+0000] {logging_mixin.py:188} INFO - [2024-03-31T23:16:57.118+0000] {dag.py:3834} INFO - Setting next_dagrun for example_local_kubernetes_executor to None, run_after=None
[2024-03-31T23:16:57.150+0000] {processor.py:183} INFO - Processing /home/airflow/.local/lib/python3.8/site-packages/airflow/example_dags/example_local_kubernetes_executor.py took 0.429 seconds
[2024-03-31T23:17:27.612+0000] {processor.py:161} INFO - Started process (PID=106) to work on /home/airflow/.local/lib/python3.8/site-packages/airflow/example_dags/example_local_kubernetes_executor.py
[2024-03-31T23:17:27.626+0000] {processor.py:830} INFO - Processing file /home/airflow/.local/lib/python3.8/site-packages/airflow/example_dags/example_local_kubernetes_executor.py for tasks to queue
[2024-03-31T23:17:27.631+0000] {logging_mixin.py:188} INFO - [2024-03-31T23:17:27.630+0000] {dagbag.py:540} INFO - Filling up the DagBag from /home/airflow/.local/lib/python3.8/site-packages/airflow/example_dags/example_local_kubernetes_executor.py
[2024-03-31T23:17:27.661+0000] {processor.py:840} INFO - DAG(s) 'example_local_kubernetes_executor' retrieved from /home/airflow/.local/lib/python3.8/site-packages/airflow/example_dags/example_local_kubernetes_executor.py
[2024-03-31T23:17:27.794+0000] {logging_mixin.py:188} INFO - [2024-03-31T23:17:27.793+0000] {dag.py:3047} INFO - Sync 1 DAGs
[2024-03-31T23:17:27.836+0000] {logging_mixin.py:188} INFO - [2024-03-31T23:17:27.835+0000] {dag.py:3834} INFO - Setting next_dagrun for example_local_kubernetes_executor to None, run_after=None
[2024-03-31T23:17:27.911+0000] {processor.py:183} INFO - Processing /home/airflow/.local/lib/python3.8/site-packages/airflow/example_dags/example_local_kubernetes_executor.py took 0.308 seconds
[2024-03-31T23:17:57.981+0000] {processor.py:161} INFO - Started process (PID=161) to work on /home/airflow/.local/lib/python3.8/site-packages/airflow/example_dags/example_local_kubernetes_executor.py
[2024-03-31T23:17:57.983+0000] {processor.py:830} INFO - Processing file /home/airflow/.local/lib/python3.8/site-packages/airflow/example_dags/example_local_kubernetes_executor.py for tasks to queue
[2024-03-31T23:17:57.986+0000] {logging_mixin.py:188} INFO - [2024-03-31T23:17:57.986+0000] {dagbag.py:540} INFO - Filling up the DagBag from /home/airflow/.local/lib/python3.8/site-packages/airflow/example_dags/example_local_kubernetes_executor.py
[2024-03-31T23:17:57.998+0000] {processor.py:840} INFO - DAG(s) 'example_local_kubernetes_executor' retrieved from /home/airflow/.local/lib/python3.8/site-packages/airflow/example_dags/example_local_kubernetes_executor.py
[2024-03-31T23:17:58.048+0000] {logging_mixin.py:188} INFO - [2024-03-31T23:17:58.047+0000] {dag.py:3047} INFO - Sync 1 DAGs
[2024-03-31T23:17:58.070+0000] {logging_mixin.py:188} INFO - [2024-03-31T23:17:58.070+0000] {dag.py:3834} INFO - Setting next_dagrun for example_local_kubernetes_executor to None, run_after=None
[2024-03-31T23:17:58.102+0000] {processor.py:183} INFO - Processing /home/airflow/.local/lib/python3.8/site-packages/airflow/example_dags/example_local_kubernetes_executor.py took 0.125 seconds
[2024-03-31T23:18:29.160+0000] {processor.py:161} INFO - Started process (PID=216) to work on /home/airflow/.local/lib/python3.8/site-packages/airflow/example_dags/example_local_kubernetes_executor.py
[2024-03-31T23:18:29.162+0000] {processor.py:830} INFO - Processing file /home/airflow/.local/lib/python3.8/site-packages/airflow/example_dags/example_local_kubernetes_executor.py for tasks to queue
[2024-03-31T23:18:29.166+0000] {logging_mixin.py:188} INFO - [2024-03-31T23:18:29.165+0000] {dagbag.py:540} INFO - Filling up the DagBag from /home/airflow/.local/lib/python3.8/site-packages/airflow/example_dags/example_local_kubernetes_executor.py
[2024-03-31T23:18:29.181+0000] {processor.py:840} INFO - DAG(s) 'example_local_kubernetes_executor' retrieved from /home/airflow/.local/lib/python3.8/site-packages/airflow/example_dags/example_local_kubernetes_executor.py
[2024-03-31T23:18:29.236+0000] {logging_mixin.py:188} INFO - [2024-03-31T23:18:29.235+0000] {dag.py:3047} INFO - Sync 1 DAGs
[2024-03-31T23:18:29.262+0000] {logging_mixin.py:188} INFO - [2024-03-31T23:18:29.261+0000] {dag.py:3834} INFO - Setting next_dagrun for example_local_kubernetes_executor to None, run_after=None
[2024-03-31T23:18:29.294+0000] {processor.py:183} INFO - Processing /home/airflow/.local/lib/python3.8/site-packages/airflow/example_dags/example_local_kubernetes_executor.py took 0.141 seconds
[2024-03-31T23:19:00.017+0000] {processor.py:161} INFO - Started process (PID=271) to work on /home/airflow/.local/lib/python3.8/site-packages/airflow/example_dags/example_local_kubernetes_executor.py
[2024-03-31T23:19:00.019+0000] {processor.py:830} INFO - Processing file /home/airflow/.local/lib/python3.8/site-packages/airflow/example_dags/example_local_kubernetes_executor.py for tasks to queue
[2024-03-31T23:19:00.023+0000] {logging_mixin.py:188} INFO - [2024-03-31T23:19:00.022+0000] {dagbag.py:540} INFO - Filling up the DagBag from /home/airflow/.local/lib/python3.8/site-packages/airflow/example_dags/example_local_kubernetes_executor.py
[2024-03-31T23:19:00.036+0000] {processor.py:840} INFO - DAG(s) 'example_local_kubernetes_executor' retrieved from /home/airflow/.local/lib/python3.8/site-packages/airflow/example_dags/example_local_kubernetes_executor.py
[2024-03-31T23:19:00.087+0000] {logging_mixin.py:188} INFO - [2024-03-31T23:19:00.086+0000] {dag.py:3047} INFO - Sync 1 DAGs
[2024-03-31T23:19:00.108+0000] {logging_mixin.py:188} INFO - [2024-03-31T23:19:00.108+0000] {dag.py:3834} INFO - Setting next_dagrun for example_local_kubernetes_executor to None, run_after=None
[2024-03-31T23:19:00.141+0000] {processor.py:183} INFO - Processing /home/airflow/.local/lib/python3.8/site-packages/airflow/example_dags/example_local_kubernetes_executor.py took 0.131 seconds
[2024-03-31T23:19:31.356+0000] {processor.py:161} INFO - Started process (PID=326) to work on /home/airflow/.local/lib/python3.8/site-packages/airflow/example_dags/example_local_kubernetes_executor.py
[2024-03-31T23:19:31.361+0000] {processor.py:830} INFO - Processing file /home/airflow/.local/lib/python3.8/site-packages/airflow/example_dags/example_local_kubernetes_executor.py for tasks to queue
[2024-03-31T23:19:31.370+0000] {logging_mixin.py:188} INFO - [2024-03-31T23:19:31.369+0000] {dagbag.py:540} INFO - Filling up the DagBag from /home/airflow/.local/lib/python3.8/site-packages/airflow/example_dags/example_local_kubernetes_executor.py
[2024-03-31T23:19:31.391+0000] {processor.py:840} INFO - DAG(s) 'example_local_kubernetes_executor' retrieved from /home/airflow/.local/lib/python3.8/site-packages/airflow/example_dags/example_local_kubernetes_executor.py
[2024-03-31T23:19:31.571+0000] {logging_mixin.py:188} INFO - [2024-03-31T23:19:31.571+0000] {dag.py:3047} INFO - Sync 1 DAGs
[2024-03-31T23:19:31.645+0000] {logging_mixin.py:188} INFO - [2024-03-31T23:19:31.644+0000] {dag.py:3834} INFO - Setting next_dagrun for example_local_kubernetes_executor to None, run_after=None
[2024-03-31T23:19:31.719+0000] {processor.py:183} INFO - Processing /home/airflow/.local/lib/python3.8/site-packages/airflow/example_dags/example_local_kubernetes_executor.py took 0.371 seconds
