[2024-03-31T23:17:02.894+0000] {processor.py:161} INFO - Started process (PID=68) to work on /home/airflow/.local/lib/python3.8/site-packages/airflow/example_dags/example_latest_only.py
[2024-03-31T23:17:02.897+0000] {processor.py:830} INFO - Processing file /home/airflow/.local/lib/python3.8/site-packages/airflow/example_dags/example_latest_only.py for tasks to queue
[2024-03-31T23:17:02.901+0000] {logging_mixin.py:188} INFO - [2024-03-31T23:17:02.900+0000] {dagbag.py:540} INFO - Filling up the DagBag from /home/airflow/.local/lib/python3.8/site-packages/airflow/example_dags/example_latest_only.py
[2024-03-31T23:17:02.912+0000] {processor.py:840} INFO - DAG(s) 'latest_only' retrieved from /home/airflow/.local/lib/python3.8/site-packages/airflow/example_dags/example_latest_only.py
[2024-03-31T23:17:03.221+0000] {logging_mixin.py:188} INFO - [2024-03-31T23:17:03.220+0000] {override.py:1769} INFO - Created Permission View: can read on DAG:latest_only
[2024-03-31T23:17:03.241+0000] {logging_mixin.py:188} INFO - [2024-03-31T23:17:03.241+0000] {override.py:1769} INFO - Created Permission View: can delete on DAG:latest_only
[2024-03-31T23:17:03.254+0000] {logging_mixin.py:188} INFO - [2024-03-31T23:17:03.254+0000] {override.py:1769} INFO - Created Permission View: can edit on DAG:latest_only
[2024-03-31T23:17:03.255+0000] {logging_mixin.py:188} INFO - [2024-03-31T23:17:03.255+0000] {dag.py:3047} INFO - Sync 1 DAGs
[2024-03-31T23:17:03.280+0000] {logging_mixin.py:188} INFO - [2024-03-31T23:17:03.280+0000] {dag.py:3069} INFO - Creating ORM DAG for latest_only
[2024-03-31T23:17:03.301+0000] {logging_mixin.py:188} INFO - [2024-03-31T23:17:03.301+0000] {dag.py:3834} INFO - Setting next_dagrun for latest_only to 2024-03-31 16:00:00+00:00, run_after=2024-03-31 20:00:00+00:00
[2024-03-31T23:17:03.342+0000] {processor.py:183} INFO - Processing /home/airflow/.local/lib/python3.8/site-packages/airflow/example_dags/example_latest_only.py took 0.454 seconds
[2024-03-31T23:17:33.397+0000] {processor.py:161} INFO - Started process (PID=123) to work on /home/airflow/.local/lib/python3.8/site-packages/airflow/example_dags/example_latest_only.py
[2024-03-31T23:17:33.399+0000] {processor.py:830} INFO - Processing file /home/airflow/.local/lib/python3.8/site-packages/airflow/example_dags/example_latest_only.py for tasks to queue
[2024-03-31T23:17:33.403+0000] {logging_mixin.py:188} INFO - [2024-03-31T23:17:33.403+0000] {dagbag.py:540} INFO - Filling up the DagBag from /home/airflow/.local/lib/python3.8/site-packages/airflow/example_dags/example_latest_only.py
[2024-03-31T23:17:33.415+0000] {processor.py:840} INFO - DAG(s) 'latest_only' retrieved from /home/airflow/.local/lib/python3.8/site-packages/airflow/example_dags/example_latest_only.py
[2024-03-31T23:17:33.453+0000] {logging_mixin.py:188} INFO - [2024-03-31T23:17:33.453+0000] {dag.py:3047} INFO - Sync 1 DAGs
[2024-03-31T23:17:33.498+0000] {logging_mixin.py:188} INFO - [2024-03-31T23:17:33.498+0000] {dag.py:3834} INFO - Setting next_dagrun for latest_only to 2024-03-31 16:00:00+00:00, run_after=2024-03-31 20:00:00+00:00
[2024-03-31T23:17:33.539+0000] {processor.py:183} INFO - Processing /home/airflow/.local/lib/python3.8/site-packages/airflow/example_dags/example_latest_only.py took 0.148 seconds
[2024-03-31T23:18:04.605+0000] {processor.py:161} INFO - Started process (PID=178) to work on /home/airflow/.local/lib/python3.8/site-packages/airflow/example_dags/example_latest_only.py
[2024-03-31T23:18:04.609+0000] {processor.py:830} INFO - Processing file /home/airflow/.local/lib/python3.8/site-packages/airflow/example_dags/example_latest_only.py for tasks to queue
[2024-03-31T23:18:04.620+0000] {logging_mixin.py:188} INFO - [2024-03-31T23:18:04.619+0000] {dagbag.py:540} INFO - Filling up the DagBag from /home/airflow/.local/lib/python3.8/site-packages/airflow/example_dags/example_latest_only.py
[2024-03-31T23:18:04.640+0000] {processor.py:840} INFO - DAG(s) 'latest_only' retrieved from /home/airflow/.local/lib/python3.8/site-packages/airflow/example_dags/example_latest_only.py
[2024-03-31T23:18:04.717+0000] {logging_mixin.py:188} INFO - [2024-03-31T23:18:04.716+0000] {dag.py:3047} INFO - Sync 1 DAGs
[2024-03-31T23:18:04.893+0000] {logging_mixin.py:188} INFO - [2024-03-31T23:18:04.892+0000] {dag.py:3834} INFO - Setting next_dagrun for latest_only to 2024-03-31 16:00:00+00:00, run_after=2024-03-31 20:00:00+00:00
[2024-03-31T23:18:04.970+0000] {processor.py:183} INFO - Processing /home/airflow/.local/lib/python3.8/site-packages/airflow/example_dags/example_latest_only.py took 0.373 seconds
[2024-03-31T23:18:35.399+0000] {processor.py:161} INFO - Started process (PID=233) to work on /home/airflow/.local/lib/python3.8/site-packages/airflow/example_dags/example_latest_only.py
[2024-03-31T23:18:35.417+0000] {processor.py:830} INFO - Processing file /home/airflow/.local/lib/python3.8/site-packages/airflow/example_dags/example_latest_only.py for tasks to queue
[2024-03-31T23:18:35.423+0000] {logging_mixin.py:188} INFO - [2024-03-31T23:18:35.423+0000] {dagbag.py:540} INFO - Filling up the DagBag from /home/airflow/.local/lib/python3.8/site-packages/airflow/example_dags/example_latest_only.py
[2024-03-31T23:18:35.444+0000] {processor.py:840} INFO - DAG(s) 'latest_only' retrieved from /home/airflow/.local/lib/python3.8/site-packages/airflow/example_dags/example_latest_only.py
[2024-03-31T23:18:35.536+0000] {logging_mixin.py:188} INFO - [2024-03-31T23:18:35.535+0000] {dag.py:3047} INFO - Sync 1 DAGs
[2024-03-31T23:18:35.642+0000] {logging_mixin.py:188} INFO - [2024-03-31T23:18:35.641+0000] {dag.py:3834} INFO - Setting next_dagrun for latest_only to 2024-03-31 16:00:00+00:00, run_after=2024-03-31 20:00:00+00:00
[2024-03-31T23:18:35.773+0000] {processor.py:183} INFO - Processing /home/airflow/.local/lib/python3.8/site-packages/airflow/example_dags/example_latest_only.py took 0.380 seconds
[2024-03-31T23:19:08.080+0000] {processor.py:161} INFO - Started process (PID=288) to work on /home/airflow/.local/lib/python3.8/site-packages/airflow/example_dags/example_latest_only.py
[2024-03-31T23:19:08.082+0000] {processor.py:830} INFO - Processing file /home/airflow/.local/lib/python3.8/site-packages/airflow/example_dags/example_latest_only.py for tasks to queue
[2024-03-31T23:19:08.086+0000] {logging_mixin.py:188} INFO - [2024-03-31T23:19:08.086+0000] {dagbag.py:540} INFO - Filling up the DagBag from /home/airflow/.local/lib/python3.8/site-packages/airflow/example_dags/example_latest_only.py
[2024-03-31T23:19:08.101+0000] {processor.py:840} INFO - DAG(s) 'latest_only' retrieved from /home/airflow/.local/lib/python3.8/site-packages/airflow/example_dags/example_latest_only.py
[2024-03-31T23:19:08.195+0000] {logging_mixin.py:188} INFO - [2024-03-31T23:19:08.194+0000] {dag.py:3047} INFO - Sync 1 DAGs
[2024-03-31T23:19:08.281+0000] {logging_mixin.py:188} INFO - [2024-03-31T23:19:08.280+0000] {dag.py:3834} INFO - Setting next_dagrun for latest_only to 2024-03-31 16:00:00+00:00, run_after=2024-03-31 20:00:00+00:00
[2024-03-31T23:19:08.345+0000] {processor.py:183} INFO - Processing /home/airflow/.local/lib/python3.8/site-packages/airflow/example_dags/example_latest_only.py took 0.277 seconds
