[2024-03-31T23:16:55.463+0000] {processor.py:161} INFO - Started process (PID=48) to work on /home/airflow/.local/lib/python3.8/site-packages/airflow/example_dags/example_task_group.py
[2024-03-31T23:16:55.466+0000] {processor.py:830} INFO - Processing file /home/airflow/.local/lib/python3.8/site-packages/airflow/example_dags/example_task_group.py for tasks to queue
[2024-03-31T23:16:55.469+0000] {logging_mixin.py:188} INFO - [2024-03-31T23:16:55.469+0000] {dagbag.py:540} INFO - Filling up the DagBag from /home/airflow/.local/lib/python3.8/site-packages/airflow/example_dags/example_task_group.py
[2024-03-31T23:16:55.495+0000] {processor.py:840} INFO - DAG(s) 'example_task_group' retrieved from /home/airflow/.local/lib/python3.8/site-packages/airflow/example_dags/example_task_group.py
[2024-03-31T23:16:55.847+0000] {logging_mixin.py:188} INFO - [2024-03-31T23:16:55.845+0000] {override.py:1769} INFO - Created Permission View: can read on DAG:example_task_group
[2024-03-31T23:16:55.885+0000] {logging_mixin.py:188} INFO - [2024-03-31T23:16:55.885+0000] {override.py:1769} INFO - Created Permission View: can delete on DAG:example_task_group
[2024-03-31T23:16:55.909+0000] {logging_mixin.py:188} INFO - [2024-03-31T23:16:55.908+0000] {override.py:1769} INFO - Created Permission View: can edit on DAG:example_task_group
[2024-03-31T23:16:55.910+0000] {logging_mixin.py:188} INFO - [2024-03-31T23:16:55.910+0000] {dag.py:3047} INFO - Sync 1 DAGs
[2024-03-31T23:16:55.944+0000] {logging_mixin.py:188} INFO - [2024-03-31T23:16:55.944+0000] {dag.py:3069} INFO - Creating ORM DAG for example_task_group
[2024-03-31T23:16:55.974+0000] {logging_mixin.py:188} INFO - [2024-03-31T23:16:55.973+0000] {dag.py:3834} INFO - Setting next_dagrun for example_task_group to 2024-03-30 00:00:00+00:00, run_after=2024-03-31 00:00:00+00:00
[2024-03-31T23:16:56.028+0000] {processor.py:183} INFO - Processing /home/airflow/.local/lib/python3.8/site-packages/airflow/example_dags/example_task_group.py took 0.575 seconds
[2024-03-31T23:17:26.879+0000] {processor.py:161} INFO - Started process (PID=102) to work on /home/airflow/.local/lib/python3.8/site-packages/airflow/example_dags/example_task_group.py
[2024-03-31T23:17:26.883+0000] {processor.py:830} INFO - Processing file /home/airflow/.local/lib/python3.8/site-packages/airflow/example_dags/example_task_group.py for tasks to queue
[2024-03-31T23:17:26.889+0000] {logging_mixin.py:188} INFO - [2024-03-31T23:17:26.887+0000] {dagbag.py:540} INFO - Filling up the DagBag from /home/airflow/.local/lib/python3.8/site-packages/airflow/example_dags/example_task_group.py
[2024-03-31T23:17:26.907+0000] {processor.py:840} INFO - DAG(s) 'example_task_group' retrieved from /home/airflow/.local/lib/python3.8/site-packages/airflow/example_dags/example_task_group.py
[2024-03-31T23:17:26.963+0000] {logging_mixin.py:188} INFO - [2024-03-31T23:17:26.962+0000] {dag.py:3047} INFO - Sync 1 DAGs
[2024-03-31T23:17:27.052+0000] {logging_mixin.py:188} INFO - [2024-03-31T23:17:27.051+0000] {dag.py:3834} INFO - Setting next_dagrun for example_task_group to 2024-03-30 00:00:00+00:00, run_after=2024-03-31 00:00:00+00:00
[2024-03-31T23:17:27.125+0000] {processor.py:183} INFO - Processing /home/airflow/.local/lib/python3.8/site-packages/airflow/example_dags/example_task_group.py took 0.272 seconds
[2024-03-31T23:17:57.636+0000] {processor.py:161} INFO - Started process (PID=158) to work on /home/airflow/.local/lib/python3.8/site-packages/airflow/example_dags/example_task_group.py
[2024-03-31T23:17:57.638+0000] {processor.py:830} INFO - Processing file /home/airflow/.local/lib/python3.8/site-packages/airflow/example_dags/example_task_group.py for tasks to queue
[2024-03-31T23:17:57.641+0000] {logging_mixin.py:188} INFO - [2024-03-31T23:17:57.640+0000] {dagbag.py:540} INFO - Filling up the DagBag from /home/airflow/.local/lib/python3.8/site-packages/airflow/example_dags/example_task_group.py
[2024-03-31T23:17:57.653+0000] {processor.py:840} INFO - DAG(s) 'example_task_group' retrieved from /home/airflow/.local/lib/python3.8/site-packages/airflow/example_dags/example_task_group.py
[2024-03-31T23:17:57.692+0000] {logging_mixin.py:188} INFO - [2024-03-31T23:17:57.692+0000] {dag.py:3047} INFO - Sync 1 DAGs
[2024-03-31T23:17:57.732+0000] {logging_mixin.py:188} INFO - [2024-03-31T23:17:57.732+0000] {dag.py:3834} INFO - Setting next_dagrun for example_task_group to 2024-03-30 00:00:00+00:00, run_after=2024-03-31 00:00:00+00:00
[2024-03-31T23:17:57.763+0000] {processor.py:183} INFO - Processing /home/airflow/.local/lib/python3.8/site-packages/airflow/example_dags/example_task_group.py took 0.133 seconds
[2024-03-31T23:18:28.667+0000] {processor.py:161} INFO - Started process (PID=213) to work on /home/airflow/.local/lib/python3.8/site-packages/airflow/example_dags/example_task_group.py
[2024-03-31T23:18:28.670+0000] {processor.py:830} INFO - Processing file /home/airflow/.local/lib/python3.8/site-packages/airflow/example_dags/example_task_group.py for tasks to queue
[2024-03-31T23:18:28.687+0000] {logging_mixin.py:188} INFO - [2024-03-31T23:18:28.686+0000] {dagbag.py:540} INFO - Filling up the DagBag from /home/airflow/.local/lib/python3.8/site-packages/airflow/example_dags/example_task_group.py
[2024-03-31T23:18:28.725+0000] {processor.py:840} INFO - DAG(s) 'example_task_group' retrieved from /home/airflow/.local/lib/python3.8/site-packages/airflow/example_dags/example_task_group.py
[2024-03-31T23:18:28.815+0000] {logging_mixin.py:188} INFO - [2024-03-31T23:18:28.815+0000] {dag.py:3047} INFO - Sync 1 DAGs
[2024-03-31T23:18:28.890+0000] {logging_mixin.py:188} INFO - [2024-03-31T23:18:28.890+0000] {dag.py:3834} INFO - Setting next_dagrun for example_task_group to 2024-03-30 00:00:00+00:00, run_after=2024-03-31 00:00:00+00:00
[2024-03-31T23:18:28.928+0000] {processor.py:183} INFO - Processing /home/airflow/.local/lib/python3.8/site-packages/airflow/example_dags/example_task_group.py took 0.270 seconds
[2024-03-31T23:18:59.590+0000] {processor.py:161} INFO - Started process (PID=268) to work on /home/airflow/.local/lib/python3.8/site-packages/airflow/example_dags/example_task_group.py
[2024-03-31T23:18:59.593+0000] {processor.py:830} INFO - Processing file /home/airflow/.local/lib/python3.8/site-packages/airflow/example_dags/example_task_group.py for tasks to queue
[2024-03-31T23:18:59.598+0000] {logging_mixin.py:188} INFO - [2024-03-31T23:18:59.597+0000] {dagbag.py:540} INFO - Filling up the DagBag from /home/airflow/.local/lib/python3.8/site-packages/airflow/example_dags/example_task_group.py
[2024-03-31T23:18:59.614+0000] {processor.py:840} INFO - DAG(s) 'example_task_group' retrieved from /home/airflow/.local/lib/python3.8/site-packages/airflow/example_dags/example_task_group.py
[2024-03-31T23:18:59.655+0000] {logging_mixin.py:188} INFO - [2024-03-31T23:18:59.654+0000] {dag.py:3047} INFO - Sync 1 DAGs
[2024-03-31T23:18:59.723+0000] {logging_mixin.py:188} INFO - [2024-03-31T23:18:59.723+0000] {dag.py:3834} INFO - Setting next_dagrun for example_task_group to 2024-03-30 00:00:00+00:00, run_after=2024-03-31 00:00:00+00:00
[2024-03-31T23:18:59.774+0000] {processor.py:183} INFO - Processing /home/airflow/.local/lib/python3.8/site-packages/airflow/example_dags/example_task_group.py took 0.192 seconds
[2024-03-31T23:19:30.736+0000] {processor.py:161} INFO - Started process (PID=323) to work on /home/airflow/.local/lib/python3.8/site-packages/airflow/example_dags/example_task_group.py
[2024-03-31T23:19:30.739+0000] {processor.py:830} INFO - Processing file /home/airflow/.local/lib/python3.8/site-packages/airflow/example_dags/example_task_group.py for tasks to queue
[2024-03-31T23:19:30.747+0000] {logging_mixin.py:188} INFO - [2024-03-31T23:19:30.747+0000] {dagbag.py:540} INFO - Filling up the DagBag from /home/airflow/.local/lib/python3.8/site-packages/airflow/example_dags/example_task_group.py
[2024-03-31T23:19:30.768+0000] {processor.py:840} INFO - DAG(s) 'example_task_group' retrieved from /home/airflow/.local/lib/python3.8/site-packages/airflow/example_dags/example_task_group.py
[2024-03-31T23:19:30.842+0000] {logging_mixin.py:188} INFO - [2024-03-31T23:19:30.842+0000] {dag.py:3047} INFO - Sync 1 DAGs
[2024-03-31T23:19:30.927+0000] {logging_mixin.py:188} INFO - [2024-03-31T23:19:30.927+0000] {dag.py:3834} INFO - Setting next_dagrun for example_task_group to 2024-03-30 00:00:00+00:00, run_after=2024-03-31 00:00:00+00:00
[2024-03-31T23:19:31.001+0000] {processor.py:183} INFO - Processing /home/airflow/.local/lib/python3.8/site-packages/airflow/example_dags/example_task_group.py took 0.272 seconds
