[2024-03-31T23:17:08.359+0000] {processor.py:161} INFO - Started process (PID=87) to work on /home/airflow/.local/lib/python3.8/site-packages/airflow/example_dags/example_branch_python_dop_operator_3.py
[2024-03-31T23:17:08.361+0000] {processor.py:830} INFO - Processing file /home/airflow/.local/lib/python3.8/site-packages/airflow/example_dags/example_branch_python_dop_operator_3.py for tasks to queue
[2024-03-31T23:17:08.364+0000] {logging_mixin.py:188} INFO - [2024-03-31T23:17:08.364+0000] {dagbag.py:540} INFO - Filling up the DagBag from /home/airflow/.local/lib/python3.8/site-packages/airflow/example_dags/example_branch_python_dop_operator_3.py
[2024-03-31T23:17:08.386+0000] {processor.py:840} INFO - DAG(s) 'example_branch_dop_operator_v3' retrieved from /home/airflow/.local/lib/python3.8/site-packages/airflow/example_dags/example_branch_python_dop_operator_3.py
[2024-03-31T23:17:08.619+0000] {logging_mixin.py:188} INFO - [2024-03-31T23:17:08.618+0000] {override.py:1769} INFO - Created Permission View: can read on DAG:example_branch_dop_operator_v3
[2024-03-31T23:17:08.637+0000] {logging_mixin.py:188} INFO - [2024-03-31T23:17:08.637+0000] {override.py:1769} INFO - Created Permission View: can delete on DAG:example_branch_dop_operator_v3
[2024-03-31T23:17:08.649+0000] {logging_mixin.py:188} INFO - [2024-03-31T23:17:08.648+0000] {override.py:1769} INFO - Created Permission View: can edit on DAG:example_branch_dop_operator_v3
[2024-03-31T23:17:08.651+0000] {logging_mixin.py:188} INFO - [2024-03-31T23:17:08.650+0000] {dag.py:3047} INFO - Sync 1 DAGs
[2024-03-31T23:17:08.672+0000] {logging_mixin.py:188} INFO - [2024-03-31T23:17:08.671+0000] {dag.py:3069} INFO - Creating ORM DAG for example_branch_dop_operator_v3
[2024-03-31T23:17:08.699+0000] {logging_mixin.py:188} INFO - [2024-03-31T23:17:08.699+0000] {dag.py:3834} INFO - Setting next_dagrun for example_branch_dop_operator_v3 to 2024-03-31 23:16:00+00:00, run_after=2024-03-31 23:17:00+00:00
[2024-03-31T23:17:08.729+0000] {processor.py:183} INFO - Processing /home/airflow/.local/lib/python3.8/site-packages/airflow/example_dags/example_branch_python_dop_operator_3.py took 0.381 seconds
[2024-03-31T23:17:39.711+0000] {processor.py:161} INFO - Started process (PID=142) to work on /home/airflow/.local/lib/python3.8/site-packages/airflow/example_dags/example_branch_python_dop_operator_3.py
[2024-03-31T23:17:39.720+0000] {processor.py:830} INFO - Processing file /home/airflow/.local/lib/python3.8/site-packages/airflow/example_dags/example_branch_python_dop_operator_3.py for tasks to queue
[2024-03-31T23:17:39.725+0000] {logging_mixin.py:188} INFO - [2024-03-31T23:17:39.724+0000] {dagbag.py:540} INFO - Filling up the DagBag from /home/airflow/.local/lib/python3.8/site-packages/airflow/example_dags/example_branch_python_dop_operator_3.py
[2024-03-31T23:17:39.796+0000] {processor.py:840} INFO - DAG(s) 'example_branch_dop_operator_v3' retrieved from /home/airflow/.local/lib/python3.8/site-packages/airflow/example_dags/example_branch_python_dop_operator_3.py
[2024-03-31T23:17:39.902+0000] {logging_mixin.py:188} INFO - [2024-03-31T23:17:39.902+0000] {dag.py:3047} INFO - Sync 1 DAGs
[2024-03-31T23:17:40.066+0000] {logging_mixin.py:188} INFO - [2024-03-31T23:17:40.065+0000] {dag.py:3834} INFO - Setting next_dagrun for example_branch_dop_operator_v3 to 2024-03-31 23:16:00+00:00, run_after=2024-03-31 23:17:00+00:00
[2024-03-31T23:17:40.122+0000] {processor.py:183} INFO - Processing /home/airflow/.local/lib/python3.8/site-packages/airflow/example_dags/example_branch_python_dop_operator_3.py took 0.422 seconds
[2024-03-31T23:18:12.607+0000] {processor.py:161} INFO - Started process (PID=197) to work on /home/airflow/.local/lib/python3.8/site-packages/airflow/example_dags/example_branch_python_dop_operator_3.py
[2024-03-31T23:18:12.624+0000] {processor.py:830} INFO - Processing file /home/airflow/.local/lib/python3.8/site-packages/airflow/example_dags/example_branch_python_dop_operator_3.py for tasks to queue
[2024-03-31T23:18:12.631+0000] {logging_mixin.py:188} INFO - [2024-03-31T23:18:12.629+0000] {dagbag.py:540} INFO - Filling up the DagBag from /home/airflow/.local/lib/python3.8/site-packages/airflow/example_dags/example_branch_python_dop_operator_3.py
[2024-03-31T23:18:12.673+0000] {processor.py:840} INFO - DAG(s) 'example_branch_dop_operator_v3' retrieved from /home/airflow/.local/lib/python3.8/site-packages/airflow/example_dags/example_branch_python_dop_operator_3.py
[2024-03-31T23:18:12.784+0000] {logging_mixin.py:188} INFO - [2024-03-31T23:18:12.783+0000] {dag.py:3047} INFO - Sync 1 DAGs
[2024-03-31T23:18:12.970+0000] {logging_mixin.py:188} INFO - [2024-03-31T23:18:12.970+0000] {dag.py:3834} INFO - Setting next_dagrun for example_branch_dop_operator_v3 to 2024-03-31 23:17:00+00:00, run_after=2024-03-31 23:18:00+00:00
[2024-03-31T23:18:13.104+0000] {processor.py:183} INFO - Processing /home/airflow/.local/lib/python3.8/site-packages/airflow/example_dags/example_branch_python_dop_operator_3.py took 0.510 seconds
[2024-03-31T23:18:43.741+0000] {processor.py:161} INFO - Started process (PID=252) to work on /home/airflow/.local/lib/python3.8/site-packages/airflow/example_dags/example_branch_python_dop_operator_3.py
[2024-03-31T23:18:43.743+0000] {processor.py:830} INFO - Processing file /home/airflow/.local/lib/python3.8/site-packages/airflow/example_dags/example_branch_python_dop_operator_3.py for tasks to queue
[2024-03-31T23:18:43.747+0000] {logging_mixin.py:188} INFO - [2024-03-31T23:18:43.747+0000] {dagbag.py:540} INFO - Filling up the DagBag from /home/airflow/.local/lib/python3.8/site-packages/airflow/example_dags/example_branch_python_dop_operator_3.py
[2024-03-31T23:18:43.766+0000] {processor.py:840} INFO - DAG(s) 'example_branch_dop_operator_v3' retrieved from /home/airflow/.local/lib/python3.8/site-packages/airflow/example_dags/example_branch_python_dop_operator_3.py
[2024-03-31T23:18:43.801+0000] {logging_mixin.py:188} INFO - [2024-03-31T23:18:43.800+0000] {dag.py:3047} INFO - Sync 1 DAGs
[2024-03-31T23:18:43.855+0000] {logging_mixin.py:188} INFO - [2024-03-31T23:18:43.855+0000] {dag.py:3834} INFO - Setting next_dagrun for example_branch_dop_operator_v3 to 2024-03-31 23:17:00+00:00, run_after=2024-03-31 23:18:00+00:00
[2024-03-31T23:18:43.900+0000] {processor.py:183} INFO - Processing /home/airflow/.local/lib/python3.8/site-packages/airflow/example_dags/example_branch_python_dop_operator_3.py took 0.165 seconds
[2024-03-31T23:19:14.747+0000] {processor.py:161} INFO - Started process (PID=307) to work on /home/airflow/.local/lib/python3.8/site-packages/airflow/example_dags/example_branch_python_dop_operator_3.py
[2024-03-31T23:19:14.749+0000] {processor.py:830} INFO - Processing file /home/airflow/.local/lib/python3.8/site-packages/airflow/example_dags/example_branch_python_dop_operator_3.py for tasks to queue
[2024-03-31T23:19:14.753+0000] {logging_mixin.py:188} INFO - [2024-03-31T23:19:14.752+0000] {dagbag.py:540} INFO - Filling up the DagBag from /home/airflow/.local/lib/python3.8/site-packages/airflow/example_dags/example_branch_python_dop_operator_3.py
[2024-03-31T23:19:14.772+0000] {processor.py:840} INFO - DAG(s) 'example_branch_dop_operator_v3' retrieved from /home/airflow/.local/lib/python3.8/site-packages/airflow/example_dags/example_branch_python_dop_operator_3.py
[2024-03-31T23:19:14.840+0000] {logging_mixin.py:188} INFO - [2024-03-31T23:19:14.840+0000] {dag.py:3047} INFO - Sync 1 DAGs
[2024-03-31T23:19:14.893+0000] {logging_mixin.py:188} INFO - [2024-03-31T23:19:14.892+0000] {dag.py:3834} INFO - Setting next_dagrun for example_branch_dop_operator_v3 to 2024-03-31 23:18:00+00:00, run_after=2024-03-31 23:19:00+00:00
[2024-03-31T23:19:14.945+0000] {processor.py:183} INFO - Processing /home/airflow/.local/lib/python3.8/site-packages/airflow/example_dags/example_branch_python_dop_operator_3.py took 0.205 seconds
