[2024-03-31T23:17:03.247+0000] {processor.py:161} INFO - Started process (PID=69) to work on /home/airflow/.local/lib/python3.8/site-packages/airflow/example_dags/example_bash_operator.py
[2024-03-31T23:17:03.249+0000] {processor.py:830} INFO - Processing file /home/airflow/.local/lib/python3.8/site-packages/airflow/example_dags/example_bash_operator.py for tasks to queue
[2024-03-31T23:17:03.253+0000] {logging_mixin.py:188} INFO - [2024-03-31T23:17:03.252+0000] {dagbag.py:540} INFO - Filling up the DagBag from /home/airflow/.local/lib/python3.8/site-packages/airflow/example_dags/example_bash_operator.py
[2024-03-31T23:17:03.281+0000] {processor.py:840} INFO - DAG(s) 'example_bash_operator' retrieved from /home/airflow/.local/lib/python3.8/site-packages/airflow/example_dags/example_bash_operator.py
[2024-03-31T23:17:03.559+0000] {logging_mixin.py:188} INFO - [2024-03-31T23:17:03.558+0000] {override.py:1769} INFO - Created Permission View: can read on DAG:example_bash_operator
[2024-03-31T23:17:03.579+0000] {logging_mixin.py:188} INFO - [2024-03-31T23:17:03.578+0000] {override.py:1769} INFO - Created Permission View: can delete on DAG:example_bash_operator
[2024-03-31T23:17:03.594+0000] {logging_mixin.py:188} INFO - [2024-03-31T23:17:03.593+0000] {override.py:1769} INFO - Created Permission View: can edit on DAG:example_bash_operator
[2024-03-31T23:17:03.595+0000] {logging_mixin.py:188} INFO - [2024-03-31T23:17:03.595+0000] {dag.py:3047} INFO - Sync 1 DAGs
[2024-03-31T23:17:03.622+0000] {logging_mixin.py:188} INFO - [2024-03-31T23:17:03.621+0000] {dag.py:3069} INFO - Creating ORM DAG for example_bash_operator
[2024-03-31T23:17:03.644+0000] {logging_mixin.py:188} INFO - [2024-03-31T23:17:03.643+0000] {dag.py:3834} INFO - Setting next_dagrun for example_bash_operator to 2024-03-30 00:00:00+00:00, run_after=2024-03-31 00:00:00+00:00
[2024-03-31T23:17:03.696+0000] {processor.py:183} INFO - Processing /home/airflow/.local/lib/python3.8/site-packages/airflow/example_dags/example_bash_operator.py took 0.455 seconds
[2024-03-31T23:17:34.657+0000] {processor.py:161} INFO - Started process (PID=124) to work on /home/airflow/.local/lib/python3.8/site-packages/airflow/example_dags/example_bash_operator.py
[2024-03-31T23:17:34.664+0000] {processor.py:830} INFO - Processing file /home/airflow/.local/lib/python3.8/site-packages/airflow/example_dags/example_bash_operator.py for tasks to queue
[2024-03-31T23:17:34.669+0000] {logging_mixin.py:188} INFO - [2024-03-31T23:17:34.668+0000] {dagbag.py:540} INFO - Filling up the DagBag from /home/airflow/.local/lib/python3.8/site-packages/airflow/example_dags/example_bash_operator.py
[2024-03-31T23:17:34.704+0000] {processor.py:840} INFO - DAG(s) 'example_bash_operator' retrieved from /home/airflow/.local/lib/python3.8/site-packages/airflow/example_dags/example_bash_operator.py
[2024-03-31T23:17:34.792+0000] {logging_mixin.py:188} INFO - [2024-03-31T23:17:34.792+0000] {dag.py:3047} INFO - Sync 1 DAGs
[2024-03-31T23:17:34.864+0000] {logging_mixin.py:188} INFO - [2024-03-31T23:17:34.863+0000] {dag.py:3834} INFO - Setting next_dagrun for example_bash_operator to 2024-03-30 00:00:00+00:00, run_after=2024-03-31 00:00:00+00:00
[2024-03-31T23:17:34.934+0000] {processor.py:183} INFO - Processing /home/airflow/.local/lib/python3.8/site-packages/airflow/example_dags/example_bash_operator.py took 0.288 seconds
[2024-03-31T23:18:05.108+0000] {processor.py:161} INFO - Started process (PID=179) to work on /home/airflow/.local/lib/python3.8/site-packages/airflow/example_dags/example_bash_operator.py
[2024-03-31T23:18:05.113+0000] {processor.py:830} INFO - Processing file /home/airflow/.local/lib/python3.8/site-packages/airflow/example_dags/example_bash_operator.py for tasks to queue
[2024-03-31T23:18:05.120+0000] {logging_mixin.py:188} INFO - [2024-03-31T23:18:05.120+0000] {dagbag.py:540} INFO - Filling up the DagBag from /home/airflow/.local/lib/python3.8/site-packages/airflow/example_dags/example_bash_operator.py
[2024-03-31T23:18:05.151+0000] {processor.py:840} INFO - DAG(s) 'example_bash_operator' retrieved from /home/airflow/.local/lib/python3.8/site-packages/airflow/example_dags/example_bash_operator.py
[2024-03-31T23:18:05.307+0000] {logging_mixin.py:188} INFO - [2024-03-31T23:18:05.306+0000] {dag.py:3047} INFO - Sync 1 DAGs
[2024-03-31T23:18:05.477+0000] {logging_mixin.py:188} INFO - [2024-03-31T23:18:05.476+0000] {dag.py:3834} INFO - Setting next_dagrun for example_bash_operator to 2024-03-30 00:00:00+00:00, run_after=2024-03-31 00:00:00+00:00
[2024-03-31T23:18:05.765+0000] {processor.py:183} INFO - Processing /home/airflow/.local/lib/python3.8/site-packages/airflow/example_dags/example_bash_operator.py took 0.673 seconds
[2024-03-31T23:18:36.505+0000] {processor.py:161} INFO - Started process (PID=234) to work on /home/airflow/.local/lib/python3.8/site-packages/airflow/example_dags/example_bash_operator.py
[2024-03-31T23:18:36.510+0000] {processor.py:830} INFO - Processing file /home/airflow/.local/lib/python3.8/site-packages/airflow/example_dags/example_bash_operator.py for tasks to queue
[2024-03-31T23:18:36.530+0000] {logging_mixin.py:188} INFO - [2024-03-31T23:18:36.529+0000] {dagbag.py:540} INFO - Filling up the DagBag from /home/airflow/.local/lib/python3.8/site-packages/airflow/example_dags/example_bash_operator.py
[2024-03-31T23:18:36.583+0000] {processor.py:840} INFO - DAG(s) 'example_bash_operator' retrieved from /home/airflow/.local/lib/python3.8/site-packages/airflow/example_dags/example_bash_operator.py
[2024-03-31T23:18:36.767+0000] {logging_mixin.py:188} INFO - [2024-03-31T23:18:36.766+0000] {dag.py:3047} INFO - Sync 1 DAGs
[2024-03-31T23:18:36.956+0000] {logging_mixin.py:188} INFO - [2024-03-31T23:18:36.955+0000] {dag.py:3834} INFO - Setting next_dagrun for example_bash_operator to 2024-03-30 00:00:00+00:00, run_after=2024-03-31 00:00:00+00:00
[2024-03-31T23:18:37.072+0000] {processor.py:183} INFO - Processing /home/airflow/.local/lib/python3.8/site-packages/airflow/example_dags/example_bash_operator.py took 0.584 seconds
[2024-03-31T23:19:08.299+0000] {processor.py:161} INFO - Started process (PID=289) to work on /home/airflow/.local/lib/python3.8/site-packages/airflow/example_dags/example_bash_operator.py
[2024-03-31T23:19:08.301+0000] {processor.py:830} INFO - Processing file /home/airflow/.local/lib/python3.8/site-packages/airflow/example_dags/example_bash_operator.py for tasks to queue
[2024-03-31T23:19:08.312+0000] {logging_mixin.py:188} INFO - [2024-03-31T23:19:08.311+0000] {dagbag.py:540} INFO - Filling up the DagBag from /home/airflow/.local/lib/python3.8/site-packages/airflow/example_dags/example_bash_operator.py
[2024-03-31T23:19:08.346+0000] {processor.py:840} INFO - DAG(s) 'example_bash_operator' retrieved from /home/airflow/.local/lib/python3.8/site-packages/airflow/example_dags/example_bash_operator.py
[2024-03-31T23:19:08.435+0000] {logging_mixin.py:188} INFO - [2024-03-31T23:19:08.435+0000] {dag.py:3047} INFO - Sync 1 DAGs
[2024-03-31T23:19:08.513+0000] {logging_mixin.py:188} INFO - [2024-03-31T23:19:08.512+0000] {dag.py:3834} INFO - Setting next_dagrun for example_bash_operator to 2024-03-30 00:00:00+00:00, run_after=2024-03-31 00:00:00+00:00
[2024-03-31T23:19:08.557+0000] {processor.py:183} INFO - Processing /home/airflow/.local/lib/python3.8/site-packages/airflow/example_dags/example_bash_operator.py took 0.262 seconds
