[2024-03-31T23:17:03.749+0000] {processor.py:161} INFO - Started process (PID=71) to work on /home/airflow/.local/lib/python3.8/site-packages/airflow/example_dags/example_nested_branch_dag.py
[2024-03-31T23:17:03.750+0000] {processor.py:830} INFO - Processing file /home/airflow/.local/lib/python3.8/site-packages/airflow/example_dags/example_nested_branch_dag.py for tasks to queue
[2024-03-31T23:17:03.753+0000] {logging_mixin.py:188} INFO - [2024-03-31T23:17:03.753+0000] {dagbag.py:540} INFO - Filling up the DagBag from /home/airflow/.local/lib/python3.8/site-packages/airflow/example_dags/example_nested_branch_dag.py
[2024-03-31T23:17:03.772+0000] {processor.py:840} INFO - DAG(s) 'example_nested_branch_dag' retrieved from /home/airflow/.local/lib/python3.8/site-packages/airflow/example_dags/example_nested_branch_dag.py
[2024-03-31T23:17:04.199+0000] {logging_mixin.py:188} INFO - [2024-03-31T23:17:04.197+0000] {override.py:1769} INFO - Created Permission View: can read on DAG:example_nested_branch_dag
[2024-03-31T23:17:04.240+0000] {logging_mixin.py:188} INFO - [2024-03-31T23:17:04.239+0000] {override.py:1769} INFO - Created Permission View: can delete on DAG:example_nested_branch_dag
[2024-03-31T23:17:04.271+0000] {logging_mixin.py:188} INFO - [2024-03-31T23:17:04.271+0000] {override.py:1769} INFO - Created Permission View: can edit on DAG:example_nested_branch_dag
[2024-03-31T23:17:04.273+0000] {logging_mixin.py:188} INFO - [2024-03-31T23:17:04.272+0000] {dag.py:3047} INFO - Sync 1 DAGs
[2024-03-31T23:17:04.323+0000] {logging_mixin.py:188} INFO - [2024-03-31T23:17:04.322+0000] {dag.py:3069} INFO - Creating ORM DAG for example_nested_branch_dag
[2024-03-31T23:17:04.353+0000] {logging_mixin.py:188} INFO - [2024-03-31T23:17:04.353+0000] {dag.py:3834} INFO - Setting next_dagrun for example_nested_branch_dag to 2024-03-30 00:00:00+00:00, run_after=2024-03-31 00:00:00+00:00
[2024-03-31T23:17:04.407+0000] {processor.py:183} INFO - Processing /home/airflow/.local/lib/python3.8/site-packages/airflow/example_dags/example_nested_branch_dag.py took 0.666 seconds
[2024-03-31T23:17:34.946+0000] {processor.py:161} INFO - Started process (PID=126) to work on /home/airflow/.local/lib/python3.8/site-packages/airflow/example_dags/example_nested_branch_dag.py
[2024-03-31T23:17:34.948+0000] {processor.py:830} INFO - Processing file /home/airflow/.local/lib/python3.8/site-packages/airflow/example_dags/example_nested_branch_dag.py for tasks to queue
[2024-03-31T23:17:34.952+0000] {logging_mixin.py:188} INFO - [2024-03-31T23:17:34.952+0000] {dagbag.py:540} INFO - Filling up the DagBag from /home/airflow/.local/lib/python3.8/site-packages/airflow/example_dags/example_nested_branch_dag.py
[2024-03-31T23:17:34.979+0000] {processor.py:840} INFO - DAG(s) 'example_nested_branch_dag' retrieved from /home/airflow/.local/lib/python3.8/site-packages/airflow/example_dags/example_nested_branch_dag.py
[2024-03-31T23:17:35.042+0000] {logging_mixin.py:188} INFO - [2024-03-31T23:17:35.041+0000] {dag.py:3047} INFO - Sync 1 DAGs
[2024-03-31T23:17:35.113+0000] {logging_mixin.py:188} INFO - [2024-03-31T23:17:35.113+0000] {dag.py:3834} INFO - Setting next_dagrun for example_nested_branch_dag to 2024-03-30 00:00:00+00:00, run_after=2024-03-31 00:00:00+00:00
[2024-03-31T23:17:35.162+0000] {processor.py:183} INFO - Processing /home/airflow/.local/lib/python3.8/site-packages/airflow/example_dags/example_nested_branch_dag.py took 0.231 seconds
[2024-03-31T23:18:06.043+0000] {processor.py:161} INFO - Started process (PID=181) to work on /home/airflow/.local/lib/python3.8/site-packages/airflow/example_dags/example_nested_branch_dag.py
[2024-03-31T23:18:06.047+0000] {processor.py:830} INFO - Processing file /home/airflow/.local/lib/python3.8/site-packages/airflow/example_dags/example_nested_branch_dag.py for tasks to queue
[2024-03-31T23:18:06.064+0000] {logging_mixin.py:188} INFO - [2024-03-31T23:18:06.062+0000] {dagbag.py:540} INFO - Filling up the DagBag from /home/airflow/.local/lib/python3.8/site-packages/airflow/example_dags/example_nested_branch_dag.py
[2024-03-31T23:18:06.150+0000] {processor.py:840} INFO - DAG(s) 'example_nested_branch_dag' retrieved from /home/airflow/.local/lib/python3.8/site-packages/airflow/example_dags/example_nested_branch_dag.py
[2024-03-31T23:18:06.520+0000] {logging_mixin.py:188} INFO - [2024-03-31T23:18:06.519+0000] {dag.py:3047} INFO - Sync 1 DAGs
[2024-03-31T23:18:06.901+0000] {logging_mixin.py:188} INFO - [2024-03-31T23:18:06.900+0000] {dag.py:3834} INFO - Setting next_dagrun for example_nested_branch_dag to 2024-03-30 00:00:00+00:00, run_after=2024-03-31 00:00:00+00:00
[2024-03-31T23:18:07.068+0000] {processor.py:183} INFO - Processing /home/airflow/.local/lib/python3.8/site-packages/airflow/example_dags/example_nested_branch_dag.py took 1.046 seconds
[2024-03-31T23:18:37.282+0000] {processor.py:161} INFO - Started process (PID=236) to work on /home/airflow/.local/lib/python3.8/site-packages/airflow/example_dags/example_nested_branch_dag.py
[2024-03-31T23:18:37.286+0000] {processor.py:830} INFO - Processing file /home/airflow/.local/lib/python3.8/site-packages/airflow/example_dags/example_nested_branch_dag.py for tasks to queue
[2024-03-31T23:18:37.298+0000] {logging_mixin.py:188} INFO - [2024-03-31T23:18:37.297+0000] {dagbag.py:540} INFO - Filling up the DagBag from /home/airflow/.local/lib/python3.8/site-packages/airflow/example_dags/example_nested_branch_dag.py
[2024-03-31T23:18:37.348+0000] {processor.py:840} INFO - DAG(s) 'example_nested_branch_dag' retrieved from /home/airflow/.local/lib/python3.8/site-packages/airflow/example_dags/example_nested_branch_dag.py
[2024-03-31T23:18:37.445+0000] {logging_mixin.py:188} INFO - [2024-03-31T23:18:37.444+0000] {dag.py:3047} INFO - Sync 1 DAGs
[2024-03-31T23:18:37.536+0000] {logging_mixin.py:188} INFO - [2024-03-31T23:18:37.535+0000] {dag.py:3834} INFO - Setting next_dagrun for example_nested_branch_dag to 2024-03-30 00:00:00+00:00, run_after=2024-03-31 00:00:00+00:00
[2024-03-31T23:18:37.604+0000] {processor.py:183} INFO - Processing /home/airflow/.local/lib/python3.8/site-packages/airflow/example_dags/example_nested_branch_dag.py took 0.330 seconds
[2024-03-31T23:19:08.620+0000] {processor.py:161} INFO - Started process (PID=291) to work on /home/airflow/.local/lib/python3.8/site-packages/airflow/example_dags/example_nested_branch_dag.py
[2024-03-31T23:19:08.622+0000] {processor.py:830} INFO - Processing file /home/airflow/.local/lib/python3.8/site-packages/airflow/example_dags/example_nested_branch_dag.py for tasks to queue
[2024-03-31T23:19:08.628+0000] {logging_mixin.py:188} INFO - [2024-03-31T23:19:08.628+0000] {dagbag.py:540} INFO - Filling up the DagBag from /home/airflow/.local/lib/python3.8/site-packages/airflow/example_dags/example_nested_branch_dag.py
[2024-03-31T23:19:08.646+0000] {processor.py:840} INFO - DAG(s) 'example_nested_branch_dag' retrieved from /home/airflow/.local/lib/python3.8/site-packages/airflow/example_dags/example_nested_branch_dag.py
[2024-03-31T23:19:08.685+0000] {logging_mixin.py:188} INFO - [2024-03-31T23:19:08.684+0000] {dag.py:3047} INFO - Sync 1 DAGs
[2024-03-31T23:19:08.729+0000] {logging_mixin.py:188} INFO - [2024-03-31T23:19:08.729+0000] {dag.py:3834} INFO - Setting next_dagrun for example_nested_branch_dag to 2024-03-30 00:00:00+00:00, run_after=2024-03-31 00:00:00+00:00
[2024-03-31T23:19:08.770+0000] {processor.py:183} INFO - Processing /home/airflow/.local/lib/python3.8/site-packages/airflow/example_dags/example_nested_branch_dag.py took 0.155 seconds
