[2024-03-31T23:17:07.440+0000] {processor.py:161} INFO - Started process (PID=83) to work on /home/airflow/.local/lib/python3.8/site-packages/airflow/example_dags/example_short_circuit_operator.py
[2024-03-31T23:17:07.442+0000] {processor.py:830} INFO - Processing file /home/airflow/.local/lib/python3.8/site-packages/airflow/example_dags/example_short_circuit_operator.py for tasks to queue
[2024-03-31T23:17:07.446+0000] {logging_mixin.py:188} INFO - [2024-03-31T23:17:07.445+0000] {dagbag.py:540} INFO - Filling up the DagBag from /home/airflow/.local/lib/python3.8/site-packages/airflow/example_dags/example_short_circuit_operator.py
[2024-03-31T23:17:07.471+0000] {processor.py:840} INFO - DAG(s) 'example_short_circuit_operator' retrieved from /home/airflow/.local/lib/python3.8/site-packages/airflow/example_dags/example_short_circuit_operator.py
[2024-03-31T23:17:07.660+0000] {logging_mixin.py:188} INFO - [2024-03-31T23:17:07.659+0000] {override.py:1769} INFO - Created Permission View: can read on DAG:example_short_circuit_operator
[2024-03-31T23:17:07.679+0000] {logging_mixin.py:188} INFO - [2024-03-31T23:17:07.678+0000] {override.py:1769} INFO - Created Permission View: can delete on DAG:example_short_circuit_operator
[2024-03-31T23:17:07.690+0000] {logging_mixin.py:188} INFO - [2024-03-31T23:17:07.690+0000] {override.py:1769} INFO - Created Permission View: can edit on DAG:example_short_circuit_operator
[2024-03-31T23:17:07.691+0000] {logging_mixin.py:188} INFO - [2024-03-31T23:17:07.691+0000] {dag.py:3047} INFO - Sync 1 DAGs
[2024-03-31T23:17:07.718+0000] {logging_mixin.py:188} INFO - [2024-03-31T23:17:07.717+0000] {dag.py:3069} INFO - Creating ORM DAG for example_short_circuit_operator
[2024-03-31T23:17:07.733+0000] {logging_mixin.py:188} INFO - [2024-03-31T23:17:07.733+0000] {dag.py:3834} INFO - Setting next_dagrun for example_short_circuit_operator to 2024-03-30 00:00:00+00:00, run_after=2024-03-31 00:00:00+00:00
[2024-03-31T23:17:07.765+0000] {processor.py:183} INFO - Processing /home/airflow/.local/lib/python3.8/site-packages/airflow/example_dags/example_short_circuit_operator.py took 0.331 seconds
[2024-03-31T23:17:38.755+0000] {processor.py:161} INFO - Started process (PID=138) to work on /home/airflow/.local/lib/python3.8/site-packages/airflow/example_dags/example_short_circuit_operator.py
[2024-03-31T23:17:38.764+0000] {processor.py:830} INFO - Processing file /home/airflow/.local/lib/python3.8/site-packages/airflow/example_dags/example_short_circuit_operator.py for tasks to queue
[2024-03-31T23:17:38.768+0000] {logging_mixin.py:188} INFO - [2024-03-31T23:17:38.768+0000] {dagbag.py:540} INFO - Filling up the DagBag from /home/airflow/.local/lib/python3.8/site-packages/airflow/example_dags/example_short_circuit_operator.py
[2024-03-31T23:17:38.792+0000] {processor.py:840} INFO - DAG(s) 'example_short_circuit_operator' retrieved from /home/airflow/.local/lib/python3.8/site-packages/airflow/example_dags/example_short_circuit_operator.py
[2024-03-31T23:17:38.858+0000] {logging_mixin.py:188} INFO - [2024-03-31T23:17:38.857+0000] {dag.py:3047} INFO - Sync 1 DAGs
[2024-03-31T23:17:38.919+0000] {logging_mixin.py:188} INFO - [2024-03-31T23:17:38.918+0000] {dag.py:3834} INFO - Setting next_dagrun for example_short_circuit_operator to 2024-03-30 00:00:00+00:00, run_after=2024-03-31 00:00:00+00:00
[2024-03-31T23:17:38.975+0000] {processor.py:183} INFO - Processing /home/airflow/.local/lib/python3.8/site-packages/airflow/example_dags/example_short_circuit_operator.py took 0.229 seconds
[2024-03-31T23:18:11.314+0000] {processor.py:161} INFO - Started process (PID=193) to work on /home/airflow/.local/lib/python3.8/site-packages/airflow/example_dags/example_short_circuit_operator.py
[2024-03-31T23:18:11.316+0000] {processor.py:830} INFO - Processing file /home/airflow/.local/lib/python3.8/site-packages/airflow/example_dags/example_short_circuit_operator.py for tasks to queue
[2024-03-31T23:18:11.325+0000] {logging_mixin.py:188} INFO - [2024-03-31T23:18:11.324+0000] {dagbag.py:540} INFO - Filling up the DagBag from /home/airflow/.local/lib/python3.8/site-packages/airflow/example_dags/example_short_circuit_operator.py
[2024-03-31T23:18:11.357+0000] {processor.py:840} INFO - DAG(s) 'example_short_circuit_operator' retrieved from /home/airflow/.local/lib/python3.8/site-packages/airflow/example_dags/example_short_circuit_operator.py
[2024-03-31T23:18:11.443+0000] {logging_mixin.py:188} INFO - [2024-03-31T23:18:11.442+0000] {dag.py:3047} INFO - Sync 1 DAGs
[2024-03-31T23:18:11.556+0000] {logging_mixin.py:188} INFO - [2024-03-31T23:18:11.556+0000] {dag.py:3834} INFO - Setting next_dagrun for example_short_circuit_operator to 2024-03-30 00:00:00+00:00, run_after=2024-03-31 00:00:00+00:00
[2024-03-31T23:18:11.671+0000] {processor.py:183} INFO - Processing /home/airflow/.local/lib/python3.8/site-packages/airflow/example_dags/example_short_circuit_operator.py took 0.375 seconds
[2024-03-31T23:18:42.019+0000] {processor.py:161} INFO - Started process (PID=248) to work on /home/airflow/.local/lib/python3.8/site-packages/airflow/example_dags/example_short_circuit_operator.py
[2024-03-31T23:18:42.020+0000] {processor.py:830} INFO - Processing file /home/airflow/.local/lib/python3.8/site-packages/airflow/example_dags/example_short_circuit_operator.py for tasks to queue
[2024-03-31T23:18:42.023+0000] {logging_mixin.py:188} INFO - [2024-03-31T23:18:42.023+0000] {dagbag.py:540} INFO - Filling up the DagBag from /home/airflow/.local/lib/python3.8/site-packages/airflow/example_dags/example_short_circuit_operator.py
[2024-03-31T23:18:42.039+0000] {processor.py:840} INFO - DAG(s) 'example_short_circuit_operator' retrieved from /home/airflow/.local/lib/python3.8/site-packages/airflow/example_dags/example_short_circuit_operator.py
[2024-03-31T23:18:42.081+0000] {logging_mixin.py:188} INFO - [2024-03-31T23:18:42.081+0000] {dag.py:3047} INFO - Sync 1 DAGs
[2024-03-31T23:18:42.130+0000] {logging_mixin.py:188} INFO - [2024-03-31T23:18:42.130+0000] {dag.py:3834} INFO - Setting next_dagrun for example_short_circuit_operator to 2024-03-30 00:00:00+00:00, run_after=2024-03-31 00:00:00+00:00
[2024-03-31T23:18:42.180+0000] {processor.py:183} INFO - Processing /home/airflow/.local/lib/python3.8/site-packages/airflow/example_dags/example_short_circuit_operator.py took 0.167 seconds
[2024-03-31T23:19:12.445+0000] {processor.py:161} INFO - Started process (PID=302) to work on /home/airflow/.local/lib/python3.8/site-packages/airflow/example_dags/example_short_circuit_operator.py
[2024-03-31T23:19:12.464+0000] {processor.py:830} INFO - Processing file /home/airflow/.local/lib/python3.8/site-packages/airflow/example_dags/example_short_circuit_operator.py for tasks to queue
[2024-03-31T23:19:12.499+0000] {logging_mixin.py:188} INFO - [2024-03-31T23:19:12.496+0000] {dagbag.py:540} INFO - Filling up the DagBag from /home/airflow/.local/lib/python3.8/site-packages/airflow/example_dags/example_short_circuit_operator.py
[2024-03-31T23:19:12.598+0000] {processor.py:840} INFO - DAG(s) 'example_short_circuit_operator' retrieved from /home/airflow/.local/lib/python3.8/site-packages/airflow/example_dags/example_short_circuit_operator.py
[2024-03-31T23:19:12.662+0000] {logging_mixin.py:188} INFO - [2024-03-31T23:19:12.661+0000] {dag.py:3047} INFO - Sync 1 DAGs
[2024-03-31T23:19:12.791+0000] {logging_mixin.py:188} INFO - [2024-03-31T23:19:12.790+0000] {dag.py:3834} INFO - Setting next_dagrun for example_short_circuit_operator to 2024-03-30 00:00:00+00:00, run_after=2024-03-31 00:00:00+00:00
[2024-03-31T23:19:12.863+0000] {processor.py:183} INFO - Processing /home/airflow/.local/lib/python3.8/site-packages/airflow/example_dags/example_short_circuit_operator.py took 0.527 seconds
