[2024-03-31T23:16:56.106+0000] {processor.py:161} INFO - Started process (PID=49) to work on /home/airflow/.local/lib/python3.8/site-packages/airflow/example_dags/example_latest_only_with_trigger.py
[2024-03-31T23:16:56.108+0000] {processor.py:830} INFO - Processing file /home/airflow/.local/lib/python3.8/site-packages/airflow/example_dags/example_latest_only_with_trigger.py for tasks to queue
[2024-03-31T23:16:56.114+0000] {logging_mixin.py:188} INFO - [2024-03-31T23:16:56.112+0000] {dagbag.py:540} INFO - Filling up the DagBag from /home/airflow/.local/lib/python3.8/site-packages/airflow/example_dags/example_latest_only_with_trigger.py
[2024-03-31T23:16:56.136+0000] {processor.py:840} INFO - DAG(s) 'latest_only_with_trigger' retrieved from /home/airflow/.local/lib/python3.8/site-packages/airflow/example_dags/example_latest_only_with_trigger.py
[2024-03-31T23:16:56.499+0000] {logging_mixin.py:188} INFO - [2024-03-31T23:16:56.497+0000] {override.py:1769} INFO - Created Permission View: can read on DAG:latest_only_with_trigger
[2024-03-31T23:16:56.538+0000] {logging_mixin.py:188} INFO - [2024-03-31T23:16:56.537+0000] {override.py:1769} INFO - Created Permission View: can delete on DAG:latest_only_with_trigger
[2024-03-31T23:16:56.562+0000] {logging_mixin.py:188} INFO - [2024-03-31T23:16:56.561+0000] {override.py:1769} INFO - Created Permission View: can edit on DAG:latest_only_with_trigger
[2024-03-31T23:16:56.564+0000] {logging_mixin.py:188} INFO - [2024-03-31T23:16:56.563+0000] {dag.py:3047} INFO - Sync 1 DAGs
[2024-03-31T23:16:56.594+0000] {logging_mixin.py:188} INFO - [2024-03-31T23:16:56.594+0000] {dag.py:3069} INFO - Creating ORM DAG for latest_only_with_trigger
[2024-03-31T23:16:56.619+0000] {logging_mixin.py:188} INFO - [2024-03-31T23:16:56.618+0000] {dag.py:3834} INFO - Setting next_dagrun for latest_only_with_trigger to 2024-03-31 16:00:00+00:00, run_after=2024-03-31 20:00:00+00:00
[2024-03-31T23:16:56.663+0000] {processor.py:183} INFO - Processing /home/airflow/.local/lib/python3.8/site-packages/airflow/example_dags/example_latest_only_with_trigger.py took 0.567 seconds
[2024-03-31T23:17:27.232+0000] {processor.py:161} INFO - Started process (PID=104) to work on /home/airflow/.local/lib/python3.8/site-packages/airflow/example_dags/example_latest_only_with_trigger.py
[2024-03-31T23:17:27.246+0000] {processor.py:830} INFO - Processing file /home/airflow/.local/lib/python3.8/site-packages/airflow/example_dags/example_latest_only_with_trigger.py for tasks to queue
[2024-03-31T23:17:27.255+0000] {logging_mixin.py:188} INFO - [2024-03-31T23:17:27.255+0000] {dagbag.py:540} INFO - Filling up the DagBag from /home/airflow/.local/lib/python3.8/site-packages/airflow/example_dags/example_latest_only_with_trigger.py
[2024-03-31T23:17:27.282+0000] {processor.py:840} INFO - DAG(s) 'latest_only_with_trigger' retrieved from /home/airflow/.local/lib/python3.8/site-packages/airflow/example_dags/example_latest_only_with_trigger.py
[2024-03-31T23:17:27.411+0000] {logging_mixin.py:188} INFO - [2024-03-31T23:17:27.410+0000] {dag.py:3047} INFO - Sync 1 DAGs
[2024-03-31T23:17:27.498+0000] {logging_mixin.py:188} INFO - [2024-03-31T23:17:27.498+0000] {dag.py:3834} INFO - Setting next_dagrun for latest_only_with_trigger to 2024-03-31 16:00:00+00:00, run_after=2024-03-31 20:00:00+00:00
[2024-03-31T23:17:27.549+0000] {processor.py:183} INFO - Processing /home/airflow/.local/lib/python3.8/site-packages/airflow/example_dags/example_latest_only_with_trigger.py took 0.355 seconds
[2024-03-31T23:17:57.803+0000] {processor.py:161} INFO - Started process (PID=159) to work on /home/airflow/.local/lib/python3.8/site-packages/airflow/example_dags/example_latest_only_with_trigger.py
[2024-03-31T23:17:57.805+0000] {processor.py:830} INFO - Processing file /home/airflow/.local/lib/python3.8/site-packages/airflow/example_dags/example_latest_only_with_trigger.py for tasks to queue
[2024-03-31T23:17:57.807+0000] {logging_mixin.py:188} INFO - [2024-03-31T23:17:57.807+0000] {dagbag.py:540} INFO - Filling up the DagBag from /home/airflow/.local/lib/python3.8/site-packages/airflow/example_dags/example_latest_only_with_trigger.py
[2024-03-31T23:17:57.816+0000] {processor.py:840} INFO - DAG(s) 'latest_only_with_trigger' retrieved from /home/airflow/.local/lib/python3.8/site-packages/airflow/example_dags/example_latest_only_with_trigger.py
[2024-03-31T23:17:57.844+0000] {logging_mixin.py:188} INFO - [2024-03-31T23:17:57.844+0000] {dag.py:3047} INFO - Sync 1 DAGs
[2024-03-31T23:17:57.885+0000] {logging_mixin.py:188} INFO - [2024-03-31T23:17:57.884+0000] {dag.py:3834} INFO - Setting next_dagrun for latest_only_with_trigger to 2024-03-31 16:00:00+00:00, run_after=2024-03-31 20:00:00+00:00
[2024-03-31T23:17:57.941+0000] {processor.py:183} INFO - Processing /home/airflow/.local/lib/python3.8/site-packages/airflow/example_dags/example_latest_only_with_trigger.py took 0.143 seconds
[2024-03-31T23:18:28.927+0000] {processor.py:161} INFO - Started process (PID=214) to work on /home/airflow/.local/lib/python3.8/site-packages/airflow/example_dags/example_latest_only_with_trigger.py
[2024-03-31T23:18:28.930+0000] {processor.py:830} INFO - Processing file /home/airflow/.local/lib/python3.8/site-packages/airflow/example_dags/example_latest_only_with_trigger.py for tasks to queue
[2024-03-31T23:18:28.933+0000] {logging_mixin.py:188} INFO - [2024-03-31T23:18:28.933+0000] {dagbag.py:540} INFO - Filling up the DagBag from /home/airflow/.local/lib/python3.8/site-packages/airflow/example_dags/example_latest_only_with_trigger.py
[2024-03-31T23:18:28.948+0000] {processor.py:840} INFO - DAG(s) 'latest_only_with_trigger' retrieved from /home/airflow/.local/lib/python3.8/site-packages/airflow/example_dags/example_latest_only_with_trigger.py
[2024-03-31T23:18:28.999+0000] {logging_mixin.py:188} INFO - [2024-03-31T23:18:28.999+0000] {dag.py:3047} INFO - Sync 1 DAGs
[2024-03-31T23:18:29.053+0000] {logging_mixin.py:188} INFO - [2024-03-31T23:18:29.052+0000] {dag.py:3834} INFO - Setting next_dagrun for latest_only_with_trigger to 2024-03-31 16:00:00+00:00, run_after=2024-03-31 20:00:00+00:00
[2024-03-31T23:18:29.109+0000] {processor.py:183} INFO - Processing /home/airflow/.local/lib/python3.8/site-packages/airflow/example_dags/example_latest_only_with_trigger.py took 0.189 seconds
[2024-03-31T23:18:59.823+0000] {processor.py:161} INFO - Started process (PID=269) to work on /home/airflow/.local/lib/python3.8/site-packages/airflow/example_dags/example_latest_only_with_trigger.py
[2024-03-31T23:18:59.826+0000] {processor.py:830} INFO - Processing file /home/airflow/.local/lib/python3.8/site-packages/airflow/example_dags/example_latest_only_with_trigger.py for tasks to queue
[2024-03-31T23:18:59.829+0000] {logging_mixin.py:188} INFO - [2024-03-31T23:18:59.828+0000] {dagbag.py:540} INFO - Filling up the DagBag from /home/airflow/.local/lib/python3.8/site-packages/airflow/example_dags/example_latest_only_with_trigger.py
[2024-03-31T23:18:59.839+0000] {processor.py:840} INFO - DAG(s) 'latest_only_with_trigger' retrieved from /home/airflow/.local/lib/python3.8/site-packages/airflow/example_dags/example_latest_only_with_trigger.py
[2024-03-31T23:18:59.877+0000] {logging_mixin.py:188} INFO - [2024-03-31T23:18:59.876+0000] {dag.py:3047} INFO - Sync 1 DAGs
[2024-03-31T23:18:59.932+0000] {logging_mixin.py:188} INFO - [2024-03-31T23:18:59.931+0000] {dag.py:3834} INFO - Setting next_dagrun for latest_only_with_trigger to 2024-03-31 16:00:00+00:00, run_after=2024-03-31 20:00:00+00:00
[2024-03-31T23:18:59.971+0000] {processor.py:183} INFO - Processing /home/airflow/.local/lib/python3.8/site-packages/airflow/example_dags/example_latest_only_with_trigger.py took 0.154 seconds
[2024-03-31T23:19:31.070+0000] {processor.py:161} INFO - Started process (PID=324) to work on /home/airflow/.local/lib/python3.8/site-packages/airflow/example_dags/example_latest_only_with_trigger.py
[2024-03-31T23:19:31.072+0000] {processor.py:830} INFO - Processing file /home/airflow/.local/lib/python3.8/site-packages/airflow/example_dags/example_latest_only_with_trigger.py for tasks to queue
[2024-03-31T23:19:31.077+0000] {logging_mixin.py:188} INFO - [2024-03-31T23:19:31.077+0000] {dagbag.py:540} INFO - Filling up the DagBag from /home/airflow/.local/lib/python3.8/site-packages/airflow/example_dags/example_latest_only_with_trigger.py
[2024-03-31T23:19:31.092+0000] {processor.py:840} INFO - DAG(s) 'latest_only_with_trigger' retrieved from /home/airflow/.local/lib/python3.8/site-packages/airflow/example_dags/example_latest_only_with_trigger.py
[2024-03-31T23:19:31.141+0000] {logging_mixin.py:188} INFO - [2024-03-31T23:19:31.141+0000] {dag.py:3047} INFO - Sync 1 DAGs
[2024-03-31T23:19:31.201+0000] {logging_mixin.py:188} INFO - [2024-03-31T23:19:31.201+0000] {dag.py:3834} INFO - Setting next_dagrun for latest_only_with_trigger to 2024-03-31 16:00:00+00:00, run_after=2024-03-31 20:00:00+00:00
[2024-03-31T23:19:31.279+0000] {processor.py:183} INFO - Processing /home/airflow/.local/lib/python3.8/site-packages/airflow/example_dags/example_latest_only_with_trigger.py took 0.221 seconds
