[2024-03-31T23:17:07.816+0000] {processor.py:161} INFO - Started process (PID=85) to work on /home/airflow/.local/lib/python3.8/site-packages/airflow/example_dags/example_kubernetes_executor.py
[2024-03-31T23:17:07.818+0000] {processor.py:830} INFO - Processing file /home/airflow/.local/lib/python3.8/site-packages/airflow/example_dags/example_kubernetes_executor.py for tasks to queue
[2024-03-31T23:17:07.824+0000] {logging_mixin.py:188} INFO - [2024-03-31T23:17:07.824+0000] {dagbag.py:540} INFO - Filling up the DagBag from /home/airflow/.local/lib/python3.8/site-packages/airflow/example_dags/example_kubernetes_executor.py
[2024-03-31T23:17:07.853+0000] {processor.py:840} INFO - DAG(s) 'example_kubernetes_executor' retrieved from /home/airflow/.local/lib/python3.8/site-packages/airflow/example_dags/example_kubernetes_executor.py
[2024-03-31T23:17:08.111+0000] {logging_mixin.py:188} INFO - [2024-03-31T23:17:08.109+0000] {override.py:1769} INFO - Created Permission View: can read on DAG:example_kubernetes_executor
[2024-03-31T23:17:08.140+0000] {logging_mixin.py:188} INFO - [2024-03-31T23:17:08.140+0000] {override.py:1769} INFO - Created Permission View: can delete on DAG:example_kubernetes_executor
[2024-03-31T23:17:08.171+0000] {logging_mixin.py:188} INFO - [2024-03-31T23:17:08.170+0000] {override.py:1769} INFO - Created Permission View: can edit on DAG:example_kubernetes_executor
[2024-03-31T23:17:08.172+0000] {logging_mixin.py:188} INFO - [2024-03-31T23:17:08.172+0000] {dag.py:3047} INFO - Sync 1 DAGs
[2024-03-31T23:17:08.235+0000] {logging_mixin.py:188} INFO - [2024-03-31T23:17:08.234+0000] {dag.py:3069} INFO - Creating ORM DAG for example_kubernetes_executor
[2024-03-31T23:17:08.236+0000] {logging_mixin.py:188} INFO - [2024-03-31T23:17:08.236+0000] {dag.py:3834} INFO - Setting next_dagrun for example_kubernetes_executor to None, run_after=None
[2024-03-31T23:17:08.282+0000] {processor.py:183} INFO - Processing /home/airflow/.local/lib/python3.8/site-packages/airflow/example_dags/example_kubernetes_executor.py took 0.472 seconds
[2024-03-31T23:17:39.056+0000] {processor.py:161} INFO - Started process (PID=140) to work on /home/airflow/.local/lib/python3.8/site-packages/airflow/example_dags/example_kubernetes_executor.py
[2024-03-31T23:17:39.062+0000] {processor.py:830} INFO - Processing file /home/airflow/.local/lib/python3.8/site-packages/airflow/example_dags/example_kubernetes_executor.py for tasks to queue
[2024-03-31T23:17:39.070+0000] {logging_mixin.py:188} INFO - [2024-03-31T23:17:39.069+0000] {dagbag.py:540} INFO - Filling up the DagBag from /home/airflow/.local/lib/python3.8/site-packages/airflow/example_dags/example_kubernetes_executor.py
[2024-03-31T23:17:39.118+0000] {processor.py:840} INFO - DAG(s) 'example_kubernetes_executor' retrieved from /home/airflow/.local/lib/python3.8/site-packages/airflow/example_dags/example_kubernetes_executor.py
[2024-03-31T23:17:39.319+0000] {logging_mixin.py:188} INFO - [2024-03-31T23:17:39.318+0000] {dag.py:3047} INFO - Sync 1 DAGs
[2024-03-31T23:17:39.397+0000] {logging_mixin.py:188} INFO - [2024-03-31T23:17:39.395+0000] {dag.py:3834} INFO - Setting next_dagrun for example_kubernetes_executor to None, run_after=None
[2024-03-31T23:17:39.508+0000] {processor.py:183} INFO - Processing /home/airflow/.local/lib/python3.8/site-packages/airflow/example_dags/example_kubernetes_executor.py took 0.458 seconds
[2024-03-31T23:18:11.846+0000] {processor.py:161} INFO - Started process (PID=195) to work on /home/airflow/.local/lib/python3.8/site-packages/airflow/example_dags/example_kubernetes_executor.py
[2024-03-31T23:18:11.856+0000] {processor.py:830} INFO - Processing file /home/airflow/.local/lib/python3.8/site-packages/airflow/example_dags/example_kubernetes_executor.py for tasks to queue
[2024-03-31T23:18:11.874+0000] {logging_mixin.py:188} INFO - [2024-03-31T23:18:11.873+0000] {dagbag.py:540} INFO - Filling up the DagBag from /home/airflow/.local/lib/python3.8/site-packages/airflow/example_dags/example_kubernetes_executor.py
[2024-03-31T23:18:11.987+0000] {processor.py:840} INFO - DAG(s) 'example_kubernetes_executor' retrieved from /home/airflow/.local/lib/python3.8/site-packages/airflow/example_dags/example_kubernetes_executor.py
[2024-03-31T23:18:12.218+0000] {logging_mixin.py:188} INFO - [2024-03-31T23:18:12.218+0000] {dag.py:3047} INFO - Sync 1 DAGs
[2024-03-31T23:18:12.290+0000] {logging_mixin.py:188} INFO - [2024-03-31T23:18:12.290+0000] {dag.py:3834} INFO - Setting next_dagrun for example_kubernetes_executor to None, run_after=None
[2024-03-31T23:18:12.453+0000] {processor.py:183} INFO - Processing /home/airflow/.local/lib/python3.8/site-packages/airflow/example_dags/example_kubernetes_executor.py took 0.615 seconds
[2024-03-31T23:18:43.522+0000] {processor.py:161} INFO - Started process (PID=250) to work on /home/airflow/.local/lib/python3.8/site-packages/airflow/example_dags/example_kubernetes_executor.py
[2024-03-31T23:18:43.533+0000] {processor.py:830} INFO - Processing file /home/airflow/.local/lib/python3.8/site-packages/airflow/example_dags/example_kubernetes_executor.py for tasks to queue
[2024-03-31T23:18:43.550+0000] {logging_mixin.py:188} INFO - [2024-03-31T23:18:43.547+0000] {dagbag.py:540} INFO - Filling up the DagBag from /home/airflow/.local/lib/python3.8/site-packages/airflow/example_dags/example_kubernetes_executor.py
[2024-03-31T23:18:43.591+0000] {processor.py:840} INFO - DAG(s) 'example_kubernetes_executor' retrieved from /home/airflow/.local/lib/python3.8/site-packages/airflow/example_dags/example_kubernetes_executor.py
[2024-03-31T23:18:43.673+0000] {logging_mixin.py:188} INFO - [2024-03-31T23:18:43.673+0000] {dag.py:3047} INFO - Sync 1 DAGs
[2024-03-31T23:18:43.707+0000] {logging_mixin.py:188} INFO - [2024-03-31T23:18:43.707+0000] {dag.py:3834} INFO - Setting next_dagrun for example_kubernetes_executor to None, run_after=None
[2024-03-31T23:18:43.745+0000] {processor.py:183} INFO - Processing /home/airflow/.local/lib/python3.8/site-packages/airflow/example_dags/example_kubernetes_executor.py took 0.234 seconds
[2024-03-31T23:19:14.388+0000] {processor.py:161} INFO - Started process (PID=305) to work on /home/airflow/.local/lib/python3.8/site-packages/airflow/example_dags/example_kubernetes_executor.py
[2024-03-31T23:19:14.390+0000] {processor.py:830} INFO - Processing file /home/airflow/.local/lib/python3.8/site-packages/airflow/example_dags/example_kubernetes_executor.py for tasks to queue
[2024-03-31T23:19:14.393+0000] {logging_mixin.py:188} INFO - [2024-03-31T23:19:14.393+0000] {dagbag.py:540} INFO - Filling up the DagBag from /home/airflow/.local/lib/python3.8/site-packages/airflow/example_dags/example_kubernetes_executor.py
[2024-03-31T23:19:14.453+0000] {processor.py:840} INFO - DAG(s) 'example_kubernetes_executor' retrieved from /home/airflow/.local/lib/python3.8/site-packages/airflow/example_dags/example_kubernetes_executor.py
[2024-03-31T23:19:14.729+0000] {logging_mixin.py:188} INFO - [2024-03-31T23:19:14.728+0000] {dag.py:3047} INFO - Sync 1 DAGs
[2024-03-31T23:19:14.757+0000] {logging_mixin.py:188} INFO - [2024-03-31T23:19:14.756+0000] {dag.py:3834} INFO - Setting next_dagrun for example_kubernetes_executor to None, run_after=None
[2024-03-31T23:19:14.811+0000] {processor.py:183} INFO - Processing /home/airflow/.local/lib/python3.8/site-packages/airflow/example_dags/example_kubernetes_executor.py took 0.432 seconds
