[2024-03-31T23:17:00.766+0000] {processor.py:161} INFO - Started process (PID=62) to work on /home/airflow/.local/lib/python3.8/site-packages/airflow/example_dags/example_branch_datetime_operator.py
[2024-03-31T23:17:00.768+0000] {processor.py:830} INFO - Processing file /home/airflow/.local/lib/python3.8/site-packages/airflow/example_dags/example_branch_datetime_operator.py for tasks to queue
[2024-03-31T23:17:00.775+0000] {logging_mixin.py:188} INFO - [2024-03-31T23:17:00.774+0000] {dagbag.py:540} INFO - Filling up the DagBag from /home/airflow/.local/lib/python3.8/site-packages/airflow/example_dags/example_branch_datetime_operator.py
[2024-03-31T23:17:00.795+0000] {processor.py:840} INFO - DAG(s) 'example_branch_datetime_operator', 'example_branch_datetime_operator_2', 'example_branch_datetime_operator_3' retrieved from /home/airflow/.local/lib/python3.8/site-packages/airflow/example_dags/example_branch_datetime_operator.py
[2024-03-31T23:17:01.029+0000] {logging_mixin.py:188} INFO - [2024-03-31T23:17:01.028+0000] {override.py:1769} INFO - Created Permission View: can read on DAG:example_branch_datetime_operator
[2024-03-31T23:17:01.062+0000] {logging_mixin.py:188} INFO - [2024-03-31T23:17:01.061+0000] {override.py:1769} INFO - Created Permission View: can delete on DAG:example_branch_datetime_operator
[2024-03-31T23:17:01.077+0000] {logging_mixin.py:188} INFO - [2024-03-31T23:17:01.077+0000] {override.py:1769} INFO - Created Permission View: can edit on DAG:example_branch_datetime_operator
[2024-03-31T23:17:01.105+0000] {logging_mixin.py:188} INFO - [2024-03-31T23:17:01.105+0000] {override.py:1769} INFO - Created Permission View: can read on DAG:example_branch_datetime_operator_2
[2024-03-31T23:17:01.121+0000] {logging_mixin.py:188} INFO - [2024-03-31T23:17:01.121+0000] {override.py:1769} INFO - Created Permission View: can delete on DAG:example_branch_datetime_operator_2
[2024-03-31T23:17:01.138+0000] {logging_mixin.py:188} INFO - [2024-03-31T23:17:01.137+0000] {override.py:1769} INFO - Created Permission View: can edit on DAG:example_branch_datetime_operator_2
[2024-03-31T23:17:01.172+0000] {logging_mixin.py:188} INFO - [2024-03-31T23:17:01.171+0000] {override.py:1769} INFO - Created Permission View: can read on DAG:example_branch_datetime_operator_3
[2024-03-31T23:17:01.185+0000] {logging_mixin.py:188} INFO - [2024-03-31T23:17:01.185+0000] {override.py:1769} INFO - Created Permission View: can delete on DAG:example_branch_datetime_operator_3
[2024-03-31T23:17:01.200+0000] {logging_mixin.py:188} INFO - [2024-03-31T23:17:01.199+0000] {override.py:1769} INFO - Created Permission View: can edit on DAG:example_branch_datetime_operator_3
[2024-03-31T23:17:01.201+0000] {logging_mixin.py:188} INFO - [2024-03-31T23:17:01.201+0000] {dag.py:3047} INFO - Sync 3 DAGs
[2024-03-31T23:17:01.232+0000] {logging_mixin.py:188} INFO - [2024-03-31T23:17:01.231+0000] {dag.py:3069} INFO - Creating ORM DAG for example_branch_datetime_operator
[2024-03-31T23:17:01.233+0000] {logging_mixin.py:188} INFO - [2024-03-31T23:17:01.233+0000] {dag.py:3069} INFO - Creating ORM DAG for example_branch_datetime_operator_2
[2024-03-31T23:17:01.234+0000] {logging_mixin.py:188} INFO - [2024-03-31T23:17:01.234+0000] {dag.py:3069} INFO - Creating ORM DAG for example_branch_datetime_operator_3
[2024-03-31T23:17:01.252+0000] {logging_mixin.py:188} INFO - [2024-03-31T23:17:01.252+0000] {dag.py:3834} INFO - Setting next_dagrun for example_branch_datetime_operator to 2024-03-30 00:00:00+00:00, run_after=2024-03-31 00:00:00+00:00
[2024-03-31T23:17:01.257+0000] {logging_mixin.py:188} INFO - [2024-03-31T23:17:01.257+0000] {dag.py:3834} INFO - Setting next_dagrun for example_branch_datetime_operator_2 to 2024-03-30 00:00:00+00:00, run_after=2024-03-31 00:00:00+00:00
[2024-03-31T23:17:01.262+0000] {logging_mixin.py:188} INFO - [2024-03-31T23:17:01.261+0000] {dag.py:3834} INFO - Setting next_dagrun for example_branch_datetime_operator_3 to 2024-03-30 00:00:00+00:00, run_after=2024-03-31 00:00:00+00:00
[2024-03-31T23:17:01.310+0000] {processor.py:183} INFO - Processing /home/airflow/.local/lib/python3.8/site-packages/airflow/example_dags/example_branch_datetime_operator.py took 0.552 seconds
[2024-03-31T23:17:31.672+0000] {processor.py:161} INFO - Started process (PID=117) to work on /home/airflow/.local/lib/python3.8/site-packages/airflow/example_dags/example_branch_datetime_operator.py
[2024-03-31T23:17:31.674+0000] {processor.py:830} INFO - Processing file /home/airflow/.local/lib/python3.8/site-packages/airflow/example_dags/example_branch_datetime_operator.py for tasks to queue
[2024-03-31T23:17:31.679+0000] {logging_mixin.py:188} INFO - [2024-03-31T23:17:31.678+0000] {dagbag.py:540} INFO - Filling up the DagBag from /home/airflow/.local/lib/python3.8/site-packages/airflow/example_dags/example_branch_datetime_operator.py
[2024-03-31T23:17:31.710+0000] {processor.py:840} INFO - DAG(s) 'example_branch_datetime_operator_3', 'example_branch_datetime_operator_2', 'example_branch_datetime_operator' retrieved from /home/airflow/.local/lib/python3.8/site-packages/airflow/example_dags/example_branch_datetime_operator.py
[2024-03-31T23:17:31.784+0000] {logging_mixin.py:188} INFO - [2024-03-31T23:17:31.784+0000] {dag.py:3047} INFO - Sync 3 DAGs
[2024-03-31T23:17:31.852+0000] {logging_mixin.py:188} INFO - [2024-03-31T23:17:31.852+0000] {dag.py:3834} INFO - Setting next_dagrun for example_branch_datetime_operator to 2024-03-30 00:00:00+00:00, run_after=2024-03-31 00:00:00+00:00
[2024-03-31T23:17:31.866+0000] {logging_mixin.py:188} INFO - [2024-03-31T23:17:31.865+0000] {dag.py:3834} INFO - Setting next_dagrun for example_branch_datetime_operator_2 to 2024-03-30 00:00:00+00:00, run_after=2024-03-31 00:00:00+00:00
[2024-03-31T23:17:31.873+0000] {logging_mixin.py:188} INFO - [2024-03-31T23:17:31.873+0000] {dag.py:3834} INFO - Setting next_dagrun for example_branch_datetime_operator_3 to 2024-03-30 00:00:00+00:00, run_after=2024-03-31 00:00:00+00:00
[2024-03-31T23:17:31.915+0000] {processor.py:183} INFO - Processing /home/airflow/.local/lib/python3.8/site-packages/airflow/example_dags/example_branch_datetime_operator.py took 0.250 seconds
[2024-03-31T23:18:02.457+0000] {processor.py:161} INFO - Started process (PID=172) to work on /home/airflow/.local/lib/python3.8/site-packages/airflow/example_dags/example_branch_datetime_operator.py
[2024-03-31T23:18:02.460+0000] {processor.py:830} INFO - Processing file /home/airflow/.local/lib/python3.8/site-packages/airflow/example_dags/example_branch_datetime_operator.py for tasks to queue
[2024-03-31T23:18:02.467+0000] {logging_mixin.py:188} INFO - [2024-03-31T23:18:02.466+0000] {dagbag.py:540} INFO - Filling up the DagBag from /home/airflow/.local/lib/python3.8/site-packages/airflow/example_dags/example_branch_datetime_operator.py
[2024-03-31T23:18:02.500+0000] {processor.py:840} INFO - DAG(s) 'example_branch_datetime_operator_2', 'example_branch_datetime_operator_3', 'example_branch_datetime_operator' retrieved from /home/airflow/.local/lib/python3.8/site-packages/airflow/example_dags/example_branch_datetime_operator.py
[2024-03-31T23:18:02.599+0000] {logging_mixin.py:188} INFO - [2024-03-31T23:18:02.598+0000] {dag.py:3047} INFO - Sync 3 DAGs
[2024-03-31T23:18:02.686+0000] {logging_mixin.py:188} INFO - [2024-03-31T23:18:02.685+0000] {dag.py:3834} INFO - Setting next_dagrun for example_branch_datetime_operator to 2024-03-30 00:00:00+00:00, run_after=2024-03-31 00:00:00+00:00
[2024-03-31T23:18:02.707+0000] {logging_mixin.py:188} INFO - [2024-03-31T23:18:02.707+0000] {dag.py:3834} INFO - Setting next_dagrun for example_branch_datetime_operator_2 to 2024-03-30 00:00:00+00:00, run_after=2024-03-31 00:00:00+00:00
[2024-03-31T23:18:02.717+0000] {logging_mixin.py:188} INFO - [2024-03-31T23:18:02.716+0000] {dag.py:3834} INFO - Setting next_dagrun for example_branch_datetime_operator_3 to 2024-03-30 00:00:00+00:00, run_after=2024-03-31 00:00:00+00:00
[2024-03-31T23:18:02.807+0000] {processor.py:183} INFO - Processing /home/airflow/.local/lib/python3.8/site-packages/airflow/example_dags/example_branch_datetime_operator.py took 0.367 seconds
[2024-03-31T23:18:34.074+0000] {processor.py:161} INFO - Started process (PID=227) to work on /home/airflow/.local/lib/python3.8/site-packages/airflow/example_dags/example_branch_datetime_operator.py
[2024-03-31T23:18:34.078+0000] {processor.py:830} INFO - Processing file /home/airflow/.local/lib/python3.8/site-packages/airflow/example_dags/example_branch_datetime_operator.py for tasks to queue
[2024-03-31T23:18:34.088+0000] {logging_mixin.py:188} INFO - [2024-03-31T23:18:34.087+0000] {dagbag.py:540} INFO - Filling up the DagBag from /home/airflow/.local/lib/python3.8/site-packages/airflow/example_dags/example_branch_datetime_operator.py
[2024-03-31T23:18:34.145+0000] {processor.py:840} INFO - DAG(s) 'example_branch_datetime_operator_2', 'example_branch_datetime_operator_3', 'example_branch_datetime_operator' retrieved from /home/airflow/.local/lib/python3.8/site-packages/airflow/example_dags/example_branch_datetime_operator.py
[2024-03-31T23:18:34.272+0000] {logging_mixin.py:188} INFO - [2024-03-31T23:18:34.272+0000] {dag.py:3047} INFO - Sync 3 DAGs
[2024-03-31T23:18:34.348+0000] {logging_mixin.py:188} INFO - [2024-03-31T23:18:34.348+0000] {dag.py:3834} INFO - Setting next_dagrun for example_branch_datetime_operator to 2024-03-30 00:00:00+00:00, run_after=2024-03-31 00:00:00+00:00
[2024-03-31T23:18:34.368+0000] {logging_mixin.py:188} INFO - [2024-03-31T23:18:34.367+0000] {dag.py:3834} INFO - Setting next_dagrun for example_branch_datetime_operator_2 to 2024-03-30 00:00:00+00:00, run_after=2024-03-31 00:00:00+00:00
[2024-03-31T23:18:34.376+0000] {logging_mixin.py:188} INFO - [2024-03-31T23:18:34.376+0000] {dag.py:3834} INFO - Setting next_dagrun for example_branch_datetime_operator_3 to 2024-03-30 00:00:00+00:00, run_after=2024-03-31 00:00:00+00:00
[2024-03-31T23:18:34.451+0000] {processor.py:183} INFO - Processing /home/airflow/.local/lib/python3.8/site-packages/airflow/example_dags/example_branch_datetime_operator.py took 0.385 seconds
[2024-03-31T23:19:05.686+0000] {processor.py:161} INFO - Started process (PID=282) to work on /home/airflow/.local/lib/python3.8/site-packages/airflow/example_dags/example_branch_datetime_operator.py
[2024-03-31T23:19:05.690+0000] {processor.py:830} INFO - Processing file /home/airflow/.local/lib/python3.8/site-packages/airflow/example_dags/example_branch_datetime_operator.py for tasks to queue
[2024-03-31T23:19:05.699+0000] {logging_mixin.py:188} INFO - [2024-03-31T23:19:05.699+0000] {dagbag.py:540} INFO - Filling up the DagBag from /home/airflow/.local/lib/python3.8/site-packages/airflow/example_dags/example_branch_datetime_operator.py
[2024-03-31T23:19:05.753+0000] {processor.py:840} INFO - DAG(s) 'example_branch_datetime_operator_3', 'example_branch_datetime_operator_2', 'example_branch_datetime_operator' retrieved from /home/airflow/.local/lib/python3.8/site-packages/airflow/example_dags/example_branch_datetime_operator.py
[2024-03-31T23:19:05.887+0000] {logging_mixin.py:188} INFO - [2024-03-31T23:19:05.886+0000] {dag.py:3047} INFO - Sync 3 DAGs
[2024-03-31T23:19:06.002+0000] {logging_mixin.py:188} INFO - [2024-03-31T23:19:06.001+0000] {dag.py:3834} INFO - Setting next_dagrun for example_branch_datetime_operator to 2024-03-30 00:00:00+00:00, run_after=2024-03-31 00:00:00+00:00
[2024-03-31T23:19:06.024+0000] {logging_mixin.py:188} INFO - [2024-03-31T23:19:06.024+0000] {dag.py:3834} INFO - Setting next_dagrun for example_branch_datetime_operator_2 to 2024-03-30 00:00:00+00:00, run_after=2024-03-31 00:00:00+00:00
[2024-03-31T23:19:06.041+0000] {logging_mixin.py:188} INFO - [2024-03-31T23:19:06.040+0000] {dag.py:3834} INFO - Setting next_dagrun for example_branch_datetime_operator_3 to 2024-03-30 00:00:00+00:00, run_after=2024-03-31 00:00:00+00:00
[2024-03-31T23:19:06.101+0000] {processor.py:183} INFO - Processing /home/airflow/.local/lib/python3.8/site-packages/airflow/example_dags/example_branch_datetime_operator.py took 0.422 seconds
