[2024-03-31T23:17:00.065+0000] {processor.py:161} INFO - Started process (PID=60) to work on /home/airflow/.local/lib/python3.8/site-packages/airflow/example_dags/example_params_trigger_ui.py
[2024-03-31T23:17:00.068+0000] {processor.py:830} INFO - Processing file /home/airflow/.local/lib/python3.8/site-packages/airflow/example_dags/example_params_trigger_ui.py for tasks to queue
[2024-03-31T23:17:00.086+0000] {logging_mixin.py:188} INFO - [2024-03-31T23:17:00.085+0000] {dagbag.py:540} INFO - Filling up the DagBag from /home/airflow/.local/lib/python3.8/site-packages/airflow/example_dags/example_params_trigger_ui.py
[2024-03-31T23:17:00.129+0000] {processor.py:840} INFO - DAG(s) 'example_params_trigger_ui' retrieved from /home/airflow/.local/lib/python3.8/site-packages/airflow/example_dags/example_params_trigger_ui.py
[2024-03-31T23:17:00.558+0000] {logging_mixin.py:188} INFO - [2024-03-31T23:17:00.557+0000] {override.py:1769} INFO - Created Permission View: can read on DAG:example_params_trigger_ui
[2024-03-31T23:17:00.586+0000] {logging_mixin.py:188} INFO - [2024-03-31T23:17:00.585+0000] {override.py:1769} INFO - Created Permission View: can delete on DAG:example_params_trigger_ui
[2024-03-31T23:17:00.600+0000] {logging_mixin.py:188} INFO - [2024-03-31T23:17:00.599+0000] {override.py:1769} INFO - Created Permission View: can edit on DAG:example_params_trigger_ui
[2024-03-31T23:17:00.601+0000] {logging_mixin.py:188} INFO - [2024-03-31T23:17:00.601+0000] {dag.py:3047} INFO - Sync 1 DAGs
[2024-03-31T23:17:00.641+0000] {logging_mixin.py:188} INFO - [2024-03-31T23:17:00.640+0000] {dag.py:3069} INFO - Creating ORM DAG for example_params_trigger_ui
[2024-03-31T23:17:00.644+0000] {logging_mixin.py:188} INFO - [2024-03-31T23:17:00.643+0000] {dag.py:3834} INFO - Setting next_dagrun for example_params_trigger_ui to None, run_after=None
[2024-03-31T23:17:00.688+0000] {processor.py:183} INFO - Processing /home/airflow/.local/lib/python3.8/site-packages/airflow/example_dags/example_params_trigger_ui.py took 0.635 seconds
[2024-03-31T23:17:31.403+0000] {processor.py:161} INFO - Started process (PID=115) to work on /home/airflow/.local/lib/python3.8/site-packages/airflow/example_dags/example_params_trigger_ui.py
[2024-03-31T23:17:31.405+0000] {processor.py:830} INFO - Processing file /home/airflow/.local/lib/python3.8/site-packages/airflow/example_dags/example_params_trigger_ui.py for tasks to queue
[2024-03-31T23:17:31.411+0000] {logging_mixin.py:188} INFO - [2024-03-31T23:17:31.410+0000] {dagbag.py:540} INFO - Filling up the DagBag from /home/airflow/.local/lib/python3.8/site-packages/airflow/example_dags/example_params_trigger_ui.py
[2024-03-31T23:17:31.445+0000] {processor.py:840} INFO - DAG(s) 'example_params_trigger_ui' retrieved from /home/airflow/.local/lib/python3.8/site-packages/airflow/example_dags/example_params_trigger_ui.py
[2024-03-31T23:17:31.629+0000] {logging_mixin.py:188} INFO - [2024-03-31T23:17:31.628+0000] {dag.py:3047} INFO - Sync 1 DAGs
[2024-03-31T23:17:31.662+0000] {logging_mixin.py:188} INFO - [2024-03-31T23:17:31.662+0000] {dag.py:3834} INFO - Setting next_dagrun for example_params_trigger_ui to None, run_after=None
[2024-03-31T23:17:31.708+0000] {processor.py:183} INFO - Processing /home/airflow/.local/lib/python3.8/site-packages/airflow/example_dags/example_params_trigger_ui.py took 0.313 seconds
[2024-03-31T23:18:02.002+0000] {processor.py:161} INFO - Started process (PID=170) to work on /home/airflow/.local/lib/python3.8/site-packages/airflow/example_dags/example_params_trigger_ui.py
[2024-03-31T23:18:02.007+0000] {processor.py:830} INFO - Processing file /home/airflow/.local/lib/python3.8/site-packages/airflow/example_dags/example_params_trigger_ui.py for tasks to queue
[2024-03-31T23:18:02.023+0000] {logging_mixin.py:188} INFO - [2024-03-31T23:18:02.021+0000] {dagbag.py:540} INFO - Filling up the DagBag from /home/airflow/.local/lib/python3.8/site-packages/airflow/example_dags/example_params_trigger_ui.py
[2024-03-31T23:18:02.101+0000] {processor.py:840} INFO - DAG(s) 'example_params_trigger_ui' retrieved from /home/airflow/.local/lib/python3.8/site-packages/airflow/example_dags/example_params_trigger_ui.py
[2024-03-31T23:18:02.328+0000] {logging_mixin.py:188} INFO - [2024-03-31T23:18:02.327+0000] {dag.py:3047} INFO - Sync 1 DAGs
[2024-03-31T23:18:02.377+0000] {logging_mixin.py:188} INFO - [2024-03-31T23:18:02.377+0000] {dag.py:3834} INFO - Setting next_dagrun for example_params_trigger_ui to None, run_after=None
[2024-03-31T23:18:02.438+0000] {processor.py:183} INFO - Processing /home/airflow/.local/lib/python3.8/site-packages/airflow/example_dags/example_params_trigger_ui.py took 0.462 seconds
[2024-03-31T23:18:33.679+0000] {processor.py:161} INFO - Started process (PID=225) to work on /home/airflow/.local/lib/python3.8/site-packages/airflow/example_dags/example_params_trigger_ui.py
[2024-03-31T23:18:33.686+0000] {processor.py:830} INFO - Processing file /home/airflow/.local/lib/python3.8/site-packages/airflow/example_dags/example_params_trigger_ui.py for tasks to queue
[2024-03-31T23:18:33.699+0000] {logging_mixin.py:188} INFO - [2024-03-31T23:18:33.697+0000] {dagbag.py:540} INFO - Filling up the DagBag from /home/airflow/.local/lib/python3.8/site-packages/airflow/example_dags/example_params_trigger_ui.py
[2024-03-31T23:18:33.745+0000] {processor.py:840} INFO - DAG(s) 'example_params_trigger_ui' retrieved from /home/airflow/.local/lib/python3.8/site-packages/airflow/example_dags/example_params_trigger_ui.py
[2024-03-31T23:18:34.034+0000] {logging_mixin.py:188} INFO - [2024-03-31T23:18:34.033+0000] {dag.py:3047} INFO - Sync 1 DAGs
[2024-03-31T23:18:34.092+0000] {logging_mixin.py:188} INFO - [2024-03-31T23:18:34.091+0000] {dag.py:3834} INFO - Setting next_dagrun for example_params_trigger_ui to None, run_after=None
[2024-03-31T23:18:34.172+0000] {processor.py:183} INFO - Processing /home/airflow/.local/lib/python3.8/site-packages/airflow/example_dags/example_params_trigger_ui.py took 0.527 seconds
[2024-03-31T23:19:05.048+0000] {processor.py:161} INFO - Started process (PID=280) to work on /home/airflow/.local/lib/python3.8/site-packages/airflow/example_dags/example_params_trigger_ui.py
[2024-03-31T23:19:05.064+0000] {processor.py:830} INFO - Processing file /home/airflow/.local/lib/python3.8/site-packages/airflow/example_dags/example_params_trigger_ui.py for tasks to queue
[2024-03-31T23:19:05.096+0000] {logging_mixin.py:188} INFO - [2024-03-31T23:19:05.091+0000] {dagbag.py:540} INFO - Filling up the DagBag from /home/airflow/.local/lib/python3.8/site-packages/airflow/example_dags/example_params_trigger_ui.py
[2024-03-31T23:19:05.255+0000] {processor.py:840} INFO - DAG(s) 'example_params_trigger_ui' retrieved from /home/airflow/.local/lib/python3.8/site-packages/airflow/example_dags/example_params_trigger_ui.py
[2024-03-31T23:19:05.471+0000] {logging_mixin.py:188} INFO - [2024-03-31T23:19:05.470+0000] {dag.py:3047} INFO - Sync 1 DAGs
[2024-03-31T23:19:05.547+0000] {logging_mixin.py:188} INFO - [2024-03-31T23:19:05.547+0000] {dag.py:3834} INFO - Setting next_dagrun for example_params_trigger_ui to None, run_after=None
[2024-03-31T23:19:05.623+0000] {processor.py:183} INFO - Processing /home/airflow/.local/lib/python3.8/site-packages/airflow/example_dags/example_params_trigger_ui.py took 0.643 seconds
