[2024-03-31T23:17:04.565+0000] {processor.py:161} INFO - Started process (PID=73) to work on /home/airflow/.local/lib/python3.8/site-packages/airflow/example_dags/example_skip_dag.py
[2024-03-31T23:17:04.569+0000] {processor.py:830} INFO - Processing file /home/airflow/.local/lib/python3.8/site-packages/airflow/example_dags/example_skip_dag.py for tasks to queue
[2024-03-31T23:17:04.573+0000] {logging_mixin.py:188} INFO - [2024-03-31T23:17:04.573+0000] {dagbag.py:540} INFO - Filling up the DagBag from /home/airflow/.local/lib/python3.8/site-packages/airflow/example_dags/example_skip_dag.py
[2024-03-31T23:17:04.595+0000] {processor.py:840} INFO - DAG(s) 'example_skip_dag' retrieved from /home/airflow/.local/lib/python3.8/site-packages/airflow/example_dags/example_skip_dag.py
[2024-03-31T23:17:04.947+0000] {logging_mixin.py:188} INFO - [2024-03-31T23:17:04.946+0000] {override.py:1769} INFO - Created Permission View: can read on DAG:example_skip_dag
[2024-03-31T23:17:04.967+0000] {logging_mixin.py:188} INFO - [2024-03-31T23:17:04.966+0000] {override.py:1769} INFO - Created Permission View: can delete on DAG:example_skip_dag
[2024-03-31T23:17:04.984+0000] {logging_mixin.py:188} INFO - [2024-03-31T23:17:04.983+0000] {override.py:1769} INFO - Created Permission View: can edit on DAG:example_skip_dag
[2024-03-31T23:17:04.985+0000] {logging_mixin.py:188} INFO - [2024-03-31T23:17:04.985+0000] {dag.py:3047} INFO - Sync 1 DAGs
[2024-03-31T23:17:05.105+0000] {logging_mixin.py:188} INFO - [2024-03-31T23:17:05.105+0000] {dag.py:3069} INFO - Creating ORM DAG for example_skip_dag
[2024-03-31T23:17:05.125+0000] {logging_mixin.py:188} INFO - [2024-03-31T23:17:05.124+0000] {dag.py:3834} INFO - Setting next_dagrun for example_skip_dag to 2024-03-30 00:00:00+00:00, run_after=2024-03-31 00:00:00+00:00
[2024-03-31T23:17:05.163+0000] {processor.py:183} INFO - Processing /home/airflow/.local/lib/python3.8/site-packages/airflow/example_dags/example_skip_dag.py took 0.609 seconds
[2024-03-31T23:17:35.273+0000] {processor.py:161} INFO - Started process (PID=128) to work on /home/airflow/.local/lib/python3.8/site-packages/airflow/example_dags/example_skip_dag.py
[2024-03-31T23:17:35.276+0000] {processor.py:830} INFO - Processing file /home/airflow/.local/lib/python3.8/site-packages/airflow/example_dags/example_skip_dag.py for tasks to queue
[2024-03-31T23:17:35.280+0000] {logging_mixin.py:188} INFO - [2024-03-31T23:17:35.279+0000] {dagbag.py:540} INFO - Filling up the DagBag from /home/airflow/.local/lib/python3.8/site-packages/airflow/example_dags/example_skip_dag.py
[2024-03-31T23:17:35.298+0000] {processor.py:840} INFO - DAG(s) 'example_skip_dag' retrieved from /home/airflow/.local/lib/python3.8/site-packages/airflow/example_dags/example_skip_dag.py
[2024-03-31T23:17:35.356+0000] {logging_mixin.py:188} INFO - [2024-03-31T23:17:35.356+0000] {dag.py:3047} INFO - Sync 1 DAGs
[2024-03-31T23:17:35.427+0000] {logging_mixin.py:188} INFO - [2024-03-31T23:17:35.427+0000] {dag.py:3834} INFO - Setting next_dagrun for example_skip_dag to 2024-03-30 00:00:00+00:00, run_after=2024-03-31 00:00:00+00:00
[2024-03-31T23:17:35.495+0000] {processor.py:183} INFO - Processing /home/airflow/.local/lib/python3.8/site-packages/airflow/example_dags/example_skip_dag.py took 0.234 seconds
[2024-03-31T23:18:07.316+0000] {processor.py:161} INFO - Started process (PID=183) to work on /home/airflow/.local/lib/python3.8/site-packages/airflow/example_dags/example_skip_dag.py
[2024-03-31T23:18:07.325+0000] {processor.py:830} INFO - Processing file /home/airflow/.local/lib/python3.8/site-packages/airflow/example_dags/example_skip_dag.py for tasks to queue
[2024-03-31T23:18:07.333+0000] {logging_mixin.py:188} INFO - [2024-03-31T23:18:07.332+0000] {dagbag.py:540} INFO - Filling up the DagBag from /home/airflow/.local/lib/python3.8/site-packages/airflow/example_dags/example_skip_dag.py
[2024-03-31T23:18:07.357+0000] {processor.py:840} INFO - DAG(s) 'example_skip_dag' retrieved from /home/airflow/.local/lib/python3.8/site-packages/airflow/example_dags/example_skip_dag.py
[2024-03-31T23:18:07.505+0000] {logging_mixin.py:188} INFO - [2024-03-31T23:18:07.505+0000] {dag.py:3047} INFO - Sync 1 DAGs
[2024-03-31T23:18:07.724+0000] {logging_mixin.py:188} INFO - [2024-03-31T23:18:07.723+0000] {dag.py:3834} INFO - Setting next_dagrun for example_skip_dag to 2024-03-30 00:00:00+00:00, run_after=2024-03-31 00:00:00+00:00
[2024-03-31T23:18:07.827+0000] {processor.py:183} INFO - Processing /home/airflow/.local/lib/python3.8/site-packages/airflow/example_dags/example_skip_dag.py took 0.635 seconds
[2024-03-31T23:18:38.235+0000] {processor.py:161} INFO - Started process (PID=238) to work on /home/airflow/.local/lib/python3.8/site-packages/airflow/example_dags/example_skip_dag.py
[2024-03-31T23:18:38.262+0000] {processor.py:830} INFO - Processing file /home/airflow/.local/lib/python3.8/site-packages/airflow/example_dags/example_skip_dag.py for tasks to queue
[2024-03-31T23:18:38.310+0000] {logging_mixin.py:188} INFO - [2024-03-31T23:18:38.307+0000] {dagbag.py:540} INFO - Filling up the DagBag from /home/airflow/.local/lib/python3.8/site-packages/airflow/example_dags/example_skip_dag.py
[2024-03-31T23:18:38.382+0000] {processor.py:840} INFO - DAG(s) 'example_skip_dag' retrieved from /home/airflow/.local/lib/python3.8/site-packages/airflow/example_dags/example_skip_dag.py
[2024-03-31T23:18:38.616+0000] {logging_mixin.py:188} INFO - [2024-03-31T23:18:38.615+0000] {dag.py:3047} INFO - Sync 1 DAGs
[2024-03-31T23:18:38.714+0000] {logging_mixin.py:188} INFO - [2024-03-31T23:18:38.714+0000] {dag.py:3834} INFO - Setting next_dagrun for example_skip_dag to 2024-03-30 00:00:00+00:00, run_after=2024-03-31 00:00:00+00:00
[2024-03-31T23:18:38.833+0000] {processor.py:183} INFO - Processing /home/airflow/.local/lib/python3.8/site-packages/airflow/example_dags/example_skip_dag.py took 0.627 seconds
[2024-03-31T23:19:09.042+0000] {processor.py:161} INFO - Started process (PID=293) to work on /home/airflow/.local/lib/python3.8/site-packages/airflow/example_dags/example_skip_dag.py
[2024-03-31T23:19:09.043+0000] {processor.py:830} INFO - Processing file /home/airflow/.local/lib/python3.8/site-packages/airflow/example_dags/example_skip_dag.py for tasks to queue
[2024-03-31T23:19:09.047+0000] {logging_mixin.py:188} INFO - [2024-03-31T23:19:09.046+0000] {dagbag.py:540} INFO - Filling up the DagBag from /home/airflow/.local/lib/python3.8/site-packages/airflow/example_dags/example_skip_dag.py
[2024-03-31T23:19:09.060+0000] {processor.py:840} INFO - DAG(s) 'example_skip_dag' retrieved from /home/airflow/.local/lib/python3.8/site-packages/airflow/example_dags/example_skip_dag.py
[2024-03-31T23:19:09.119+0000] {logging_mixin.py:188} INFO - [2024-03-31T23:19:09.118+0000] {dag.py:3047} INFO - Sync 1 DAGs
[2024-03-31T23:19:09.196+0000] {logging_mixin.py:188} INFO - [2024-03-31T23:19:09.196+0000] {dag.py:3834} INFO - Setting next_dagrun for example_skip_dag to 2024-03-30 00:00:00+00:00, run_after=2024-03-31 00:00:00+00:00
[2024-03-31T23:19:09.256+0000] {processor.py:183} INFO - Processing /home/airflow/.local/lib/python3.8/site-packages/airflow/example_dags/example_skip_dag.py took 0.220 seconds
