[2024-03-31T23:17:05.276+0000] {processor.py:161} INFO - Started process (PID=75) to work on /home/airflow/.local/lib/python3.8/site-packages/airflow/example_dags/example_sensors.py
[2024-03-31T23:17:05.285+0000] {processor.py:830} INFO - Processing file /home/airflow/.local/lib/python3.8/site-packages/airflow/example_dags/example_sensors.py for tasks to queue
[2024-03-31T23:17:05.289+0000] {logging_mixin.py:188} INFO - [2024-03-31T23:17:05.288+0000] {dagbag.py:540} INFO - Filling up the DagBag from /home/airflow/.local/lib/python3.8/site-packages/airflow/example_dags/example_sensors.py
[2024-03-31T23:17:05.310+0000] {processor.py:840} INFO - DAG(s) 'example_sensors' retrieved from /home/airflow/.local/lib/python3.8/site-packages/airflow/example_dags/example_sensors.py
[2024-03-31T23:17:05.617+0000] {logging_mixin.py:188} INFO - [2024-03-31T23:17:05.616+0000] {override.py:1769} INFO - Created Permission View: can read on DAG:example_sensors
[2024-03-31T23:17:05.636+0000] {logging_mixin.py:188} INFO - [2024-03-31T23:17:05.635+0000] {override.py:1769} INFO - Created Permission View: can delete on DAG:example_sensors
[2024-03-31T23:17:05.650+0000] {logging_mixin.py:188} INFO - [2024-03-31T23:17:05.649+0000] {override.py:1769} INFO - Created Permission View: can edit on DAG:example_sensors
[2024-03-31T23:17:05.651+0000] {logging_mixin.py:188} INFO - [2024-03-31T23:17:05.651+0000] {dag.py:3047} INFO - Sync 1 DAGs
[2024-03-31T23:17:05.698+0000] {logging_mixin.py:188} INFO - [2024-03-31T23:17:05.697+0000] {dag.py:3069} INFO - Creating ORM DAG for example_sensors
[2024-03-31T23:17:05.700+0000] {logging_mixin.py:188} INFO - [2024-03-31T23:17:05.699+0000] {dag.py:3834} INFO - Setting next_dagrun for example_sensors to None, run_after=None
[2024-03-31T23:17:05.751+0000] {processor.py:183} INFO - Processing /home/airflow/.local/lib/python3.8/site-packages/airflow/example_dags/example_sensors.py took 0.507 seconds
[2024-03-31T23:17:36.293+0000] {processor.py:161} INFO - Started process (PID=130) to work on /home/airflow/.local/lib/python3.8/site-packages/airflow/example_dags/example_sensors.py
[2024-03-31T23:17:36.295+0000] {processor.py:830} INFO - Processing file /home/airflow/.local/lib/python3.8/site-packages/airflow/example_dags/example_sensors.py for tasks to queue
[2024-03-31T23:17:36.300+0000] {logging_mixin.py:188} INFO - [2024-03-31T23:17:36.299+0000] {dagbag.py:540} INFO - Filling up the DagBag from /home/airflow/.local/lib/python3.8/site-packages/airflow/example_dags/example_sensors.py
[2024-03-31T23:17:36.342+0000] {processor.py:840} INFO - DAG(s) 'example_sensors' retrieved from /home/airflow/.local/lib/python3.8/site-packages/airflow/example_dags/example_sensors.py
[2024-03-31T23:17:36.442+0000] {logging_mixin.py:188} INFO - [2024-03-31T23:17:36.442+0000] {dag.py:3047} INFO - Sync 1 DAGs
[2024-03-31T23:17:36.494+0000] {logging_mixin.py:188} INFO - [2024-03-31T23:17:36.494+0000] {dag.py:3834} INFO - Setting next_dagrun for example_sensors to None, run_after=None
[2024-03-31T23:17:36.579+0000] {processor.py:183} INFO - Processing /home/airflow/.local/lib/python3.8/site-packages/airflow/example_dags/example_sensors.py took 0.298 seconds
[2024-03-31T23:18:07.985+0000] {processor.py:161} INFO - Started process (PID=185) to work on /home/airflow/.local/lib/python3.8/site-packages/airflow/example_dags/example_sensors.py
[2024-03-31T23:18:07.994+0000] {processor.py:830} INFO - Processing file /home/airflow/.local/lib/python3.8/site-packages/airflow/example_dags/example_sensors.py for tasks to queue
[2024-03-31T23:18:08.015+0000] {logging_mixin.py:188} INFO - [2024-03-31T23:18:08.014+0000] {dagbag.py:540} INFO - Filling up the DagBag from /home/airflow/.local/lib/python3.8/site-packages/airflow/example_dags/example_sensors.py
[2024-03-31T23:18:08.112+0000] {processor.py:840} INFO - DAG(s) 'example_sensors' retrieved from /home/airflow/.local/lib/python3.8/site-packages/airflow/example_dags/example_sensors.py
[2024-03-31T23:18:08.310+0000] {logging_mixin.py:188} INFO - [2024-03-31T23:18:08.305+0000] {dag.py:3047} INFO - Sync 1 DAGs
[2024-03-31T23:18:08.396+0000] {logging_mixin.py:188} INFO - [2024-03-31T23:18:08.385+0000] {dag.py:3834} INFO - Setting next_dagrun for example_sensors to None, run_after=None
[2024-03-31T23:18:08.526+0000] {processor.py:183} INFO - Processing /home/airflow/.local/lib/python3.8/site-packages/airflow/example_dags/example_sensors.py took 0.561 seconds
[2024-03-31T23:18:38.925+0000] {processor.py:161} INFO - Started process (PID=240) to work on /home/airflow/.local/lib/python3.8/site-packages/airflow/example_dags/example_sensors.py
[2024-03-31T23:18:38.936+0000] {processor.py:830} INFO - Processing file /home/airflow/.local/lib/python3.8/site-packages/airflow/example_dags/example_sensors.py for tasks to queue
[2024-03-31T23:18:38.972+0000] {logging_mixin.py:188} INFO - [2024-03-31T23:18:38.966+0000] {dagbag.py:540} INFO - Filling up the DagBag from /home/airflow/.local/lib/python3.8/site-packages/airflow/example_dags/example_sensors.py
[2024-03-31T23:18:39.065+0000] {processor.py:840} INFO - DAG(s) 'example_sensors' retrieved from /home/airflow/.local/lib/python3.8/site-packages/airflow/example_dags/example_sensors.py
[2024-03-31T23:18:39.135+0000] {logging_mixin.py:188} INFO - [2024-03-31T23:18:39.134+0000] {dag.py:3047} INFO - Sync 1 DAGs
[2024-03-31T23:18:39.158+0000] {logging_mixin.py:188} INFO - [2024-03-31T23:18:39.158+0000] {dag.py:3834} INFO - Setting next_dagrun for example_sensors to None, run_after=None
[2024-03-31T23:18:39.194+0000] {processor.py:183} INFO - Processing /home/airflow/.local/lib/python3.8/site-packages/airflow/example_dags/example_sensors.py took 0.308 seconds
[2024-03-31T23:19:09.338+0000] {processor.py:161} INFO - Started process (PID=295) to work on /home/airflow/.local/lib/python3.8/site-packages/airflow/example_dags/example_sensors.py
[2024-03-31T23:19:09.340+0000] {processor.py:830} INFO - Processing file /home/airflow/.local/lib/python3.8/site-packages/airflow/example_dags/example_sensors.py for tasks to queue
[2024-03-31T23:19:09.343+0000] {logging_mixin.py:188} INFO - [2024-03-31T23:19:09.343+0000] {dagbag.py:540} INFO - Filling up the DagBag from /home/airflow/.local/lib/python3.8/site-packages/airflow/example_dags/example_sensors.py
[2024-03-31T23:19:09.380+0000] {processor.py:840} INFO - DAG(s) 'example_sensors' retrieved from /home/airflow/.local/lib/python3.8/site-packages/airflow/example_dags/example_sensors.py
[2024-03-31T23:19:09.473+0000] {logging_mixin.py:188} INFO - [2024-03-31T23:19:09.472+0000] {dag.py:3047} INFO - Sync 1 DAGs
[2024-03-31T23:19:09.518+0000] {logging_mixin.py:188} INFO - [2024-03-31T23:19:09.518+0000] {dag.py:3834} INFO - Setting next_dagrun for example_sensors to None, run_after=None
[2024-03-31T23:19:09.563+0000] {processor.py:183} INFO - Processing /home/airflow/.local/lib/python3.8/site-packages/airflow/example_dags/example_sensors.py took 0.230 seconds
