[2024-03-31T23:17:02.700+0000] {processor.py:161} INFO - Started process (PID=67) to work on /home/airflow/.local/lib/python3.8/site-packages/airflow/example_dags/example_branch_operator.py
[2024-03-31T23:17:02.701+0000] {processor.py:830} INFO - Processing file /home/airflow/.local/lib/python3.8/site-packages/airflow/example_dags/example_branch_operator.py for tasks to queue
[2024-03-31T23:17:02.705+0000] {logging_mixin.py:188} INFO - [2024-03-31T23:17:02.704+0000] {dagbag.py:540} INFO - Filling up the DagBag from /home/airflow/.local/lib/python3.8/site-packages/airflow/example_dags/example_branch_operator.py
[2024-03-31T23:17:02.742+0000] {processor.py:840} INFO - DAG(s) 'example_branch_operator' retrieved from /home/airflow/.local/lib/python3.8/site-packages/airflow/example_dags/example_branch_operator.py
[2024-03-31T23:17:03.078+0000] {logging_mixin.py:188} INFO - [2024-03-31T23:17:03.077+0000] {override.py:1769} INFO - Created Permission View: can read on DAG:example_branch_operator
[2024-03-31T23:17:03.096+0000] {logging_mixin.py:188} INFO - [2024-03-31T23:17:03.096+0000] {override.py:1769} INFO - Created Permission View: can delete on DAG:example_branch_operator
[2024-03-31T23:17:03.111+0000] {logging_mixin.py:188} INFO - [2024-03-31T23:17:03.110+0000] {override.py:1769} INFO - Created Permission View: can edit on DAG:example_branch_operator
[2024-03-31T23:17:03.112+0000] {logging_mixin.py:188} INFO - [2024-03-31T23:17:03.112+0000] {dag.py:3047} INFO - Sync 1 DAGs
[2024-03-31T23:17:03.132+0000] {logging_mixin.py:188} INFO - [2024-03-31T23:17:03.131+0000] {dag.py:3069} INFO - Creating ORM DAG for example_branch_operator
[2024-03-31T23:17:03.156+0000] {logging_mixin.py:188} INFO - [2024-03-31T23:17:03.155+0000] {dag.py:3834} INFO - Setting next_dagrun for example_branch_operator to 2024-03-30 00:00:00+00:00, run_after=2024-03-31 00:00:00+00:00
[2024-03-31T23:17:03.199+0000] {processor.py:183} INFO - Processing /home/airflow/.local/lib/python3.8/site-packages/airflow/example_dags/example_branch_operator.py took 0.506 seconds
[2024-03-31T23:17:33.397+0000] {processor.py:161} INFO - Started process (PID=122) to work on /home/airflow/.local/lib/python3.8/site-packages/airflow/example_dags/example_branch_operator.py
[2024-03-31T23:17:33.399+0000] {processor.py:830} INFO - Processing file /home/airflow/.local/lib/python3.8/site-packages/airflow/example_dags/example_branch_operator.py for tasks to queue
[2024-03-31T23:17:33.403+0000] {logging_mixin.py:188} INFO - [2024-03-31T23:17:33.403+0000] {dagbag.py:540} INFO - Filling up the DagBag from /home/airflow/.local/lib/python3.8/site-packages/airflow/example_dags/example_branch_operator.py
[2024-03-31T23:17:33.443+0000] {processor.py:840} INFO - DAG(s) 'example_branch_operator' retrieved from /home/airflow/.local/lib/python3.8/site-packages/airflow/example_dags/example_branch_operator.py
[2024-03-31T23:17:33.500+0000] {logging_mixin.py:188} INFO - [2024-03-31T23:17:33.499+0000] {dag.py:3047} INFO - Sync 1 DAGs
[2024-03-31T23:17:33.551+0000] {logging_mixin.py:188} INFO - [2024-03-31T23:17:33.550+0000] {dag.py:3834} INFO - Setting next_dagrun for example_branch_operator to 2024-03-30 00:00:00+00:00, run_after=2024-03-31 00:00:00+00:00
[2024-03-31T23:17:33.587+0000] {processor.py:183} INFO - Processing /home/airflow/.local/lib/python3.8/site-packages/airflow/example_dags/example_branch_operator.py took 0.197 seconds
[2024-03-31T23:18:04.506+0000] {processor.py:161} INFO - Started process (PID=177) to work on /home/airflow/.local/lib/python3.8/site-packages/airflow/example_dags/example_branch_operator.py
[2024-03-31T23:18:04.515+0000] {processor.py:830} INFO - Processing file /home/airflow/.local/lib/python3.8/site-packages/airflow/example_dags/example_branch_operator.py for tasks to queue
[2024-03-31T23:18:04.520+0000] {logging_mixin.py:188} INFO - [2024-03-31T23:18:04.519+0000] {dagbag.py:540} INFO - Filling up the DagBag from /home/airflow/.local/lib/python3.8/site-packages/airflow/example_dags/example_branch_operator.py
[2024-03-31T23:18:04.597+0000] {processor.py:840} INFO - DAG(s) 'example_branch_operator' retrieved from /home/airflow/.local/lib/python3.8/site-packages/airflow/example_dags/example_branch_operator.py
[2024-03-31T23:18:04.713+0000] {logging_mixin.py:188} INFO - [2024-03-31T23:18:04.713+0000] {dag.py:3047} INFO - Sync 1 DAGs
[2024-03-31T23:18:04.883+0000] {logging_mixin.py:188} INFO - [2024-03-31T23:18:04.882+0000] {dag.py:3834} INFO - Setting next_dagrun for example_branch_operator to 2024-03-30 00:00:00+00:00, run_after=2024-03-31 00:00:00+00:00
[2024-03-31T23:18:04.971+0000] {processor.py:183} INFO - Processing /home/airflow/.local/lib/python3.8/site-packages/airflow/example_dags/example_branch_operator.py took 0.476 seconds
[2024-03-31T23:18:35.347+0000] {processor.py:161} INFO - Started process (PID=232) to work on /home/airflow/.local/lib/python3.8/site-packages/airflow/example_dags/example_branch_operator.py
[2024-03-31T23:18:35.350+0000] {processor.py:830} INFO - Processing file /home/airflow/.local/lib/python3.8/site-packages/airflow/example_dags/example_branch_operator.py for tasks to queue
[2024-03-31T23:18:35.354+0000] {logging_mixin.py:188} INFO - [2024-03-31T23:18:35.353+0000] {dagbag.py:540} INFO - Filling up the DagBag from /home/airflow/.local/lib/python3.8/site-packages/airflow/example_dags/example_branch_operator.py
[2024-03-31T23:18:35.425+0000] {processor.py:840} INFO - DAG(s) 'example_branch_operator' retrieved from /home/airflow/.local/lib/python3.8/site-packages/airflow/example_dags/example_branch_operator.py
[2024-03-31T23:18:35.554+0000] {logging_mixin.py:188} INFO - [2024-03-31T23:18:35.554+0000] {dag.py:3047} INFO - Sync 1 DAGs
[2024-03-31T23:18:35.686+0000] {logging_mixin.py:188} INFO - [2024-03-31T23:18:35.685+0000] {dag.py:3834} INFO - Setting next_dagrun for example_branch_operator to 2024-03-30 00:00:00+00:00, run_after=2024-03-31 00:00:00+00:00
[2024-03-31T23:18:35.786+0000] {processor.py:183} INFO - Processing /home/airflow/.local/lib/python3.8/site-packages/airflow/example_dags/example_branch_operator.py took 0.445 seconds
[2024-03-31T23:19:07.867+0000] {processor.py:161} INFO - Started process (PID=287) to work on /home/airflow/.local/lib/python3.8/site-packages/airflow/example_dags/example_branch_operator.py
[2024-03-31T23:19:07.869+0000] {processor.py:830} INFO - Processing file /home/airflow/.local/lib/python3.8/site-packages/airflow/example_dags/example_branch_operator.py for tasks to queue
[2024-03-31T23:19:07.881+0000] {logging_mixin.py:188} INFO - [2024-03-31T23:19:07.880+0000] {dagbag.py:540} INFO - Filling up the DagBag from /home/airflow/.local/lib/python3.8/site-packages/airflow/example_dags/example_branch_operator.py
[2024-03-31T23:19:07.975+0000] {processor.py:840} INFO - DAG(s) 'example_branch_operator' retrieved from /home/airflow/.local/lib/python3.8/site-packages/airflow/example_dags/example_branch_operator.py
[2024-03-31T23:19:08.065+0000] {logging_mixin.py:188} INFO - [2024-03-31T23:19:08.064+0000] {dag.py:3047} INFO - Sync 1 DAGs
[2024-03-31T23:19:08.144+0000] {logging_mixin.py:188} INFO - [2024-03-31T23:19:08.144+0000] {dag.py:3834} INFO - Setting next_dagrun for example_branch_operator to 2024-03-30 00:00:00+00:00, run_after=2024-03-31 00:00:00+00:00
[2024-03-31T23:19:08.217+0000] {processor.py:183} INFO - Processing /home/airflow/.local/lib/python3.8/site-packages/airflow/example_dags/example_branch_operator.py took 0.359 seconds
