[2024-03-31T23:17:07.888+0000] {processor.py:161} INFO - Started process (PID=86) to work on /home/airflow/.local/lib/python3.8/site-packages/airflow/example_dags/example_time_delta_sensor_async.py
[2024-03-31T23:17:07.890+0000] {processor.py:830} INFO - Processing file /home/airflow/.local/lib/python3.8/site-packages/airflow/example_dags/example_time_delta_sensor_async.py for tasks to queue
[2024-03-31T23:17:07.893+0000] {logging_mixin.py:188} INFO - [2024-03-31T23:17:07.893+0000] {dagbag.py:540} INFO - Filling up the DagBag from /home/airflow/.local/lib/python3.8/site-packages/airflow/example_dags/example_time_delta_sensor_async.py
[2024-03-31T23:17:07.903+0000] {processor.py:840} INFO - DAG(s) 'example_time_delta_sensor_async' retrieved from /home/airflow/.local/lib/python3.8/site-packages/airflow/example_dags/example_time_delta_sensor_async.py
[2024-03-31T23:17:08.280+0000] {logging_mixin.py:188} INFO - [2024-03-31T23:17:08.280+0000] {override.py:1769} INFO - Created Permission View: can read on DAG:example_time_delta_sensor_async
[2024-03-31T23:17:08.317+0000] {logging_mixin.py:188} INFO - [2024-03-31T23:17:08.317+0000] {override.py:1769} INFO - Created Permission View: can delete on DAG:example_time_delta_sensor_async
[2024-03-31T23:17:08.336+0000] {logging_mixin.py:188} INFO - [2024-03-31T23:17:08.333+0000] {override.py:1769} INFO - Created Permission View: can edit on DAG:example_time_delta_sensor_async
[2024-03-31T23:17:08.338+0000] {logging_mixin.py:188} INFO - [2024-03-31T23:17:08.337+0000] {dag.py:3047} INFO - Sync 1 DAGs
[2024-03-31T23:17:08.362+0000] {logging_mixin.py:188} INFO - [2024-03-31T23:17:08.361+0000] {dag.py:3069} INFO - Creating ORM DAG for example_time_delta_sensor_async
[2024-03-31T23:17:08.363+0000] {logging_mixin.py:188} INFO - [2024-03-31T23:17:08.362+0000] {dag.py:3834} INFO - Setting next_dagrun for example_time_delta_sensor_async to None, run_after=None
[2024-03-31T23:17:08.403+0000] {processor.py:183} INFO - Processing /home/airflow/.local/lib/python3.8/site-packages/airflow/example_dags/example_time_delta_sensor_async.py took 0.521 seconds
[2024-03-31T23:17:39.196+0000] {processor.py:161} INFO - Started process (PID=141) to work on /home/airflow/.local/lib/python3.8/site-packages/airflow/example_dags/example_time_delta_sensor_async.py
[2024-03-31T23:17:39.205+0000] {processor.py:830} INFO - Processing file /home/airflow/.local/lib/python3.8/site-packages/airflow/example_dags/example_time_delta_sensor_async.py for tasks to queue
[2024-03-31T23:17:39.211+0000] {logging_mixin.py:188} INFO - [2024-03-31T23:17:39.211+0000] {dagbag.py:540} INFO - Filling up the DagBag from /home/airflow/.local/lib/python3.8/site-packages/airflow/example_dags/example_time_delta_sensor_async.py
[2024-03-31T23:17:39.235+0000] {processor.py:840} INFO - DAG(s) 'example_time_delta_sensor_async' retrieved from /home/airflow/.local/lib/python3.8/site-packages/airflow/example_dags/example_time_delta_sensor_async.py
[2024-03-31T23:17:39.386+0000] {logging_mixin.py:188} INFO - [2024-03-31T23:17:39.386+0000] {dag.py:3047} INFO - Sync 1 DAGs
[2024-03-31T23:17:39.465+0000] {logging_mixin.py:188} INFO - [2024-03-31T23:17:39.464+0000] {dag.py:3834} INFO - Setting next_dagrun for example_time_delta_sensor_async to None, run_after=None
[2024-03-31T23:17:39.599+0000] {processor.py:183} INFO - Processing /home/airflow/.local/lib/python3.8/site-packages/airflow/example_dags/example_time_delta_sensor_async.py took 0.410 seconds
[2024-03-31T23:18:12.051+0000] {processor.py:161} INFO - Started process (PID=196) to work on /home/airflow/.local/lib/python3.8/site-packages/airflow/example_dags/example_time_delta_sensor_async.py
[2024-03-31T23:18:12.060+0000] {processor.py:830} INFO - Processing file /home/airflow/.local/lib/python3.8/site-packages/airflow/example_dags/example_time_delta_sensor_async.py for tasks to queue
[2024-03-31T23:18:12.066+0000] {logging_mixin.py:188} INFO - [2024-03-31T23:18:12.065+0000] {dagbag.py:540} INFO - Filling up the DagBag from /home/airflow/.local/lib/python3.8/site-packages/airflow/example_dags/example_time_delta_sensor_async.py
[2024-03-31T23:18:12.083+0000] {processor.py:840} INFO - DAG(s) 'example_time_delta_sensor_async' retrieved from /home/airflow/.local/lib/python3.8/site-packages/airflow/example_dags/example_time_delta_sensor_async.py
[2024-03-31T23:18:12.286+0000] {logging_mixin.py:188} INFO - [2024-03-31T23:18:12.283+0000] {dag.py:3047} INFO - Sync 1 DAGs
[2024-03-31T23:18:12.436+0000] {logging_mixin.py:188} INFO - [2024-03-31T23:18:12.435+0000] {dag.py:3834} INFO - Setting next_dagrun for example_time_delta_sensor_async to None, run_after=None
[2024-03-31T23:18:12.553+0000] {processor.py:183} INFO - Processing /home/airflow/.local/lib/python3.8/site-packages/airflow/example_dags/example_time_delta_sensor_async.py took 0.513 seconds
[2024-03-31T23:18:43.560+0000] {processor.py:161} INFO - Started process (PID=251) to work on /home/airflow/.local/lib/python3.8/site-packages/airflow/example_dags/example_time_delta_sensor_async.py
[2024-03-31T23:18:43.563+0000] {processor.py:830} INFO - Processing file /home/airflow/.local/lib/python3.8/site-packages/airflow/example_dags/example_time_delta_sensor_async.py for tasks to queue
[2024-03-31T23:18:43.567+0000] {logging_mixin.py:188} INFO - [2024-03-31T23:18:43.566+0000] {dagbag.py:540} INFO - Filling up the DagBag from /home/airflow/.local/lib/python3.8/site-packages/airflow/example_dags/example_time_delta_sensor_async.py
[2024-03-31T23:18:43.578+0000] {processor.py:840} INFO - DAG(s) 'example_time_delta_sensor_async' retrieved from /home/airflow/.local/lib/python3.8/site-packages/airflow/example_dags/example_time_delta_sensor_async.py
[2024-03-31T23:18:43.620+0000] {logging_mixin.py:188} INFO - [2024-03-31T23:18:43.620+0000] {dag.py:3047} INFO - Sync 1 DAGs
[2024-03-31T23:18:43.651+0000] {logging_mixin.py:188} INFO - [2024-03-31T23:18:43.651+0000] {dag.py:3834} INFO - Setting next_dagrun for example_time_delta_sensor_async to None, run_after=None
[2024-03-31T23:18:43.695+0000] {processor.py:183} INFO - Processing /home/airflow/.local/lib/python3.8/site-packages/airflow/example_dags/example_time_delta_sensor_async.py took 0.147 seconds
[2024-03-31T23:19:14.386+0000] {processor.py:161} INFO - Started process (PID=306) to work on /home/airflow/.local/lib/python3.8/site-packages/airflow/example_dags/example_time_delta_sensor_async.py
[2024-03-31T23:19:14.388+0000] {processor.py:830} INFO - Processing file /home/airflow/.local/lib/python3.8/site-packages/airflow/example_dags/example_time_delta_sensor_async.py for tasks to queue
[2024-03-31T23:19:14.392+0000] {logging_mixin.py:188} INFO - [2024-03-31T23:19:14.392+0000] {dagbag.py:540} INFO - Filling up the DagBag from /home/airflow/.local/lib/python3.8/site-packages/airflow/example_dags/example_time_delta_sensor_async.py
[2024-03-31T23:19:14.405+0000] {processor.py:840} INFO - DAG(s) 'example_time_delta_sensor_async' retrieved from /home/airflow/.local/lib/python3.8/site-packages/airflow/example_dags/example_time_delta_sensor_async.py
[2024-03-31T23:19:14.509+0000] {logging_mixin.py:188} INFO - [2024-03-31T23:19:14.508+0000] {dag.py:3047} INFO - Sync 1 DAGs
[2024-03-31T23:19:14.601+0000] {logging_mixin.py:188} INFO - [2024-03-31T23:19:14.600+0000] {dag.py:3834} INFO - Setting next_dagrun for example_time_delta_sensor_async to None, run_after=None
[2024-03-31T23:19:14.695+0000] {processor.py:183} INFO - Processing /home/airflow/.local/lib/python3.8/site-packages/airflow/example_dags/example_time_delta_sensor_async.py took 0.315 seconds
