[2024-03-31T23:16:54.427+0000] {processor.py:161} INFO - Started process (PID=46) to work on /home/airflow/.local/lib/python3.8/site-packages/airflow/example_dags/example_subdag_operator.py
[2024-03-31T23:16:54.430+0000] {processor.py:830} INFO - Processing file /home/airflow/.local/lib/python3.8/site-packages/airflow/example_dags/example_subdag_operator.py for tasks to queue
[2024-03-31T23:16:54.434+0000] {logging_mixin.py:188} INFO - [2024-03-31T23:16:54.433+0000] {dagbag.py:540} INFO - Filling up the DagBag from /home/airflow/.local/lib/python3.8/site-packages/airflow/example_dags/example_subdag_operator.py
[2024-03-31T23:16:54.508+0000] {processor.py:840} INFO - DAG(s) 'example_subdag_operator.section-1', 'example_subdag_operator.section-2', 'example_subdag_operator' retrieved from /home/airflow/.local/lib/python3.8/site-packages/airflow/example_dags/example_subdag_operator.py
[2024-03-31T23:16:55.142+0000] {logging_mixin.py:188} INFO - [2024-03-31T23:16:55.141+0000] {override.py:1769} INFO - Created Permission View: can read on DAG:example_subdag_operator
[2024-03-31T23:16:55.176+0000] {logging_mixin.py:188} INFO - [2024-03-31T23:16:55.175+0000] {override.py:1769} INFO - Created Permission View: can delete on DAG:example_subdag_operator
[2024-03-31T23:16:55.200+0000] {logging_mixin.py:188} INFO - [2024-03-31T23:16:55.199+0000] {override.py:1769} INFO - Created Permission View: can edit on DAG:example_subdag_operator
[2024-03-31T23:16:55.201+0000] {logging_mixin.py:188} INFO - [2024-03-31T23:16:55.201+0000] {dag.py:3047} INFO - Sync 3 DAGs
[2024-03-31T23:16:55.238+0000] {logging_mixin.py:188} INFO - [2024-03-31T23:16:55.237+0000] {dag.py:3069} INFO - Creating ORM DAG for example_subdag_operator.section-1
[2024-03-31T23:16:55.239+0000] {logging_mixin.py:188} INFO - [2024-03-31T23:16:55.239+0000] {dag.py:3069} INFO - Creating ORM DAG for example_subdag_operator.section-2
[2024-03-31T23:16:55.241+0000] {logging_mixin.py:188} INFO - [2024-03-31T23:16:55.241+0000] {dag.py:3069} INFO - Creating ORM DAG for example_subdag_operator
[2024-03-31T23:16:55.270+0000] {logging_mixin.py:188} INFO - [2024-03-31T23:16:55.268+0000] {dag.py:3834} INFO - Setting next_dagrun for example_subdag_operator to 2022-01-01 00:00:00+00:00, run_after=2022-01-01 00:00:00+00:00
[2024-03-31T23:16:55.273+0000] {logging_mixin.py:188} INFO - [2024-03-31T23:16:55.272+0000] {dag.py:3834} INFO - Setting next_dagrun for example_subdag_operator.section-1 to None, run_after=None
[2024-03-31T23:16:55.280+0000] {logging_mixin.py:188} INFO - [2024-03-31T23:16:55.280+0000] {dag.py:3834} INFO - Setting next_dagrun for example_subdag_operator.section-2 to None, run_after=None
[2024-03-31T23:16:55.321+0000] {logging_mixin.py:188} INFO - [2024-03-31T23:16:55.320+0000] {dag.py:3047} INFO - Sync 2 DAGs
[2024-03-31T23:16:55.339+0000] {logging_mixin.py:188} INFO - [2024-03-31T23:16:55.338+0000] {dag.py:3834} INFO - Setting next_dagrun for example_subdag_operator.section-1 to None, run_after=None
[2024-03-31T23:16:55.352+0000] {logging_mixin.py:188} INFO - [2024-03-31T23:16:55.350+0000] {dag.py:3834} INFO - Setting next_dagrun for example_subdag_operator.section-2 to None, run_after=None
[2024-03-31T23:16:55.389+0000] {processor.py:183} INFO - Processing /home/airflow/.local/lib/python3.8/site-packages/airflow/example_dags/example_subdag_operator.py took 0.968 seconds
[2024-03-31T23:17:26.366+0000] {processor.py:161} INFO - Started process (PID=101) to work on /home/airflow/.local/lib/python3.8/site-packages/airflow/example_dags/example_subdag_operator.py
[2024-03-31T23:17:26.385+0000] {processor.py:830} INFO - Processing file /home/airflow/.local/lib/python3.8/site-packages/airflow/example_dags/example_subdag_operator.py for tasks to queue
[2024-03-31T23:17:26.416+0000] {logging_mixin.py:188} INFO - [2024-03-31T23:17:26.412+0000] {dagbag.py:540} INFO - Filling up the DagBag from /home/airflow/.local/lib/python3.8/site-packages/airflow/example_dags/example_subdag_operator.py
[2024-03-31T23:17:26.562+0000] {processor.py:840} INFO - DAG(s) 'example_subdag_operator.section-1', 'example_subdag_operator.section-2', 'example_subdag_operator' retrieved from /home/airflow/.local/lib/python3.8/site-packages/airflow/example_dags/example_subdag_operator.py
[2024-03-31T23:17:26.626+0000] {logging_mixin.py:188} INFO - [2024-03-31T23:17:26.626+0000] {dag.py:3047} INFO - Sync 3 DAGs
[2024-03-31T23:17:26.787+0000] {logging_mixin.py:188} INFO - [2024-03-31T23:17:26.786+0000] {dag.py:3834} INFO - Setting next_dagrun for example_subdag_operator to 2022-01-01 00:00:00+00:00, run_after=2022-01-01 00:00:00+00:00
[2024-03-31T23:17:26.795+0000] {logging_mixin.py:188} INFO - [2024-03-31T23:17:26.794+0000] {dag.py:3834} INFO - Setting next_dagrun for example_subdag_operator.section-1 to None, run_after=None
[2024-03-31T23:17:26.799+0000] {logging_mixin.py:188} INFO - [2024-03-31T23:17:26.798+0000] {dag.py:3834} INFO - Setting next_dagrun for example_subdag_operator.section-2 to None, run_after=None
[2024-03-31T23:17:26.824+0000] {logging_mixin.py:188} INFO - [2024-03-31T23:17:26.824+0000] {dag.py:3047} INFO - Sync 2 DAGs
[2024-03-31T23:17:26.840+0000] {logging_mixin.py:188} INFO - [2024-03-31T23:17:26.839+0000] {dag.py:3834} INFO - Setting next_dagrun for example_subdag_operator.section-1 to None, run_after=None
[2024-03-31T23:17:26.841+0000] {logging_mixin.py:188} INFO - [2024-03-31T23:17:26.841+0000] {dag.py:3834} INFO - Setting next_dagrun for example_subdag_operator.section-2 to None, run_after=None
[2024-03-31T23:17:26.876+0000] {processor.py:183} INFO - Processing /home/airflow/.local/lib/python3.8/site-packages/airflow/example_dags/example_subdag_operator.py took 0.555 seconds
[2024-03-31T23:17:57.259+0000] {processor.py:161} INFO - Started process (PID=156) to work on /home/airflow/.local/lib/python3.8/site-packages/airflow/example_dags/example_subdag_operator.py
[2024-03-31T23:17:57.262+0000] {processor.py:830} INFO - Processing file /home/airflow/.local/lib/python3.8/site-packages/airflow/example_dags/example_subdag_operator.py for tasks to queue
[2024-03-31T23:17:57.269+0000] {logging_mixin.py:188} INFO - [2024-03-31T23:17:57.268+0000] {dagbag.py:540} INFO - Filling up the DagBag from /home/airflow/.local/lib/python3.8/site-packages/airflow/example_dags/example_subdag_operator.py
[2024-03-31T23:17:57.400+0000] {processor.py:840} INFO - DAG(s) 'example_subdag_operator.section-1', 'example_subdag_operator.section-2', 'example_subdag_operator' retrieved from /home/airflow/.local/lib/python3.8/site-packages/airflow/example_dags/example_subdag_operator.py
[2024-03-31T23:17:57.439+0000] {logging_mixin.py:188} INFO - [2024-03-31T23:17:57.439+0000] {dag.py:3047} INFO - Sync 3 DAGs
[2024-03-31T23:17:57.528+0000] {logging_mixin.py:188} INFO - [2024-03-31T23:17:57.527+0000] {dag.py:3834} INFO - Setting next_dagrun for example_subdag_operator to 2022-01-01 00:00:00+00:00, run_after=2022-01-01 00:00:00+00:00
[2024-03-31T23:17:57.539+0000] {logging_mixin.py:188} INFO - [2024-03-31T23:17:57.538+0000] {dag.py:3834} INFO - Setting next_dagrun for example_subdag_operator.section-1 to None, run_after=None
[2024-03-31T23:17:57.543+0000] {logging_mixin.py:188} INFO - [2024-03-31T23:17:57.542+0000] {dag.py:3834} INFO - Setting next_dagrun for example_subdag_operator.section-2 to None, run_after=None
[2024-03-31T23:17:57.560+0000] {logging_mixin.py:188} INFO - [2024-03-31T23:17:57.560+0000] {dag.py:3047} INFO - Sync 2 DAGs
[2024-03-31T23:17:57.571+0000] {logging_mixin.py:188} INFO - [2024-03-31T23:17:57.571+0000] {dag.py:3834} INFO - Setting next_dagrun for example_subdag_operator.section-1 to None, run_after=None
[2024-03-31T23:17:57.573+0000] {logging_mixin.py:188} INFO - [2024-03-31T23:17:57.572+0000] {dag.py:3834} INFO - Setting next_dagrun for example_subdag_operator.section-2 to None, run_after=None
[2024-03-31T23:17:57.594+0000] {processor.py:183} INFO - Processing /home/airflow/.local/lib/python3.8/site-packages/airflow/example_dags/example_subdag_operator.py took 0.367 seconds
[2024-03-31T23:18:28.084+0000] {processor.py:161} INFO - Started process (PID=211) to work on /home/airflow/.local/lib/python3.8/site-packages/airflow/example_dags/example_subdag_operator.py
[2024-03-31T23:18:28.093+0000] {processor.py:830} INFO - Processing file /home/airflow/.local/lib/python3.8/site-packages/airflow/example_dags/example_subdag_operator.py for tasks to queue
[2024-03-31T23:18:28.112+0000] {logging_mixin.py:188} INFO - [2024-03-31T23:18:28.110+0000] {dagbag.py:540} INFO - Filling up the DagBag from /home/airflow/.local/lib/python3.8/site-packages/airflow/example_dags/example_subdag_operator.py
[2024-03-31T23:18:28.276+0000] {processor.py:840} INFO - DAG(s) 'example_subdag_operator.section-1', 'example_subdag_operator.section-2', 'example_subdag_operator' retrieved from /home/airflow/.local/lib/python3.8/site-packages/airflow/example_dags/example_subdag_operator.py
[2024-03-31T23:18:28.380+0000] {logging_mixin.py:188} INFO - [2024-03-31T23:18:28.380+0000] {dag.py:3047} INFO - Sync 3 DAGs
[2024-03-31T23:18:28.517+0000] {logging_mixin.py:188} INFO - [2024-03-31T23:18:28.516+0000] {dag.py:3834} INFO - Setting next_dagrun for example_subdag_operator to 2022-01-01 00:00:00+00:00, run_after=2022-01-01 00:00:00+00:00
[2024-03-31T23:18:28.527+0000] {logging_mixin.py:188} INFO - [2024-03-31T23:18:28.526+0000] {dag.py:3834} INFO - Setting next_dagrun for example_subdag_operator.section-1 to None, run_after=None
[2024-03-31T23:18:28.530+0000] {logging_mixin.py:188} INFO - [2024-03-31T23:18:28.530+0000] {dag.py:3834} INFO - Setting next_dagrun for example_subdag_operator.section-2 to None, run_after=None
[2024-03-31T23:18:28.559+0000] {logging_mixin.py:188} INFO - [2024-03-31T23:18:28.559+0000] {dag.py:3047} INFO - Sync 2 DAGs
[2024-03-31T23:18:28.571+0000] {logging_mixin.py:188} INFO - [2024-03-31T23:18:28.571+0000] {dag.py:3834} INFO - Setting next_dagrun for example_subdag_operator.section-1 to None, run_after=None
[2024-03-31T23:18:28.573+0000] {logging_mixin.py:188} INFO - [2024-03-31T23:18:28.572+0000] {dag.py:3834} INFO - Setting next_dagrun for example_subdag_operator.section-2 to None, run_after=None
[2024-03-31T23:18:28.600+0000] {processor.py:183} INFO - Processing /home/airflow/.local/lib/python3.8/site-packages/airflow/example_dags/example_subdag_operator.py took 0.561 seconds
[2024-03-31T23:18:59.270+0000] {processor.py:161} INFO - Started process (PID=266) to work on /home/airflow/.local/lib/python3.8/site-packages/airflow/example_dags/example_subdag_operator.py
[2024-03-31T23:18:59.275+0000] {processor.py:830} INFO - Processing file /home/airflow/.local/lib/python3.8/site-packages/airflow/example_dags/example_subdag_operator.py for tasks to queue
[2024-03-31T23:18:59.284+0000] {logging_mixin.py:188} INFO - [2024-03-31T23:18:59.283+0000] {dagbag.py:540} INFO - Filling up the DagBag from /home/airflow/.local/lib/python3.8/site-packages/airflow/example_dags/example_subdag_operator.py
[2024-03-31T23:18:59.389+0000] {processor.py:840} INFO - DAG(s) 'example_subdag_operator.section-1', 'example_subdag_operator.section-2', 'example_subdag_operator' retrieved from /home/airflow/.local/lib/python3.8/site-packages/airflow/example_dags/example_subdag_operator.py
[2024-03-31T23:18:59.421+0000] {logging_mixin.py:188} INFO - [2024-03-31T23:18:59.421+0000] {dag.py:3047} INFO - Sync 3 DAGs
[2024-03-31T23:18:59.479+0000] {logging_mixin.py:188} INFO - [2024-03-31T23:18:59.478+0000] {dag.py:3834} INFO - Setting next_dagrun for example_subdag_operator to 2022-01-01 00:00:00+00:00, run_after=2022-01-01 00:00:00+00:00
[2024-03-31T23:18:59.487+0000] {logging_mixin.py:188} INFO - [2024-03-31T23:18:59.487+0000] {dag.py:3834} INFO - Setting next_dagrun for example_subdag_operator.section-1 to None, run_after=None
[2024-03-31T23:18:59.491+0000] {logging_mixin.py:188} INFO - [2024-03-31T23:18:59.490+0000] {dag.py:3834} INFO - Setting next_dagrun for example_subdag_operator.section-2 to None, run_after=None
[2024-03-31T23:18:59.506+0000] {logging_mixin.py:188} INFO - [2024-03-31T23:18:59.505+0000] {dag.py:3047} INFO - Sync 2 DAGs
[2024-03-31T23:18:59.514+0000] {logging_mixin.py:188} INFO - [2024-03-31T23:18:59.514+0000] {dag.py:3834} INFO - Setting next_dagrun for example_subdag_operator.section-1 to None, run_after=None
[2024-03-31T23:18:59.515+0000] {logging_mixin.py:188} INFO - [2024-03-31T23:18:59.515+0000] {dag.py:3834} INFO - Setting next_dagrun for example_subdag_operator.section-2 to None, run_after=None
[2024-03-31T23:18:59.536+0000] {processor.py:183} INFO - Processing /home/airflow/.local/lib/python3.8/site-packages/airflow/example_dags/example_subdag_operator.py took 0.290 seconds
[2024-03-31T23:19:30.466+0000] {processor.py:161} INFO - Started process (PID=321) to work on /home/airflow/.local/lib/python3.8/site-packages/airflow/example_dags/example_subdag_operator.py
[2024-03-31T23:19:30.469+0000] {processor.py:830} INFO - Processing file /home/airflow/.local/lib/python3.8/site-packages/airflow/example_dags/example_subdag_operator.py for tasks to queue
[2024-03-31T23:19:30.472+0000] {logging_mixin.py:188} INFO - [2024-03-31T23:19:30.472+0000] {dagbag.py:540} INFO - Filling up the DagBag from /home/airflow/.local/lib/python3.8/site-packages/airflow/example_dags/example_subdag_operator.py
[2024-03-31T23:19:30.525+0000] {processor.py:840} INFO - DAG(s) 'example_subdag_operator.section-1', 'example_subdag_operator.section-2', 'example_subdag_operator' retrieved from /home/airflow/.local/lib/python3.8/site-packages/airflow/example_dags/example_subdag_operator.py
[2024-03-31T23:19:30.563+0000] {logging_mixin.py:188} INFO - [2024-03-31T23:19:30.562+0000] {dag.py:3047} INFO - Sync 3 DAGs
[2024-03-31T23:19:30.613+0000] {logging_mixin.py:188} INFO - [2024-03-31T23:19:30.613+0000] {dag.py:3834} INFO - Setting next_dagrun for example_subdag_operator to 2022-01-01 00:00:00+00:00, run_after=2022-01-01 00:00:00+00:00
[2024-03-31T23:19:30.620+0000] {logging_mixin.py:188} INFO - [2024-03-31T23:19:30.620+0000] {dag.py:3834} INFO - Setting next_dagrun for example_subdag_operator.section-1 to None, run_after=None
[2024-03-31T23:19:30.623+0000] {logging_mixin.py:188} INFO - [2024-03-31T23:19:30.623+0000] {dag.py:3834} INFO - Setting next_dagrun for example_subdag_operator.section-2 to None, run_after=None
[2024-03-31T23:19:30.637+0000] {logging_mixin.py:188} INFO - [2024-03-31T23:19:30.637+0000] {dag.py:3047} INFO - Sync 2 DAGs
[2024-03-31T23:19:30.647+0000] {logging_mixin.py:188} INFO - [2024-03-31T23:19:30.647+0000] {dag.py:3834} INFO - Setting next_dagrun for example_subdag_operator.section-1 to None, run_after=None
[2024-03-31T23:19:30.649+0000] {logging_mixin.py:188} INFO - [2024-03-31T23:19:30.648+0000] {dag.py:3834} INFO - Setting next_dagrun for example_subdag_operator.section-2 to None, run_after=None
[2024-03-31T23:19:30.672+0000] {processor.py:183} INFO - Processing /home/airflow/.local/lib/python3.8/site-packages/airflow/example_dags/example_subdag_operator.py took 0.212 seconds
