[2024-03-31T23:17:06.633+0000] {processor.py:161} INFO - Started process (PID=80) to work on /home/airflow/.local/lib/python3.8/site-packages/airflow/example_dags/example_xcom.py
[2024-03-31T23:17:06.634+0000] {processor.py:830} INFO - Processing file /home/airflow/.local/lib/python3.8/site-packages/airflow/example_dags/example_xcom.py for tasks to queue
[2024-03-31T23:17:06.638+0000] {logging_mixin.py:188} INFO - [2024-03-31T23:17:06.637+0000] {dagbag.py:540} INFO - Filling up the DagBag from /home/airflow/.local/lib/python3.8/site-packages/airflow/example_dags/example_xcom.py
[2024-03-31T23:17:06.657+0000] {processor.py:840} INFO - DAG(s) 'example_xcom' retrieved from /home/airflow/.local/lib/python3.8/site-packages/airflow/example_dags/example_xcom.py
[2024-03-31T23:17:06.881+0000] {logging_mixin.py:188} INFO - [2024-03-31T23:17:06.880+0000] {override.py:1769} INFO - Created Permission View: can read on DAG:example_xcom
[2024-03-31T23:17:06.903+0000] {logging_mixin.py:188} INFO - [2024-03-31T23:17:06.902+0000] {override.py:1769} INFO - Created Permission View: can delete on DAG:example_xcom
[2024-03-31T23:17:06.918+0000] {logging_mixin.py:188} INFO - [2024-03-31T23:17:06.917+0000] {override.py:1769} INFO - Created Permission View: can edit on DAG:example_xcom
[2024-03-31T23:17:06.920+0000] {logging_mixin.py:188} INFO - [2024-03-31T23:17:06.919+0000] {dag.py:3047} INFO - Sync 1 DAGs
[2024-03-31T23:17:06.937+0000] {logging_mixin.py:188} INFO - [2024-03-31T23:17:06.937+0000] {dag.py:3069} INFO - Creating ORM DAG for example_xcom
[2024-03-31T23:17:06.953+0000] {logging_mixin.py:188} INFO - [2024-03-31T23:17:06.952+0000] {dag.py:3834} INFO - Setting next_dagrun for example_xcom to 2021-01-01 00:00:00+00:00, run_after=2021-01-01 00:00:00+00:00
[2024-03-31T23:17:06.987+0000] {processor.py:183} INFO - Processing /home/airflow/.local/lib/python3.8/site-packages/airflow/example_dags/example_xcom.py took 0.360 seconds
[2024-03-31T23:17:37.131+0000] {processor.py:161} INFO - Started process (PID=134) to work on /home/airflow/.local/lib/python3.8/site-packages/airflow/example_dags/example_xcom.py
[2024-03-31T23:17:37.135+0000] {processor.py:830} INFO - Processing file /home/airflow/.local/lib/python3.8/site-packages/airflow/example_dags/example_xcom.py for tasks to queue
[2024-03-31T23:17:37.148+0000] {logging_mixin.py:188} INFO - [2024-03-31T23:17:37.147+0000] {dagbag.py:540} INFO - Filling up the DagBag from /home/airflow/.local/lib/python3.8/site-packages/airflow/example_dags/example_xcom.py
[2024-03-31T23:17:37.189+0000] {processor.py:840} INFO - DAG(s) 'example_xcom' retrieved from /home/airflow/.local/lib/python3.8/site-packages/airflow/example_dags/example_xcom.py
[2024-03-31T23:17:37.303+0000] {logging_mixin.py:188} INFO - [2024-03-31T23:17:37.302+0000] {dag.py:3047} INFO - Sync 1 DAGs
[2024-03-31T23:17:37.398+0000] {logging_mixin.py:188} INFO - [2024-03-31T23:17:37.397+0000] {dag.py:3834} INFO - Setting next_dagrun for example_xcom to 2021-01-01 00:00:00+00:00, run_after=2021-01-01 00:00:00+00:00
[2024-03-31T23:17:37.498+0000] {processor.py:183} INFO - Processing /home/airflow/.local/lib/python3.8/site-packages/airflow/example_dags/example_xcom.py took 0.379 seconds
[2024-03-31T23:18:09.503+0000] {processor.py:161} INFO - Started process (PID=189) to work on /home/airflow/.local/lib/python3.8/site-packages/airflow/example_dags/example_xcom.py
[2024-03-31T23:18:09.518+0000] {processor.py:830} INFO - Processing file /home/airflow/.local/lib/python3.8/site-packages/airflow/example_dags/example_xcom.py for tasks to queue
[2024-03-31T23:18:09.568+0000] {logging_mixin.py:188} INFO - [2024-03-31T23:18:09.558+0000] {dagbag.py:540} INFO - Filling up the DagBag from /home/airflow/.local/lib/python3.8/site-packages/airflow/example_dags/example_xcom.py
[2024-03-31T23:18:09.623+0000] {processor.py:840} INFO - DAG(s) 'example_xcom' retrieved from /home/airflow/.local/lib/python3.8/site-packages/airflow/example_dags/example_xcom.py
[2024-03-31T23:18:09.750+0000] {logging_mixin.py:188} INFO - [2024-03-31T23:18:09.750+0000] {dag.py:3047} INFO - Sync 1 DAGs
[2024-03-31T23:18:09.850+0000] {logging_mixin.py:188} INFO - [2024-03-31T23:18:09.850+0000] {dag.py:3834} INFO - Setting next_dagrun for example_xcom to 2021-01-01 00:00:00+00:00, run_after=2021-01-01 00:00:00+00:00
[2024-03-31T23:18:09.934+0000] {processor.py:183} INFO - Processing /home/airflow/.local/lib/python3.8/site-packages/airflow/example_dags/example_xcom.py took 0.438 seconds
[2024-03-31T23:18:40.473+0000] {processor.py:161} INFO - Started process (PID=244) to work on /home/airflow/.local/lib/python3.8/site-packages/airflow/example_dags/example_xcom.py
[2024-03-31T23:18:40.475+0000] {processor.py:830} INFO - Processing file /home/airflow/.local/lib/python3.8/site-packages/airflow/example_dags/example_xcom.py for tasks to queue
[2024-03-31T23:18:40.479+0000] {logging_mixin.py:188} INFO - [2024-03-31T23:18:40.478+0000] {dagbag.py:540} INFO - Filling up the DagBag from /home/airflow/.local/lib/python3.8/site-packages/airflow/example_dags/example_xcom.py
[2024-03-31T23:18:40.495+0000] {processor.py:840} INFO - DAG(s) 'example_xcom' retrieved from /home/airflow/.local/lib/python3.8/site-packages/airflow/example_dags/example_xcom.py
[2024-03-31T23:18:40.559+0000] {logging_mixin.py:188} INFO - [2024-03-31T23:18:40.559+0000] {dag.py:3047} INFO - Sync 1 DAGs
[2024-03-31T23:18:40.631+0000] {logging_mixin.py:188} INFO - [2024-03-31T23:18:40.631+0000] {dag.py:3834} INFO - Setting next_dagrun for example_xcom to 2021-01-01 00:00:00+00:00, run_after=2021-01-01 00:00:00+00:00
[2024-03-31T23:18:40.672+0000] {processor.py:183} INFO - Processing /home/airflow/.local/lib/python3.8/site-packages/airflow/example_dags/example_xcom.py took 0.205 seconds
[2024-03-31T23:19:11.040+0000] {processor.py:161} INFO - Started process (PID=299) to work on /home/airflow/.local/lib/python3.8/site-packages/airflow/example_dags/example_xcom.py
[2024-03-31T23:19:11.042+0000] {processor.py:830} INFO - Processing file /home/airflow/.local/lib/python3.8/site-packages/airflow/example_dags/example_xcom.py for tasks to queue
[2024-03-31T23:19:11.045+0000] {logging_mixin.py:188} INFO - [2024-03-31T23:19:11.044+0000] {dagbag.py:540} INFO - Filling up the DagBag from /home/airflow/.local/lib/python3.8/site-packages/airflow/example_dags/example_xcom.py
[2024-03-31T23:19:11.057+0000] {processor.py:840} INFO - DAG(s) 'example_xcom' retrieved from /home/airflow/.local/lib/python3.8/site-packages/airflow/example_dags/example_xcom.py
[2024-03-31T23:19:11.088+0000] {logging_mixin.py:188} INFO - [2024-03-31T23:19:11.088+0000] {dag.py:3047} INFO - Sync 1 DAGs
[2024-03-31T23:19:11.128+0000] {logging_mixin.py:188} INFO - [2024-03-31T23:19:11.127+0000] {dag.py:3834} INFO - Setting next_dagrun for example_xcom to 2021-01-01 00:00:00+00:00, run_after=2021-01-01 00:00:00+00:00
[2024-03-31T23:19:11.158+0000] {processor.py:183} INFO - Processing /home/airflow/.local/lib/python3.8/site-packages/airflow/example_dags/example_xcom.py took 0.124 seconds
