[2024-03-31T23:17:06.271+0000] {processor.py:161} INFO - Started process (PID=78) to work on /home/airflow/.local/lib/python3.8/site-packages/airflow/example_dags/example_task_group_decorator.py
[2024-03-31T23:17:06.272+0000] {processor.py:830} INFO - Processing file /home/airflow/.local/lib/python3.8/site-packages/airflow/example_dags/example_task_group_decorator.py for tasks to queue
[2024-03-31T23:17:06.276+0000] {logging_mixin.py:188} INFO - [2024-03-31T23:17:06.275+0000] {dagbag.py:540} INFO - Filling up the DagBag from /home/airflow/.local/lib/python3.8/site-packages/airflow/example_dags/example_task_group_decorator.py
[2024-03-31T23:17:06.310+0000] {processor.py:840} INFO - DAG(s) 'example_task_group_decorator' retrieved from /home/airflow/.local/lib/python3.8/site-packages/airflow/example_dags/example_task_group_decorator.py
[2024-03-31T23:17:06.482+0000] {logging_mixin.py:188} INFO - [2024-03-31T23:17:06.480+0000] {override.py:1769} INFO - Created Permission View: can read on DAG:example_task_group_decorator
[2024-03-31T23:17:06.502+0000] {logging_mixin.py:188} INFO - [2024-03-31T23:17:06.501+0000] {override.py:1769} INFO - Created Permission View: can delete on DAG:example_task_group_decorator
[2024-03-31T23:17:06.514+0000] {logging_mixin.py:188} INFO - [2024-03-31T23:17:06.513+0000] {override.py:1769} INFO - Created Permission View: can edit on DAG:example_task_group_decorator
[2024-03-31T23:17:06.515+0000] {logging_mixin.py:188} INFO - [2024-03-31T23:17:06.515+0000] {dag.py:3047} INFO - Sync 1 DAGs
[2024-03-31T23:17:06.535+0000] {logging_mixin.py:188} INFO - [2024-03-31T23:17:06.534+0000] {dag.py:3069} INFO - Creating ORM DAG for example_task_group_decorator
[2024-03-31T23:17:06.554+0000] {logging_mixin.py:188} INFO - [2024-03-31T23:17:06.554+0000] {dag.py:3834} INFO - Setting next_dagrun for example_task_group_decorator to 2024-03-30 00:00:00+00:00, run_after=2024-03-31 00:00:00+00:00
[2024-03-31T23:17:06.587+0000] {processor.py:183} INFO - Processing /home/airflow/.local/lib/python3.8/site-packages/airflow/example_dags/example_task_group_decorator.py took 0.322 seconds
[2024-03-31T23:17:37.087+0000] {processor.py:161} INFO - Started process (PID=133) to work on /home/airflow/.local/lib/python3.8/site-packages/airflow/example_dags/example_task_group_decorator.py
[2024-03-31T23:17:37.089+0000] {processor.py:830} INFO - Processing file /home/airflow/.local/lib/python3.8/site-packages/airflow/example_dags/example_task_group_decorator.py for tasks to queue
[2024-03-31T23:17:37.093+0000] {logging_mixin.py:188} INFO - [2024-03-31T23:17:37.092+0000] {dagbag.py:540} INFO - Filling up the DagBag from /home/airflow/.local/lib/python3.8/site-packages/airflow/example_dags/example_task_group_decorator.py
[2024-03-31T23:17:37.152+0000] {processor.py:840} INFO - DAG(s) 'example_task_group_decorator' retrieved from /home/airflow/.local/lib/python3.8/site-packages/airflow/example_dags/example_task_group_decorator.py
[2024-03-31T23:17:37.267+0000] {logging_mixin.py:188} INFO - [2024-03-31T23:17:37.267+0000] {dag.py:3047} INFO - Sync 1 DAGs
[2024-03-31T23:17:37.388+0000] {logging_mixin.py:188} INFO - [2024-03-31T23:17:37.388+0000] {dag.py:3834} INFO - Setting next_dagrun for example_task_group_decorator to 2024-03-30 00:00:00+00:00, run_after=2024-03-31 00:00:00+00:00
[2024-03-31T23:17:37.478+0000] {processor.py:183} INFO - Processing /home/airflow/.local/lib/python3.8/site-packages/airflow/example_dags/example_task_group_decorator.py took 0.397 seconds
[2024-03-31T23:18:09.341+0000] {processor.py:161} INFO - Started process (PID=188) to work on /home/airflow/.local/lib/python3.8/site-packages/airflow/example_dags/example_task_group_decorator.py
[2024-03-31T23:18:09.354+0000] {processor.py:830} INFO - Processing file /home/airflow/.local/lib/python3.8/site-packages/airflow/example_dags/example_task_group_decorator.py for tasks to queue
[2024-03-31T23:18:09.365+0000] {logging_mixin.py:188} INFO - [2024-03-31T23:18:09.364+0000] {dagbag.py:540} INFO - Filling up the DagBag from /home/airflow/.local/lib/python3.8/site-packages/airflow/example_dags/example_task_group_decorator.py
[2024-03-31T23:18:09.462+0000] {processor.py:840} INFO - DAG(s) 'example_task_group_decorator' retrieved from /home/airflow/.local/lib/python3.8/site-packages/airflow/example_dags/example_task_group_decorator.py
[2024-03-31T23:18:09.572+0000] {logging_mixin.py:188} INFO - [2024-03-31T23:18:09.572+0000] {dag.py:3047} INFO - Sync 1 DAGs
[2024-03-31T23:18:09.685+0000] {logging_mixin.py:188} INFO - [2024-03-31T23:18:09.684+0000] {dag.py:3834} INFO - Setting next_dagrun for example_task_group_decorator to 2024-03-30 00:00:00+00:00, run_after=2024-03-31 00:00:00+00:00
[2024-03-31T23:18:09.812+0000] {processor.py:183} INFO - Processing /home/airflow/.local/lib/python3.8/site-packages/airflow/example_dags/example_task_group_decorator.py took 0.487 seconds
[2024-03-31T23:18:40.390+0000] {processor.py:161} INFO - Started process (PID=243) to work on /home/airflow/.local/lib/python3.8/site-packages/airflow/example_dags/example_task_group_decorator.py
[2024-03-31T23:18:40.392+0000] {processor.py:830} INFO - Processing file /home/airflow/.local/lib/python3.8/site-packages/airflow/example_dags/example_task_group_decorator.py for tasks to queue
[2024-03-31T23:18:40.396+0000] {logging_mixin.py:188} INFO - [2024-03-31T23:18:40.395+0000] {dagbag.py:540} INFO - Filling up the DagBag from /home/airflow/.local/lib/python3.8/site-packages/airflow/example_dags/example_task_group_decorator.py
[2024-03-31T23:18:40.431+0000] {processor.py:840} INFO - DAG(s) 'example_task_group_decorator' retrieved from /home/airflow/.local/lib/python3.8/site-packages/airflow/example_dags/example_task_group_decorator.py
[2024-03-31T23:18:40.480+0000] {logging_mixin.py:188} INFO - [2024-03-31T23:18:40.480+0000] {dag.py:3047} INFO - Sync 1 DAGs
[2024-03-31T23:18:40.537+0000] {logging_mixin.py:188} INFO - [2024-03-31T23:18:40.537+0000] {dag.py:3834} INFO - Setting next_dagrun for example_task_group_decorator to 2024-03-30 00:00:00+00:00, run_after=2024-03-31 00:00:00+00:00
[2024-03-31T23:18:40.596+0000] {processor.py:183} INFO - Processing /home/airflow/.local/lib/python3.8/site-packages/airflow/example_dags/example_task_group_decorator.py took 0.211 seconds
[2024-03-31T23:19:10.973+0000] {processor.py:161} INFO - Started process (PID=298) to work on /home/airflow/.local/lib/python3.8/site-packages/airflow/example_dags/example_task_group_decorator.py
[2024-03-31T23:19:10.975+0000] {processor.py:830} INFO - Processing file /home/airflow/.local/lib/python3.8/site-packages/airflow/example_dags/example_task_group_decorator.py for tasks to queue
[2024-03-31T23:19:10.978+0000] {logging_mixin.py:188} INFO - [2024-03-31T23:19:10.978+0000] {dagbag.py:540} INFO - Filling up the DagBag from /home/airflow/.local/lib/python3.8/site-packages/airflow/example_dags/example_task_group_decorator.py
[2024-03-31T23:19:11.005+0000] {processor.py:840} INFO - DAG(s) 'example_task_group_decorator' retrieved from /home/airflow/.local/lib/python3.8/site-packages/airflow/example_dags/example_task_group_decorator.py
[2024-03-31T23:19:11.047+0000] {logging_mixin.py:188} INFO - [2024-03-31T23:19:11.046+0000] {dag.py:3047} INFO - Sync 1 DAGs
[2024-03-31T23:19:11.079+0000] {logging_mixin.py:188} INFO - [2024-03-31T23:19:11.079+0000] {dag.py:3834} INFO - Setting next_dagrun for example_task_group_decorator to 2024-03-30 00:00:00+00:00, run_after=2024-03-31 00:00:00+00:00
[2024-03-31T23:19:11.110+0000] {processor.py:183} INFO - Processing /home/airflow/.local/lib/python3.8/site-packages/airflow/example_dags/example_task_group_decorator.py took 0.142 seconds
