[2024-03-31T23:16:56.593+0000] {processor.py:161} INFO - Started process (PID=50) to work on /home/airflow/.local/lib/python3.8/site-packages/airflow/example_dags/example_xcomargs.py
[2024-03-31T23:16:56.607+0000] {processor.py:830} INFO - Processing file /home/airflow/.local/lib/python3.8/site-packages/airflow/example_dags/example_xcomargs.py for tasks to queue
[2024-03-31T23:16:56.611+0000] {logging_mixin.py:188} INFO - [2024-03-31T23:16:56.610+0000] {dagbag.py:540} INFO - Filling up the DagBag from /home/airflow/.local/lib/python3.8/site-packages/airflow/example_dags/example_xcomargs.py
[2024-03-31T23:16:56.636+0000] {processor.py:840} INFO - DAG(s) 'example_xcom_args_with_operators', 'example_xcom_args' retrieved from /home/airflow/.local/lib/python3.8/site-packages/airflow/example_dags/example_xcomargs.py
[2024-03-31T23:16:56.895+0000] {logging_mixin.py:188} INFO - [2024-03-31T23:16:56.894+0000] {override.py:1769} INFO - Created Permission View: can read on DAG:example_xcom_args_with_operators
[2024-03-31T23:16:56.918+0000] {logging_mixin.py:188} INFO - [2024-03-31T23:16:56.917+0000] {override.py:1769} INFO - Created Permission View: can delete on DAG:example_xcom_args_with_operators
[2024-03-31T23:16:56.933+0000] {logging_mixin.py:188} INFO - [2024-03-31T23:16:56.932+0000] {override.py:1769} INFO - Created Permission View: can edit on DAG:example_xcom_args_with_operators
[2024-03-31T23:16:56.967+0000] {logging_mixin.py:188} INFO - [2024-03-31T23:16:56.966+0000] {override.py:1769} INFO - Created Permission View: can read on DAG:example_xcom_args
[2024-03-31T23:16:56.982+0000] {logging_mixin.py:188} INFO - [2024-03-31T23:16:56.981+0000] {override.py:1769} INFO - Created Permission View: can delete on DAG:example_xcom_args
[2024-03-31T23:16:56.998+0000] {logging_mixin.py:188} INFO - [2024-03-31T23:16:56.997+0000] {override.py:1769} INFO - Created Permission View: can edit on DAG:example_xcom_args
[2024-03-31T23:16:56.999+0000] {logging_mixin.py:188} INFO - [2024-03-31T23:16:56.999+0000] {dag.py:3047} INFO - Sync 2 DAGs
[2024-03-31T23:16:57.023+0000] {logging_mixin.py:188} INFO - [2024-03-31T23:16:57.023+0000] {dag.py:3069} INFO - Creating ORM DAG for example_xcom_args_with_operators
[2024-03-31T23:16:57.025+0000] {logging_mixin.py:188} INFO - [2024-03-31T23:16:57.025+0000] {dag.py:3069} INFO - Creating ORM DAG for example_xcom_args
[2024-03-31T23:16:57.027+0000] {logging_mixin.py:188} INFO - [2024-03-31T23:16:57.027+0000] {dag.py:3834} INFO - Setting next_dagrun for example_xcom_args to None, run_after=None
[2024-03-31T23:16:57.029+0000] {logging_mixin.py:188} INFO - [2024-03-31T23:16:57.029+0000] {dag.py:3834} INFO - Setting next_dagrun for example_xcom_args_with_operators to None, run_after=None
[2024-03-31T23:16:57.084+0000] {processor.py:183} INFO - Processing /home/airflow/.local/lib/python3.8/site-packages/airflow/example_dags/example_xcomargs.py took 0.497 seconds
[2024-03-31T23:17:27.542+0000] {processor.py:161} INFO - Started process (PID=105) to work on /home/airflow/.local/lib/python3.8/site-packages/airflow/example_dags/example_xcomargs.py
[2024-03-31T23:17:27.545+0000] {processor.py:830} INFO - Processing file /home/airflow/.local/lib/python3.8/site-packages/airflow/example_dags/example_xcomargs.py for tasks to queue
[2024-03-31T23:17:27.549+0000] {logging_mixin.py:188} INFO - [2024-03-31T23:17:27.548+0000] {dagbag.py:540} INFO - Filling up the DagBag from /home/airflow/.local/lib/python3.8/site-packages/airflow/example_dags/example_xcomargs.py
[2024-03-31T23:17:27.580+0000] {processor.py:840} INFO - DAG(s) 'example_xcom_args', 'example_xcom_args_with_operators' retrieved from /home/airflow/.local/lib/python3.8/site-packages/airflow/example_dags/example_xcomargs.py
[2024-03-31T23:17:27.649+0000] {logging_mixin.py:188} INFO - [2024-03-31T23:17:27.649+0000] {dag.py:3047} INFO - Sync 2 DAGs
[2024-03-31T23:17:27.713+0000] {logging_mixin.py:188} INFO - [2024-03-31T23:17:27.712+0000] {dag.py:3834} INFO - Setting next_dagrun for example_xcom_args to None, run_after=None
[2024-03-31T23:17:27.725+0000] {logging_mixin.py:188} INFO - [2024-03-31T23:17:27.724+0000] {dag.py:3834} INFO - Setting next_dagrun for example_xcom_args_with_operators to None, run_after=None
[2024-03-31T23:17:27.778+0000] {processor.py:183} INFO - Processing /home/airflow/.local/lib/python3.8/site-packages/airflow/example_dags/example_xcomargs.py took 0.254 seconds
[2024-03-31T23:17:57.824+0000] {processor.py:161} INFO - Started process (PID=160) to work on /home/airflow/.local/lib/python3.8/site-packages/airflow/example_dags/example_xcomargs.py
[2024-03-31T23:17:57.826+0000] {processor.py:830} INFO - Processing file /home/airflow/.local/lib/python3.8/site-packages/airflow/example_dags/example_xcomargs.py for tasks to queue
[2024-03-31T23:17:57.829+0000] {logging_mixin.py:188} INFO - [2024-03-31T23:17:57.829+0000] {dagbag.py:540} INFO - Filling up the DagBag from /home/airflow/.local/lib/python3.8/site-packages/airflow/example_dags/example_xcomargs.py
[2024-03-31T23:17:57.841+0000] {processor.py:840} INFO - DAG(s) 'example_xcom_args', 'example_xcom_args_with_operators' retrieved from /home/airflow/.local/lib/python3.8/site-packages/airflow/example_dags/example_xcomargs.py
[2024-03-31T23:17:57.884+0000] {logging_mixin.py:188} INFO - [2024-03-31T23:17:57.884+0000] {dag.py:3047} INFO - Sync 2 DAGs
[2024-03-31T23:17:57.938+0000] {logging_mixin.py:188} INFO - [2024-03-31T23:17:57.938+0000] {dag.py:3834} INFO - Setting next_dagrun for example_xcom_args to None, run_after=None
[2024-03-31T23:17:57.944+0000] {logging_mixin.py:188} INFO - [2024-03-31T23:17:57.944+0000] {dag.py:3834} INFO - Setting next_dagrun for example_xcom_args_with_operators to None, run_after=None
[2024-03-31T23:17:57.972+0000] {processor.py:183} INFO - Processing /home/airflow/.local/lib/python3.8/site-packages/airflow/example_dags/example_xcomargs.py took 0.152 seconds
[2024-03-31T23:18:28.983+0000] {processor.py:161} INFO - Started process (PID=215) to work on /home/airflow/.local/lib/python3.8/site-packages/airflow/example_dags/example_xcomargs.py
[2024-03-31T23:18:28.986+0000] {processor.py:830} INFO - Processing file /home/airflow/.local/lib/python3.8/site-packages/airflow/example_dags/example_xcomargs.py for tasks to queue
[2024-03-31T23:18:28.992+0000] {logging_mixin.py:188} INFO - [2024-03-31T23:18:28.991+0000] {dagbag.py:540} INFO - Filling up the DagBag from /home/airflow/.local/lib/python3.8/site-packages/airflow/example_dags/example_xcomargs.py
[2024-03-31T23:18:29.010+0000] {processor.py:840} INFO - DAG(s) 'example_xcom_args_with_operators', 'example_xcom_args' retrieved from /home/airflow/.local/lib/python3.8/site-packages/airflow/example_dags/example_xcomargs.py
[2024-03-31T23:18:29.076+0000] {logging_mixin.py:188} INFO - [2024-03-31T23:18:29.075+0000] {dag.py:3047} INFO - Sync 2 DAGs
[2024-03-31T23:18:29.119+0000] {logging_mixin.py:188} INFO - [2024-03-31T23:18:29.118+0000] {dag.py:3834} INFO - Setting next_dagrun for example_xcom_args to None, run_after=None
[2024-03-31T23:18:29.127+0000] {logging_mixin.py:188} INFO - [2024-03-31T23:18:29.126+0000] {dag.py:3834} INFO - Setting next_dagrun for example_xcom_args_with_operators to None, run_after=None
[2024-03-31T23:18:29.163+0000] {processor.py:183} INFO - Processing /home/airflow/.local/lib/python3.8/site-packages/airflow/example_dags/example_xcomargs.py took 0.188 seconds
[2024-03-31T23:18:59.850+0000] {processor.py:161} INFO - Started process (PID=270) to work on /home/airflow/.local/lib/python3.8/site-packages/airflow/example_dags/example_xcomargs.py
[2024-03-31T23:18:59.853+0000] {processor.py:830} INFO - Processing file /home/airflow/.local/lib/python3.8/site-packages/airflow/example_dags/example_xcomargs.py for tasks to queue
[2024-03-31T23:18:59.857+0000] {logging_mixin.py:188} INFO - [2024-03-31T23:18:59.856+0000] {dagbag.py:540} INFO - Filling up the DagBag from /home/airflow/.local/lib/python3.8/site-packages/airflow/example_dags/example_xcomargs.py
[2024-03-31T23:18:59.873+0000] {processor.py:840} INFO - DAG(s) 'example_xcom_args_with_operators', 'example_xcom_args' retrieved from /home/airflow/.local/lib/python3.8/site-packages/airflow/example_dags/example_xcomargs.py
[2024-03-31T23:18:59.931+0000] {logging_mixin.py:188} INFO - [2024-03-31T23:18:59.931+0000] {dag.py:3047} INFO - Sync 2 DAGs
[2024-03-31T23:18:59.958+0000] {logging_mixin.py:188} INFO - [2024-03-31T23:18:59.958+0000] {dag.py:3834} INFO - Setting next_dagrun for example_xcom_args to None, run_after=None
[2024-03-31T23:18:59.966+0000] {logging_mixin.py:188} INFO - [2024-03-31T23:18:59.965+0000] {dag.py:3834} INFO - Setting next_dagrun for example_xcom_args_with_operators to None, run_after=None
[2024-03-31T23:18:59.997+0000] {processor.py:183} INFO - Processing /home/airflow/.local/lib/python3.8/site-packages/airflow/example_dags/example_xcomargs.py took 0.154 seconds
[2024-03-31T23:19:31.127+0000] {processor.py:161} INFO - Started process (PID=325) to work on /home/airflow/.local/lib/python3.8/site-packages/airflow/example_dags/example_xcomargs.py
[2024-03-31T23:19:31.130+0000] {processor.py:830} INFO - Processing file /home/airflow/.local/lib/python3.8/site-packages/airflow/example_dags/example_xcomargs.py for tasks to queue
[2024-03-31T23:19:31.134+0000] {logging_mixin.py:188} INFO - [2024-03-31T23:19:31.133+0000] {dagbag.py:540} INFO - Filling up the DagBag from /home/airflow/.local/lib/python3.8/site-packages/airflow/example_dags/example_xcomargs.py
[2024-03-31T23:19:31.156+0000] {processor.py:840} INFO - DAG(s) 'example_xcom_args_with_operators', 'example_xcom_args' retrieved from /home/airflow/.local/lib/python3.8/site-packages/airflow/example_dags/example_xcomargs.py
[2024-03-31T23:19:31.216+0000] {logging_mixin.py:188} INFO - [2024-03-31T23:19:31.214+0000] {dag.py:3047} INFO - Sync 2 DAGs
[2024-03-31T23:19:31.272+0000] {logging_mixin.py:188} INFO - [2024-03-31T23:19:31.271+0000] {dag.py:3834} INFO - Setting next_dagrun for example_xcom_args to None, run_after=None
[2024-03-31T23:19:31.289+0000] {logging_mixin.py:188} INFO - [2024-03-31T23:19:31.288+0000] {dag.py:3834} INFO - Setting next_dagrun for example_xcom_args_with_operators to None, run_after=None
[2024-03-31T23:19:31.353+0000] {processor.py:183} INFO - Processing /home/airflow/.local/lib/python3.8/site-packages/airflow/example_dags/example_xcomargs.py took 0.233 seconds
