[2024-03-31T23:16:58.494+0000] {processor.py:161} INFO - Started process (PID=57) to work on /home/airflow/.local/lib/python3.8/site-packages/airflow/example_dags/example_sensor_decorator.py
[2024-03-31T23:16:58.496+0000] {processor.py:830} INFO - Processing file /home/airflow/.local/lib/python3.8/site-packages/airflow/example_dags/example_sensor_decorator.py for tasks to queue
[2024-03-31T23:16:58.500+0000] {logging_mixin.py:188} INFO - [2024-03-31T23:16:58.499+0000] {dagbag.py:540} INFO - Filling up the DagBag from /home/airflow/.local/lib/python3.8/site-packages/airflow/example_dags/example_sensor_decorator.py
[2024-03-31T23:16:58.514+0000] {processor.py:840} INFO - DAG(s) 'example_sensor_decorator' retrieved from /home/airflow/.local/lib/python3.8/site-packages/airflow/example_dags/example_sensor_decorator.py
[2024-03-31T23:16:58.877+0000] {logging_mixin.py:188} INFO - [2024-03-31T23:16:58.876+0000] {override.py:1769} INFO - Created Permission View: can read on DAG:example_sensor_decorator
[2024-03-31T23:16:58.902+0000] {logging_mixin.py:188} INFO - [2024-03-31T23:16:58.901+0000] {override.py:1769} INFO - Created Permission View: can delete on DAG:example_sensor_decorator
[2024-03-31T23:16:58.919+0000] {logging_mixin.py:188} INFO - [2024-03-31T23:16:58.919+0000] {override.py:1769} INFO - Created Permission View: can edit on DAG:example_sensor_decorator
[2024-03-31T23:16:58.922+0000] {logging_mixin.py:188} INFO - [2024-03-31T23:16:58.921+0000] {dag.py:3047} INFO - Sync 1 DAGs
[2024-03-31T23:16:58.961+0000] {logging_mixin.py:188} INFO - [2024-03-31T23:16:58.960+0000] {dag.py:3069} INFO - Creating ORM DAG for example_sensor_decorator
[2024-03-31T23:16:58.962+0000] {logging_mixin.py:188} INFO - [2024-03-31T23:16:58.962+0000] {dag.py:3834} INFO - Setting next_dagrun for example_sensor_decorator to None, run_after=None
[2024-03-31T23:16:59.007+0000] {processor.py:183} INFO - Processing /home/airflow/.local/lib/python3.8/site-packages/airflow/example_dags/example_sensor_decorator.py took 0.518 seconds
[2024-03-31T23:17:29.801+0000] {processor.py:161} INFO - Started process (PID=112) to work on /home/airflow/.local/lib/python3.8/site-packages/airflow/example_dags/example_sensor_decorator.py
[2024-03-31T23:17:29.817+0000] {processor.py:830} INFO - Processing file /home/airflow/.local/lib/python3.8/site-packages/airflow/example_dags/example_sensor_decorator.py for tasks to queue
[2024-03-31T23:17:29.821+0000] {logging_mixin.py:188} INFO - [2024-03-31T23:17:29.820+0000] {dagbag.py:540} INFO - Filling up the DagBag from /home/airflow/.local/lib/python3.8/site-packages/airflow/example_dags/example_sensor_decorator.py
[2024-03-31T23:17:29.849+0000] {processor.py:840} INFO - DAG(s) 'example_sensor_decorator' retrieved from /home/airflow/.local/lib/python3.8/site-packages/airflow/example_dags/example_sensor_decorator.py
[2024-03-31T23:17:29.881+0000] {logging_mixin.py:188} INFO - [2024-03-31T23:17:29.880+0000] {dag.py:3047} INFO - Sync 1 DAGs
[2024-03-31T23:17:29.907+0000] {logging_mixin.py:188} INFO - [2024-03-31T23:17:29.907+0000] {dag.py:3834} INFO - Setting next_dagrun for example_sensor_decorator to None, run_after=None
[2024-03-31T23:17:29.952+0000] {processor.py:183} INFO - Processing /home/airflow/.local/lib/python3.8/site-packages/airflow/example_dags/example_sensor_decorator.py took 0.158 seconds
[2024-03-31T23:18:00.466+0000] {processor.py:161} INFO - Started process (PID=167) to work on /home/airflow/.local/lib/python3.8/site-packages/airflow/example_dags/example_sensor_decorator.py
[2024-03-31T23:18:00.472+0000] {processor.py:830} INFO - Processing file /home/airflow/.local/lib/python3.8/site-packages/airflow/example_dags/example_sensor_decorator.py for tasks to queue
[2024-03-31T23:18:00.477+0000] {logging_mixin.py:188} INFO - [2024-03-31T23:18:00.476+0000] {dagbag.py:540} INFO - Filling up the DagBag from /home/airflow/.local/lib/python3.8/site-packages/airflow/example_dags/example_sensor_decorator.py
[2024-03-31T23:18:00.502+0000] {processor.py:840} INFO - DAG(s) 'example_sensor_decorator' retrieved from /home/airflow/.local/lib/python3.8/site-packages/airflow/example_dags/example_sensor_decorator.py
[2024-03-31T23:18:00.558+0000] {logging_mixin.py:188} INFO - [2024-03-31T23:18:00.557+0000] {dag.py:3047} INFO - Sync 1 DAGs
[2024-03-31T23:18:00.609+0000] {logging_mixin.py:188} INFO - [2024-03-31T23:18:00.608+0000] {dag.py:3834} INFO - Setting next_dagrun for example_sensor_decorator to None, run_after=None
[2024-03-31T23:18:00.699+0000] {processor.py:183} INFO - Processing /home/airflow/.local/lib/python3.8/site-packages/airflow/example_dags/example_sensor_decorator.py took 0.240 seconds
[2024-03-31T23:18:31.560+0000] {processor.py:161} INFO - Started process (PID=222) to work on /home/airflow/.local/lib/python3.8/site-packages/airflow/example_dags/example_sensor_decorator.py
[2024-03-31T23:18:31.563+0000] {processor.py:830} INFO - Processing file /home/airflow/.local/lib/python3.8/site-packages/airflow/example_dags/example_sensor_decorator.py for tasks to queue
[2024-03-31T23:18:31.574+0000] {logging_mixin.py:188} INFO - [2024-03-31T23:18:31.573+0000] {dagbag.py:540} INFO - Filling up the DagBag from /home/airflow/.local/lib/python3.8/site-packages/airflow/example_dags/example_sensor_decorator.py
[2024-03-31T23:18:31.595+0000] {processor.py:840} INFO - DAG(s) 'example_sensor_decorator' retrieved from /home/airflow/.local/lib/python3.8/site-packages/airflow/example_dags/example_sensor_decorator.py
[2024-03-31T23:18:31.653+0000] {logging_mixin.py:188} INFO - [2024-03-31T23:18:31.653+0000] {dag.py:3047} INFO - Sync 1 DAGs
[2024-03-31T23:18:31.684+0000] {logging_mixin.py:188} INFO - [2024-03-31T23:18:31.683+0000] {dag.py:3834} INFO - Setting next_dagrun for example_sensor_decorator to None, run_after=None
[2024-03-31T23:18:31.743+0000] {processor.py:183} INFO - Processing /home/airflow/.local/lib/python3.8/site-packages/airflow/example_dags/example_sensor_decorator.py took 0.189 seconds
[2024-03-31T23:19:02.653+0000] {processor.py:161} INFO - Started process (PID=277) to work on /home/airflow/.local/lib/python3.8/site-packages/airflow/example_dags/example_sensor_decorator.py
[2024-03-31T23:19:02.656+0000] {processor.py:830} INFO - Processing file /home/airflow/.local/lib/python3.8/site-packages/airflow/example_dags/example_sensor_decorator.py for tasks to queue
[2024-03-31T23:19:02.661+0000] {logging_mixin.py:188} INFO - [2024-03-31T23:19:02.661+0000] {dagbag.py:540} INFO - Filling up the DagBag from /home/airflow/.local/lib/python3.8/site-packages/airflow/example_dags/example_sensor_decorator.py
[2024-03-31T23:19:02.674+0000] {processor.py:840} INFO - DAG(s) 'example_sensor_decorator' retrieved from /home/airflow/.local/lib/python3.8/site-packages/airflow/example_dags/example_sensor_decorator.py
[2024-03-31T23:19:02.717+0000] {logging_mixin.py:188} INFO - [2024-03-31T23:19:02.716+0000] {dag.py:3047} INFO - Sync 1 DAGs
[2024-03-31T23:19:02.746+0000] {logging_mixin.py:188} INFO - [2024-03-31T23:19:02.745+0000] {dag.py:3834} INFO - Setting next_dagrun for example_sensor_decorator to None, run_after=None
[2024-03-31T23:19:02.810+0000] {processor.py:183} INFO - Processing /home/airflow/.local/lib/python3.8/site-packages/airflow/example_dags/example_sensor_decorator.py took 0.163 seconds
