[2024-03-31T23:16:54.404+0000] {processor.py:161} INFO - Started process (PID=45) to work on /home/airflow/.local/lib/python3.8/site-packages/airflow/example_dags/example_python_decorator.py
[2024-03-31T23:16:54.407+0000] {processor.py:830} INFO - Processing file /home/airflow/.local/lib/python3.8/site-packages/airflow/example_dags/example_python_decorator.py for tasks to queue
[2024-03-31T23:16:54.411+0000] {logging_mixin.py:188} INFO - [2024-03-31T23:16:54.410+0000] {dagbag.py:540} INFO - Filling up the DagBag from /home/airflow/.local/lib/python3.8/site-packages/airflow/example_dags/example_python_decorator.py
[2024-03-31T23:16:54.475+0000] {processor.py:840} INFO - DAG(s) 'example_python_decorator' retrieved from /home/airflow/.local/lib/python3.8/site-packages/airflow/example_dags/example_python_decorator.py
[2024-03-31T23:16:55.142+0000] {logging_mixin.py:188} INFO - [2024-03-31T23:16:55.139+0000] {override.py:1769} INFO - Created Permission View: can read on DAG:example_python_decorator
[2024-03-31T23:16:55.178+0000] {logging_mixin.py:188} INFO - [2024-03-31T23:16:55.177+0000] {override.py:1769} INFO - Created Permission View: can delete on DAG:example_python_decorator
[2024-03-31T23:16:55.202+0000] {logging_mixin.py:188} INFO - [2024-03-31T23:16:55.201+0000] {override.py:1769} INFO - Created Permission View: can edit on DAG:example_python_decorator
[2024-03-31T23:16:55.204+0000] {logging_mixin.py:188} INFO - [2024-03-31T23:16:55.204+0000] {dag.py:3047} INFO - Sync 1 DAGs
[2024-03-31T23:16:55.240+0000] {logging_mixin.py:188} INFO - [2024-03-31T23:16:55.240+0000] {dag.py:3069} INFO - Creating ORM DAG for example_python_decorator
[2024-03-31T23:16:55.242+0000] {logging_mixin.py:188} INFO - [2024-03-31T23:16:55.242+0000] {dag.py:3834} INFO - Setting next_dagrun for example_python_decorator to None, run_after=None
[2024-03-31T23:16:55.304+0000] {processor.py:183} INFO - Processing /home/airflow/.local/lib/python3.8/site-packages/airflow/example_dags/example_python_decorator.py took 0.907 seconds
[2024-03-31T23:17:26.363+0000] {processor.py:161} INFO - Started process (PID=100) to work on /home/airflow/.local/lib/python3.8/site-packages/airflow/example_dags/example_python_decorator.py
[2024-03-31T23:17:26.384+0000] {processor.py:830} INFO - Processing file /home/airflow/.local/lib/python3.8/site-packages/airflow/example_dags/example_python_decorator.py for tasks to queue
[2024-03-31T23:17:26.413+0000] {logging_mixin.py:188} INFO - [2024-03-31T23:17:26.409+0000] {dagbag.py:540} INFO - Filling up the DagBag from /home/airflow/.local/lib/python3.8/site-packages/airflow/example_dags/example_python_decorator.py
[2024-03-31T23:17:26.516+0000] {processor.py:840} INFO - DAG(s) 'example_python_decorator' retrieved from /home/airflow/.local/lib/python3.8/site-packages/airflow/example_dags/example_python_decorator.py
[2024-03-31T23:17:26.612+0000] {logging_mixin.py:188} INFO - [2024-03-31T23:17:26.611+0000] {dag.py:3047} INFO - Sync 1 DAGs
[2024-03-31T23:17:26.722+0000] {logging_mixin.py:188} INFO - [2024-03-31T23:17:26.721+0000] {dag.py:3834} INFO - Setting next_dagrun for example_python_decorator to None, run_after=None
[2024-03-31T23:17:26.798+0000] {processor.py:183} INFO - Processing /home/airflow/.local/lib/python3.8/site-packages/airflow/example_dags/example_python_decorator.py took 0.479 seconds
[2024-03-31T23:17:57.240+0000] {processor.py:161} INFO - Started process (PID=155) to work on /home/airflow/.local/lib/python3.8/site-packages/airflow/example_dags/example_python_decorator.py
[2024-03-31T23:17:57.261+0000] {processor.py:830} INFO - Processing file /home/airflow/.local/lib/python3.8/site-packages/airflow/example_dags/example_python_decorator.py for tasks to queue
[2024-03-31T23:17:57.267+0000] {logging_mixin.py:188} INFO - [2024-03-31T23:17:57.266+0000] {dagbag.py:540} INFO - Filling up the DagBag from /home/airflow/.local/lib/python3.8/site-packages/airflow/example_dags/example_python_decorator.py
[2024-03-31T23:17:57.327+0000] {processor.py:840} INFO - DAG(s) 'example_python_decorator' retrieved from /home/airflow/.local/lib/python3.8/site-packages/airflow/example_dags/example_python_decorator.py
[2024-03-31T23:17:57.415+0000] {logging_mixin.py:188} INFO - [2024-03-31T23:17:57.415+0000] {dag.py:3047} INFO - Sync 1 DAGs
[2024-03-31T23:17:57.474+0000] {logging_mixin.py:188} INFO - [2024-03-31T23:17:57.474+0000] {dag.py:3834} INFO - Setting next_dagrun for example_python_decorator to None, run_after=None
[2024-03-31T23:17:57.539+0000] {processor.py:183} INFO - Processing /home/airflow/.local/lib/python3.8/site-packages/airflow/example_dags/example_python_decorator.py took 0.317 seconds
[2024-03-31T23:18:28.043+0000] {processor.py:161} INFO - Started process (PID=210) to work on /home/airflow/.local/lib/python3.8/site-packages/airflow/example_dags/example_python_decorator.py
[2024-03-31T23:18:28.046+0000] {processor.py:830} INFO - Processing file /home/airflow/.local/lib/python3.8/site-packages/airflow/example_dags/example_python_decorator.py for tasks to queue
[2024-03-31T23:18:28.066+0000] {logging_mixin.py:188} INFO - [2024-03-31T23:18:28.061+0000] {dagbag.py:540} INFO - Filling up the DagBag from /home/airflow/.local/lib/python3.8/site-packages/airflow/example_dags/example_python_decorator.py
[2024-03-31T23:18:28.169+0000] {processor.py:840} INFO - DAG(s) 'example_python_decorator' retrieved from /home/airflow/.local/lib/python3.8/site-packages/airflow/example_dags/example_python_decorator.py
[2024-03-31T23:18:28.289+0000] {logging_mixin.py:188} INFO - [2024-03-31T23:18:28.288+0000] {dag.py:3047} INFO - Sync 1 DAGs
[2024-03-31T23:18:28.382+0000] {logging_mixin.py:188} INFO - [2024-03-31T23:18:28.379+0000] {dag.py:3834} INFO - Setting next_dagrun for example_python_decorator to None, run_after=None
[2024-03-31T23:18:28.494+0000] {processor.py:183} INFO - Processing /home/airflow/.local/lib/python3.8/site-packages/airflow/example_dags/example_python_decorator.py took 0.492 seconds
[2024-03-31T23:18:59.266+0000] {processor.py:161} INFO - Started process (PID=265) to work on /home/airflow/.local/lib/python3.8/site-packages/airflow/example_dags/example_python_decorator.py
[2024-03-31T23:18:59.273+0000] {processor.py:830} INFO - Processing file /home/airflow/.local/lib/python3.8/site-packages/airflow/example_dags/example_python_decorator.py for tasks to queue
[2024-03-31T23:18:59.284+0000] {logging_mixin.py:188} INFO - [2024-03-31T23:18:59.282+0000] {dagbag.py:540} INFO - Filling up the DagBag from /home/airflow/.local/lib/python3.8/site-packages/airflow/example_dags/example_python_decorator.py
[2024-03-31T23:18:59.342+0000] {processor.py:840} INFO - DAG(s) 'example_python_decorator' retrieved from /home/airflow/.local/lib/python3.8/site-packages/airflow/example_dags/example_python_decorator.py
[2024-03-31T23:18:59.407+0000] {logging_mixin.py:188} INFO - [2024-03-31T23:18:59.407+0000] {dag.py:3047} INFO - Sync 1 DAGs
[2024-03-31T23:18:59.436+0000] {logging_mixin.py:188} INFO - [2024-03-31T23:18:59.436+0000] {dag.py:3834} INFO - Setting next_dagrun for example_python_decorator to None, run_after=None
[2024-03-31T23:18:59.481+0000] {processor.py:183} INFO - Processing /home/airflow/.local/lib/python3.8/site-packages/airflow/example_dags/example_python_decorator.py took 0.246 seconds
[2024-03-31T23:19:30.466+0000] {processor.py:161} INFO - Started process (PID=320) to work on /home/airflow/.local/lib/python3.8/site-packages/airflow/example_dags/example_python_decorator.py
[2024-03-31T23:19:30.469+0000] {processor.py:830} INFO - Processing file /home/airflow/.local/lib/python3.8/site-packages/airflow/example_dags/example_python_decorator.py for tasks to queue
[2024-03-31T23:19:30.472+0000] {logging_mixin.py:188} INFO - [2024-03-31T23:19:30.472+0000] {dagbag.py:540} INFO - Filling up the DagBag from /home/airflow/.local/lib/python3.8/site-packages/airflow/example_dags/example_python_decorator.py
[2024-03-31T23:19:30.502+0000] {processor.py:840} INFO - DAG(s) 'example_python_decorator' retrieved from /home/airflow/.local/lib/python3.8/site-packages/airflow/example_dags/example_python_decorator.py
[2024-03-31T23:19:30.549+0000] {logging_mixin.py:188} INFO - [2024-03-31T23:19:30.548+0000] {dag.py:3047} INFO - Sync 1 DAGs
[2024-03-31T23:19:30.578+0000] {logging_mixin.py:188} INFO - [2024-03-31T23:19:30.577+0000] {dag.py:3834} INFO - Setting next_dagrun for example_python_decorator to None, run_after=None
[2024-03-31T23:19:30.620+0000] {processor.py:183} INFO - Processing /home/airflow/.local/lib/python3.8/site-packages/airflow/example_dags/example_python_decorator.py took 0.160 seconds
