[2024-03-31T23:16:57.220+0000] {processor.py:161} INFO - Started process (PID=53) to work on /home/airflow/.local/lib/python3.8/site-packages/airflow/example_dags/example_trigger_controller_dag.py
[2024-03-31T23:16:57.222+0000] {processor.py:830} INFO - Processing file /home/airflow/.local/lib/python3.8/site-packages/airflow/example_dags/example_trigger_controller_dag.py for tasks to queue
[2024-03-31T23:16:57.225+0000] {logging_mixin.py:188} INFO - [2024-03-31T23:16:57.225+0000] {dagbag.py:540} INFO - Filling up the DagBag from /home/airflow/.local/lib/python3.8/site-packages/airflow/example_dags/example_trigger_controller_dag.py
[2024-03-31T23:16:57.234+0000] {processor.py:840} INFO - DAG(s) 'example_trigger_controller_dag' retrieved from /home/airflow/.local/lib/python3.8/site-packages/airflow/example_dags/example_trigger_controller_dag.py
[2024-03-31T23:16:57.498+0000] {logging_mixin.py:188} INFO - [2024-03-31T23:16:57.496+0000] {override.py:1769} INFO - Created Permission View: can read on DAG:example_trigger_controller_dag
[2024-03-31T23:16:57.521+0000] {logging_mixin.py:188} INFO - [2024-03-31T23:16:57.520+0000] {override.py:1769} INFO - Created Permission View: can delete on DAG:example_trigger_controller_dag
[2024-03-31T23:16:57.536+0000] {logging_mixin.py:188} INFO - [2024-03-31T23:16:57.535+0000] {override.py:1769} INFO - Created Permission View: can edit on DAG:example_trigger_controller_dag
[2024-03-31T23:16:57.537+0000] {logging_mixin.py:188} INFO - [2024-03-31T23:16:57.537+0000] {dag.py:3047} INFO - Sync 1 DAGs
[2024-03-31T23:16:57.568+0000] {logging_mixin.py:188} INFO - [2024-03-31T23:16:57.568+0000] {dag.py:3069} INFO - Creating ORM DAG for example_trigger_controller_dag
[2024-03-31T23:16:57.591+0000] {logging_mixin.py:188} INFO - [2024-03-31T23:16:57.590+0000] {dag.py:3834} INFO - Setting next_dagrun for example_trigger_controller_dag to 2021-01-01 00:00:00+00:00, run_after=2021-01-01 00:00:00+00:00
[2024-03-31T23:16:57.631+0000] {processor.py:183} INFO - Processing /home/airflow/.local/lib/python3.8/site-packages/airflow/example_dags/example_trigger_controller_dag.py took 0.418 seconds
[2024-03-31T23:17:27.981+0000] {processor.py:161} INFO - Started process (PID=108) to work on /home/airflow/.local/lib/python3.8/site-packages/airflow/example_dags/example_trigger_controller_dag.py
[2024-03-31T23:17:27.988+0000] {processor.py:830} INFO - Processing file /home/airflow/.local/lib/python3.8/site-packages/airflow/example_dags/example_trigger_controller_dag.py for tasks to queue
[2024-03-31T23:17:27.999+0000] {logging_mixin.py:188} INFO - [2024-03-31T23:17:27.994+0000] {dagbag.py:540} INFO - Filling up the DagBag from /home/airflow/.local/lib/python3.8/site-packages/airflow/example_dags/example_trigger_controller_dag.py
[2024-03-31T23:17:28.012+0000] {processor.py:840} INFO - DAG(s) 'example_trigger_controller_dag' retrieved from /home/airflow/.local/lib/python3.8/site-packages/airflow/example_dags/example_trigger_controller_dag.py
[2024-03-31T23:17:28.166+0000] {logging_mixin.py:188} INFO - [2024-03-31T23:17:28.165+0000] {dag.py:3047} INFO - Sync 1 DAGs
[2024-03-31T23:17:28.221+0000] {logging_mixin.py:188} INFO - [2024-03-31T23:17:28.220+0000] {dag.py:3834} INFO - Setting next_dagrun for example_trigger_controller_dag to 2021-01-01 00:00:00+00:00, run_after=2021-01-01 00:00:00+00:00
[2024-03-31T23:17:28.262+0000] {processor.py:183} INFO - Processing /home/airflow/.local/lib/python3.8/site-packages/airflow/example_dags/example_trigger_controller_dag.py took 0.290 seconds
[2024-03-31T23:17:59.135+0000] {processor.py:161} INFO - Started process (PID=163) to work on /home/airflow/.local/lib/python3.8/site-packages/airflow/example_dags/example_trigger_controller_dag.py
[2024-03-31T23:17:59.147+0000] {processor.py:830} INFO - Processing file /home/airflow/.local/lib/python3.8/site-packages/airflow/example_dags/example_trigger_controller_dag.py for tasks to queue
[2024-03-31T23:17:59.160+0000] {logging_mixin.py:188} INFO - [2024-03-31T23:17:59.160+0000] {dagbag.py:540} INFO - Filling up the DagBag from /home/airflow/.local/lib/python3.8/site-packages/airflow/example_dags/example_trigger_controller_dag.py
[2024-03-31T23:17:59.212+0000] {processor.py:840} INFO - DAG(s) 'example_trigger_controller_dag' retrieved from /home/airflow/.local/lib/python3.8/site-packages/airflow/example_dags/example_trigger_controller_dag.py
[2024-03-31T23:17:59.406+0000] {logging_mixin.py:188} INFO - [2024-03-31T23:17:59.405+0000] {dag.py:3047} INFO - Sync 1 DAGs
[2024-03-31T23:17:59.515+0000] {logging_mixin.py:188} INFO - [2024-03-31T23:17:59.514+0000] {dag.py:3834} INFO - Setting next_dagrun for example_trigger_controller_dag to 2021-01-01 00:00:00+00:00, run_after=2021-01-01 00:00:00+00:00
[2024-03-31T23:17:59.592+0000] {processor.py:183} INFO - Processing /home/airflow/.local/lib/python3.8/site-packages/airflow/example_dags/example_trigger_controller_dag.py took 0.519 seconds
[2024-03-31T23:18:30.281+0000] {processor.py:161} INFO - Started process (PID=218) to work on /home/airflow/.local/lib/python3.8/site-packages/airflow/example_dags/example_trigger_controller_dag.py
[2024-03-31T23:18:30.290+0000] {processor.py:830} INFO - Processing file /home/airflow/.local/lib/python3.8/site-packages/airflow/example_dags/example_trigger_controller_dag.py for tasks to queue
[2024-03-31T23:18:30.295+0000] {logging_mixin.py:188} INFO - [2024-03-31T23:18:30.294+0000] {dagbag.py:540} INFO - Filling up the DagBag from /home/airflow/.local/lib/python3.8/site-packages/airflow/example_dags/example_trigger_controller_dag.py
[2024-03-31T23:18:30.312+0000] {processor.py:840} INFO - DAG(s) 'example_trigger_controller_dag' retrieved from /home/airflow/.local/lib/python3.8/site-packages/airflow/example_dags/example_trigger_controller_dag.py
[2024-03-31T23:18:30.385+0000] {logging_mixin.py:188} INFO - [2024-03-31T23:18:30.384+0000] {dag.py:3047} INFO - Sync 1 DAGs
[2024-03-31T23:18:30.512+0000] {logging_mixin.py:188} INFO - [2024-03-31T23:18:30.510+0000] {dag.py:3834} INFO - Setting next_dagrun for example_trigger_controller_dag to 2021-01-01 00:00:00+00:00, run_after=2021-01-01 00:00:00+00:00
[2024-03-31T23:18:30.634+0000] {processor.py:183} INFO - Processing /home/airflow/.local/lib/python3.8/site-packages/airflow/example_dags/example_trigger_controller_dag.py took 0.363 seconds
[2024-03-31T23:19:01.097+0000] {processor.py:161} INFO - Started process (PID=273) to work on /home/airflow/.local/lib/python3.8/site-packages/airflow/example_dags/example_trigger_controller_dag.py
[2024-03-31T23:19:01.102+0000] {processor.py:830} INFO - Processing file /home/airflow/.local/lib/python3.8/site-packages/airflow/example_dags/example_trigger_controller_dag.py for tasks to queue
[2024-03-31T23:19:01.114+0000] {logging_mixin.py:188} INFO - [2024-03-31T23:19:01.112+0000] {dagbag.py:540} INFO - Filling up the DagBag from /home/airflow/.local/lib/python3.8/site-packages/airflow/example_dags/example_trigger_controller_dag.py
[2024-03-31T23:19:01.135+0000] {processor.py:840} INFO - DAG(s) 'example_trigger_controller_dag' retrieved from /home/airflow/.local/lib/python3.8/site-packages/airflow/example_dags/example_trigger_controller_dag.py
[2024-03-31T23:19:01.212+0000] {logging_mixin.py:188} INFO - [2024-03-31T23:19:01.211+0000] {dag.py:3047} INFO - Sync 1 DAGs
[2024-03-31T23:19:01.252+0000] {logging_mixin.py:188} INFO - [2024-03-31T23:19:01.252+0000] {dag.py:3834} INFO - Setting next_dagrun for example_trigger_controller_dag to 2021-01-01 00:00:00+00:00, run_after=2021-01-01 00:00:00+00:00
[2024-03-31T23:19:01.289+0000] {processor.py:183} INFO - Processing /home/airflow/.local/lib/python3.8/site-packages/airflow/example_dags/example_trigger_controller_dag.py took 0.215 seconds
[2024-03-31T23:19:31.783+0000] {processor.py:161} INFO - Started process (PID=328) to work on /home/airflow/.local/lib/python3.8/site-packages/airflow/example_dags/example_trigger_controller_dag.py
[2024-03-31T23:19:31.785+0000] {processor.py:830} INFO - Processing file /home/airflow/.local/lib/python3.8/site-packages/airflow/example_dags/example_trigger_controller_dag.py for tasks to queue
[2024-03-31T23:19:31.794+0000] {logging_mixin.py:188} INFO - [2024-03-31T23:19:31.793+0000] {dagbag.py:540} INFO - Filling up the DagBag from /home/airflow/.local/lib/python3.8/site-packages/airflow/example_dags/example_trigger_controller_dag.py
[2024-03-31T23:19:31.819+0000] {processor.py:840} INFO - DAG(s) 'example_trigger_controller_dag' retrieved from /home/airflow/.local/lib/python3.8/site-packages/airflow/example_dags/example_trigger_controller_dag.py
[2024-03-31T23:19:31.884+0000] {logging_mixin.py:188} INFO - [2024-03-31T23:19:31.883+0000] {dag.py:3047} INFO - Sync 1 DAGs
[2024-03-31T23:19:31.979+0000] {logging_mixin.py:188} INFO - [2024-03-31T23:19:31.978+0000] {dag.py:3834} INFO - Setting next_dagrun for example_trigger_controller_dag to 2021-01-01 00:00:00+00:00, run_after=2021-01-01 00:00:00+00:00
[2024-03-31T23:19:32.042+0000] {processor.py:183} INFO - Processing /home/airflow/.local/lib/python3.8/site-packages/airflow/example_dags/example_trigger_controller_dag.py took 0.273 seconds
