[2024-03-31T23:17:07.513+0000] {processor.py:161} INFO - Started process (PID=84) to work on /home/airflow/.local/lib/python3.8/site-packages/airflow/example_dags/example_setup_teardown.py
[2024-03-31T23:17:07.515+0000] {processor.py:830} INFO - Processing file /home/airflow/.local/lib/python3.8/site-packages/airflow/example_dags/example_setup_teardown.py for tasks to queue
[2024-03-31T23:17:07.518+0000] {logging_mixin.py:188} INFO - [2024-03-31T23:17:07.517+0000] {dagbag.py:540} INFO - Filling up the DagBag from /home/airflow/.local/lib/python3.8/site-packages/airflow/example_dags/example_setup_teardown.py
[2024-03-31T23:17:07.532+0000] {processor.py:840} INFO - DAG(s) 'example_setup_teardown' retrieved from /home/airflow/.local/lib/python3.8/site-packages/airflow/example_dags/example_setup_teardown.py
[2024-03-31T23:17:07.720+0000] {logging_mixin.py:188} INFO - [2024-03-31T23:17:07.719+0000] {override.py:1769} INFO - Created Permission View: can read on DAG:example_setup_teardown
[2024-03-31T23:17:07.735+0000] {logging_mixin.py:188} INFO - [2024-03-31T23:17:07.735+0000] {override.py:1769} INFO - Created Permission View: can delete on DAG:example_setup_teardown
[2024-03-31T23:17:07.747+0000] {logging_mixin.py:188} INFO - [2024-03-31T23:17:07.746+0000] {override.py:1769} INFO - Created Permission View: can edit on DAG:example_setup_teardown
[2024-03-31T23:17:07.748+0000] {logging_mixin.py:188} INFO - [2024-03-31T23:17:07.748+0000] {dag.py:3047} INFO - Sync 1 DAGs
[2024-03-31T23:17:07.785+0000] {logging_mixin.py:188} INFO - [2024-03-31T23:17:07.784+0000] {dag.py:3069} INFO - Creating ORM DAG for example_setup_teardown
[2024-03-31T23:17:07.807+0000] {logging_mixin.py:188} INFO - [2024-03-31T23:17:07.807+0000] {dag.py:3834} INFO - Setting next_dagrun for example_setup_teardown to 2024-03-30 00:00:00+00:00, run_after=2024-03-31 00:00:00+00:00
[2024-03-31T23:17:07.839+0000] {processor.py:183} INFO - Processing /home/airflow/.local/lib/python3.8/site-packages/airflow/example_dags/example_setup_teardown.py took 0.335 seconds
[2024-03-31T23:17:38.858+0000] {processor.py:161} INFO - Started process (PID=139) to work on /home/airflow/.local/lib/python3.8/site-packages/airflow/example_dags/example_setup_teardown.py
[2024-03-31T23:17:38.861+0000] {processor.py:830} INFO - Processing file /home/airflow/.local/lib/python3.8/site-packages/airflow/example_dags/example_setup_teardown.py for tasks to queue
[2024-03-31T23:17:38.865+0000] {logging_mixin.py:188} INFO - [2024-03-31T23:17:38.864+0000] {dagbag.py:540} INFO - Filling up the DagBag from /home/airflow/.local/lib/python3.8/site-packages/airflow/example_dags/example_setup_teardown.py
[2024-03-31T23:17:38.885+0000] {processor.py:840} INFO - DAG(s) 'example_setup_teardown' retrieved from /home/airflow/.local/lib/python3.8/site-packages/airflow/example_dags/example_setup_teardown.py
[2024-03-31T23:17:38.953+0000] {logging_mixin.py:188} INFO - [2024-03-31T23:17:38.953+0000] {dag.py:3047} INFO - Sync 1 DAGs
[2024-03-31T23:17:39.040+0000] {logging_mixin.py:188} INFO - [2024-03-31T23:17:39.039+0000] {dag.py:3834} INFO - Setting next_dagrun for example_setup_teardown to 2024-03-30 00:00:00+00:00, run_after=2024-03-31 00:00:00+00:00
[2024-03-31T23:17:39.108+0000] {processor.py:183} INFO - Processing /home/airflow/.local/lib/python3.8/site-packages/airflow/example_dags/example_setup_teardown.py took 0.263 seconds
[2024-03-31T23:18:11.448+0000] {processor.py:161} INFO - Started process (PID=194) to work on /home/airflow/.local/lib/python3.8/site-packages/airflow/example_dags/example_setup_teardown.py
[2024-03-31T23:18:11.455+0000] {processor.py:830} INFO - Processing file /home/airflow/.local/lib/python3.8/site-packages/airflow/example_dags/example_setup_teardown.py for tasks to queue
[2024-03-31T23:18:11.462+0000] {logging_mixin.py:188} INFO - [2024-03-31T23:18:11.461+0000] {dagbag.py:540} INFO - Filling up the DagBag from /home/airflow/.local/lib/python3.8/site-packages/airflow/example_dags/example_setup_teardown.py
[2024-03-31T23:18:11.491+0000] {processor.py:840} INFO - DAG(s) 'example_setup_teardown' retrieved from /home/airflow/.local/lib/python3.8/site-packages/airflow/example_dags/example_setup_teardown.py
[2024-03-31T23:18:11.611+0000] {logging_mixin.py:188} INFO - [2024-03-31T23:18:11.610+0000] {dag.py:3047} INFO - Sync 1 DAGs
[2024-03-31T23:18:11.800+0000] {logging_mixin.py:188} INFO - [2024-03-31T23:18:11.799+0000] {dag.py:3834} INFO - Setting next_dagrun for example_setup_teardown to 2024-03-30 00:00:00+00:00, run_after=2024-03-31 00:00:00+00:00
[2024-03-31T23:18:11.877+0000] {processor.py:183} INFO - Processing /home/airflow/.local/lib/python3.8/site-packages/airflow/example_dags/example_setup_teardown.py took 0.439 seconds
[2024-03-31T23:18:42.233+0000] {processor.py:161} INFO - Started process (PID=249) to work on /home/airflow/.local/lib/python3.8/site-packages/airflow/example_dags/example_setup_teardown.py
[2024-03-31T23:18:42.235+0000] {processor.py:830} INFO - Processing file /home/airflow/.local/lib/python3.8/site-packages/airflow/example_dags/example_setup_teardown.py for tasks to queue
[2024-03-31T23:18:42.239+0000] {logging_mixin.py:188} INFO - [2024-03-31T23:18:42.238+0000] {dagbag.py:540} INFO - Filling up the DagBag from /home/airflow/.local/lib/python3.8/site-packages/airflow/example_dags/example_setup_teardown.py
[2024-03-31T23:18:42.254+0000] {processor.py:840} INFO - DAG(s) 'example_setup_teardown' retrieved from /home/airflow/.local/lib/python3.8/site-packages/airflow/example_dags/example_setup_teardown.py
[2024-03-31T23:18:42.305+0000] {logging_mixin.py:188} INFO - [2024-03-31T23:18:42.304+0000] {dag.py:3047} INFO - Sync 1 DAGs
[2024-03-31T23:18:42.401+0000] {logging_mixin.py:188} INFO - [2024-03-31T23:18:42.401+0000] {dag.py:3834} INFO - Setting next_dagrun for example_setup_teardown to 2024-03-30 00:00:00+00:00, run_after=2024-03-31 00:00:00+00:00
[2024-03-31T23:18:42.453+0000] {processor.py:183} INFO - Processing /home/airflow/.local/lib/python3.8/site-packages/airflow/example_dags/example_setup_teardown.py took 0.227 seconds
[2024-03-31T23:19:12.959+0000] {processor.py:161} INFO - Started process (PID=304) to work on /home/airflow/.local/lib/python3.8/site-packages/airflow/example_dags/example_setup_teardown.py
[2024-03-31T23:19:12.962+0000] {processor.py:830} INFO - Processing file /home/airflow/.local/lib/python3.8/site-packages/airflow/example_dags/example_setup_teardown.py for tasks to queue
[2024-03-31T23:19:12.968+0000] {logging_mixin.py:188} INFO - [2024-03-31T23:19:12.967+0000] {dagbag.py:540} INFO - Filling up the DagBag from /home/airflow/.local/lib/python3.8/site-packages/airflow/example_dags/example_setup_teardown.py
[2024-03-31T23:19:12.979+0000] {processor.py:840} INFO - DAG(s) 'example_setup_teardown' retrieved from /home/airflow/.local/lib/python3.8/site-packages/airflow/example_dags/example_setup_teardown.py
[2024-03-31T23:19:13.124+0000] {logging_mixin.py:188} INFO - [2024-03-31T23:19:13.123+0000] {dag.py:3047} INFO - Sync 1 DAGs
[2024-03-31T23:19:13.229+0000] {logging_mixin.py:188} INFO - [2024-03-31T23:19:13.229+0000] {dag.py:3834} INFO - Setting next_dagrun for example_setup_teardown to 2024-03-30 00:00:00+00:00, run_after=2024-03-31 00:00:00+00:00
[2024-03-31T23:19:13.311+0000] {processor.py:183} INFO - Processing /home/airflow/.local/lib/python3.8/site-packages/airflow/example_dags/example_setup_teardown.py took 0.376 seconds
