[2024-03-31T23:17:03.608+0000] {processor.py:161} INFO - Started process (PID=70) to work on /home/airflow/.local/lib/python3.8/site-packages/airflow/example_dags/tutorial_objectstorage.py
[2024-03-31T23:17:03.610+0000] {processor.py:830} INFO - Processing file /home/airflow/.local/lib/python3.8/site-packages/airflow/example_dags/tutorial_objectstorage.py for tasks to queue
[2024-03-31T23:17:03.614+0000] {logging_mixin.py:188} INFO - [2024-03-31T23:17:03.613+0000] {dagbag.py:540} INFO - Filling up the DagBag from /home/airflow/.local/lib/python3.8/site-packages/airflow/example_dags/tutorial_objectstorage.py
[2024-03-31T23:17:03.630+0000] {processor.py:840} INFO - DAG(s) 'tutorial_objectstorage' retrieved from /home/airflow/.local/lib/python3.8/site-packages/airflow/example_dags/tutorial_objectstorage.py
[2024-03-31T23:17:03.937+0000] {logging_mixin.py:188} INFO - [2024-03-31T23:17:03.936+0000] {override.py:1769} INFO - Created Permission View: can read on DAG:tutorial_objectstorage
[2024-03-31T23:17:04.022+0000] {logging_mixin.py:188} INFO - [2024-03-31T23:17:04.022+0000] {override.py:1769} INFO - Created Permission View: can delete on DAG:tutorial_objectstorage
[2024-03-31T23:17:04.057+0000] {logging_mixin.py:188} INFO - [2024-03-31T23:17:04.056+0000] {override.py:1769} INFO - Created Permission View: can edit on DAG:tutorial_objectstorage
[2024-03-31T23:17:04.058+0000] {logging_mixin.py:188} INFO - [2024-03-31T23:17:04.058+0000] {dag.py:3047} INFO - Sync 1 DAGs
[2024-03-31T23:17:04.118+0000] {logging_mixin.py:188} INFO - [2024-03-31T23:17:04.118+0000] {dag.py:3069} INFO - Creating ORM DAG for tutorial_objectstorage
[2024-03-31T23:17:04.121+0000] {logging_mixin.py:188} INFO - [2024-03-31T23:17:04.121+0000] {dag.py:3834} INFO - Setting next_dagrun for tutorial_objectstorage to None, run_after=None
[2024-03-31T23:17:04.216+0000] {processor.py:183} INFO - Processing /home/airflow/.local/lib/python3.8/site-packages/airflow/example_dags/tutorial_objectstorage.py took 0.615 seconds
[2024-03-31T23:17:34.658+0000] {processor.py:161} INFO - Started process (PID=125) to work on /home/airflow/.local/lib/python3.8/site-packages/airflow/example_dags/tutorial_objectstorage.py
[2024-03-31T23:17:34.665+0000] {processor.py:830} INFO - Processing file /home/airflow/.local/lib/python3.8/site-packages/airflow/example_dags/tutorial_objectstorage.py for tasks to queue
[2024-03-31T23:17:34.671+0000] {logging_mixin.py:188} INFO - [2024-03-31T23:17:34.670+0000] {dagbag.py:540} INFO - Filling up the DagBag from /home/airflow/.local/lib/python3.8/site-packages/airflow/example_dags/tutorial_objectstorage.py
[2024-03-31T23:17:34.695+0000] {processor.py:840} INFO - DAG(s) 'tutorial_objectstorage' retrieved from /home/airflow/.local/lib/python3.8/site-packages/airflow/example_dags/tutorial_objectstorage.py
[2024-03-31T23:17:34.753+0000] {logging_mixin.py:188} INFO - [2024-03-31T23:17:34.753+0000] {dag.py:3047} INFO - Sync 1 DAGs
[2024-03-31T23:17:34.802+0000] {logging_mixin.py:188} INFO - [2024-03-31T23:17:34.800+0000] {dag.py:3834} INFO - Setting next_dagrun for tutorial_objectstorage to None, run_after=None
[2024-03-31T23:17:34.867+0000] {processor.py:183} INFO - Processing /home/airflow/.local/lib/python3.8/site-packages/airflow/example_dags/tutorial_objectstorage.py took 0.223 seconds
[2024-03-31T23:18:05.957+0000] {processor.py:161} INFO - Started process (PID=180) to work on /home/airflow/.local/lib/python3.8/site-packages/airflow/example_dags/tutorial_objectstorage.py
[2024-03-31T23:18:05.979+0000] {processor.py:830} INFO - Processing file /home/airflow/.local/lib/python3.8/site-packages/airflow/example_dags/tutorial_objectstorage.py for tasks to queue
[2024-03-31T23:18:06.026+0000] {logging_mixin.py:188} INFO - [2024-03-31T23:18:06.024+0000] {dagbag.py:540} INFO - Filling up the DagBag from /home/airflow/.local/lib/python3.8/site-packages/airflow/example_dags/tutorial_objectstorage.py
[2024-03-31T23:18:06.075+0000] {processor.py:840} INFO - DAG(s) 'tutorial_objectstorage' retrieved from /home/airflow/.local/lib/python3.8/site-packages/airflow/example_dags/tutorial_objectstorage.py
[2024-03-31T23:18:06.309+0000] {logging_mixin.py:188} INFO - [2024-03-31T23:18:06.308+0000] {dag.py:3047} INFO - Sync 1 DAGs
[2024-03-31T23:18:06.497+0000] {logging_mixin.py:188} INFO - [2024-03-31T23:18:06.497+0000] {dag.py:3834} INFO - Setting next_dagrun for tutorial_objectstorage to None, run_after=None
[2024-03-31T23:18:06.812+0000] {processor.py:183} INFO - Processing /home/airflow/.local/lib/python3.8/site-packages/airflow/example_dags/tutorial_objectstorage.py took 0.993 seconds
[2024-03-31T23:18:37.274+0000] {processor.py:161} INFO - Started process (PID=235) to work on /home/airflow/.local/lib/python3.8/site-packages/airflow/example_dags/tutorial_objectstorage.py
[2024-03-31T23:18:37.280+0000] {processor.py:830} INFO - Processing file /home/airflow/.local/lib/python3.8/site-packages/airflow/example_dags/tutorial_objectstorage.py for tasks to queue
[2024-03-31T23:18:37.285+0000] {logging_mixin.py:188} INFO - [2024-03-31T23:18:37.285+0000] {dagbag.py:540} INFO - Filling up the DagBag from /home/airflow/.local/lib/python3.8/site-packages/airflow/example_dags/tutorial_objectstorage.py
[2024-03-31T23:18:37.319+0000] {processor.py:840} INFO - DAG(s) 'tutorial_objectstorage' retrieved from /home/airflow/.local/lib/python3.8/site-packages/airflow/example_dags/tutorial_objectstorage.py
[2024-03-31T23:18:37.456+0000] {logging_mixin.py:188} INFO - [2024-03-31T23:18:37.456+0000] {dag.py:3047} INFO - Sync 1 DAGs
[2024-03-31T23:18:37.516+0000] {logging_mixin.py:188} INFO - [2024-03-31T23:18:37.515+0000] {dag.py:3834} INFO - Setting next_dagrun for tutorial_objectstorage to None, run_after=None
[2024-03-31T23:18:37.588+0000] {processor.py:183} INFO - Processing /home/airflow/.local/lib/python3.8/site-packages/airflow/example_dags/tutorial_objectstorage.py took 0.331 seconds
[2024-03-31T23:19:08.405+0000] {processor.py:161} INFO - Started process (PID=290) to work on /home/airflow/.local/lib/python3.8/site-packages/airflow/example_dags/tutorial_objectstorage.py
[2024-03-31T23:19:08.408+0000] {processor.py:830} INFO - Processing file /home/airflow/.local/lib/python3.8/site-packages/airflow/example_dags/tutorial_objectstorage.py for tasks to queue
[2024-03-31T23:19:08.412+0000] {logging_mixin.py:188} INFO - [2024-03-31T23:19:08.411+0000] {dagbag.py:540} INFO - Filling up the DagBag from /home/airflow/.local/lib/python3.8/site-packages/airflow/example_dags/tutorial_objectstorage.py
[2024-03-31T23:19:08.429+0000] {processor.py:840} INFO - DAG(s) 'tutorial_objectstorage' retrieved from /home/airflow/.local/lib/python3.8/site-packages/airflow/example_dags/tutorial_objectstorage.py
[2024-03-31T23:19:08.492+0000] {logging_mixin.py:188} INFO - [2024-03-31T23:19:08.491+0000] {dag.py:3047} INFO - Sync 1 DAGs
[2024-03-31T23:19:08.528+0000] {logging_mixin.py:188} INFO - [2024-03-31T23:19:08.527+0000] {dag.py:3834} INFO - Setting next_dagrun for tutorial_objectstorage to None, run_after=None
[2024-03-31T23:19:08.573+0000] {processor.py:183} INFO - Processing /home/airflow/.local/lib/python3.8/site-packages/airflow/example_dags/tutorial_objectstorage.py took 0.172 seconds
