[2024-03-31T23:17:02.047+0000] {processor.py:161} INFO - Started process (PID=65) to work on /home/airflow/.local/lib/python3.8/site-packages/airflow/example_dags/tutorial.py
[2024-03-31T23:17:02.050+0000] {processor.py:830} INFO - Processing file /home/airflow/.local/lib/python3.8/site-packages/airflow/example_dags/tutorial.py for tasks to queue
[2024-03-31T23:17:02.061+0000] {logging_mixin.py:188} INFO - [2024-03-31T23:17:02.058+0000] {dagbag.py:540} INFO - Filling up the DagBag from /home/airflow/.local/lib/python3.8/site-packages/airflow/example_dags/tutorial.py
[2024-03-31T23:17:02.119+0000] {processor.py:840} INFO - DAG(s) 'tutorial' retrieved from /home/airflow/.local/lib/python3.8/site-packages/airflow/example_dags/tutorial.py
[2024-03-31T23:17:02.510+0000] {logging_mixin.py:188} INFO - [2024-03-31T23:17:02.508+0000] {override.py:1769} INFO - Created Permission View: can read on DAG:tutorial
[2024-03-31T23:17:02.536+0000] {logging_mixin.py:188} INFO - [2024-03-31T23:17:02.536+0000] {override.py:1769} INFO - Created Permission View: can delete on DAG:tutorial
[2024-03-31T23:17:02.551+0000] {logging_mixin.py:188} INFO - [2024-03-31T23:17:02.550+0000] {override.py:1769} INFO - Created Permission View: can edit on DAG:tutorial
[2024-03-31T23:17:02.552+0000] {logging_mixin.py:188} INFO - [2024-03-31T23:17:02.552+0000] {dag.py:3047} INFO - Sync 1 DAGs
[2024-03-31T23:17:02.592+0000] {logging_mixin.py:188} INFO - [2024-03-31T23:17:02.591+0000] {dag.py:3069} INFO - Creating ORM DAG for tutorial
[2024-03-31T23:17:02.612+0000] {logging_mixin.py:188} INFO - [2024-03-31T23:17:02.611+0000] {dag.py:3834} INFO - Setting next_dagrun for tutorial to 2024-03-30 00:00:00+00:00, run_after=2024-03-31 00:00:00+00:00
[2024-03-31T23:17:02.647+0000] {processor.py:183} INFO - Processing /home/airflow/.local/lib/python3.8/site-packages/airflow/example_dags/tutorial.py took 0.606 seconds
[2024-03-31T23:17:33.004+0000] {processor.py:161} INFO - Started process (PID=120) to work on /home/airflow/.local/lib/python3.8/site-packages/airflow/example_dags/tutorial.py
[2024-03-31T23:17:33.007+0000] {processor.py:830} INFO - Processing file /home/airflow/.local/lib/python3.8/site-packages/airflow/example_dags/tutorial.py for tasks to queue
[2024-03-31T23:17:33.010+0000] {logging_mixin.py:188} INFO - [2024-03-31T23:17:33.010+0000] {dagbag.py:540} INFO - Filling up the DagBag from /home/airflow/.local/lib/python3.8/site-packages/airflow/example_dags/tutorial.py
[2024-03-31T23:17:33.022+0000] {processor.py:840} INFO - DAG(s) 'tutorial' retrieved from /home/airflow/.local/lib/python3.8/site-packages/airflow/example_dags/tutorial.py
[2024-03-31T23:17:33.056+0000] {logging_mixin.py:188} INFO - [2024-03-31T23:17:33.056+0000] {dag.py:3047} INFO - Sync 1 DAGs
[2024-03-31T23:17:33.095+0000] {logging_mixin.py:188} INFO - [2024-03-31T23:17:33.095+0000] {dag.py:3834} INFO - Setting next_dagrun for tutorial to 2024-03-30 00:00:00+00:00, run_after=2024-03-31 00:00:00+00:00
[2024-03-31T23:17:33.131+0000] {processor.py:183} INFO - Processing /home/airflow/.local/lib/python3.8/site-packages/airflow/example_dags/tutorial.py took 0.131 seconds
[2024-03-31T23:18:04.141+0000] {processor.py:161} INFO - Started process (PID=175) to work on /home/airflow/.local/lib/python3.8/site-packages/airflow/example_dags/tutorial.py
[2024-03-31T23:18:04.150+0000] {processor.py:830} INFO - Processing file /home/airflow/.local/lib/python3.8/site-packages/airflow/example_dags/tutorial.py for tasks to queue
[2024-03-31T23:18:04.155+0000] {logging_mixin.py:188} INFO - [2024-03-31T23:18:04.154+0000] {dagbag.py:540} INFO - Filling up the DagBag from /home/airflow/.local/lib/python3.8/site-packages/airflow/example_dags/tutorial.py
[2024-03-31T23:18:04.175+0000] {processor.py:840} INFO - DAG(s) 'tutorial' retrieved from /home/airflow/.local/lib/python3.8/site-packages/airflow/example_dags/tutorial.py
[2024-03-31T23:18:04.245+0000] {logging_mixin.py:188} INFO - [2024-03-31T23:18:04.245+0000] {dag.py:3047} INFO - Sync 1 DAGs
[2024-03-31T23:18:04.329+0000] {logging_mixin.py:188} INFO - [2024-03-31T23:18:04.329+0000] {dag.py:3834} INFO - Setting next_dagrun for tutorial to 2024-03-30 00:00:00+00:00, run_after=2024-03-31 00:00:00+00:00
[2024-03-31T23:18:04.406+0000] {processor.py:183} INFO - Processing /home/airflow/.local/lib/python3.8/site-packages/airflow/example_dags/tutorial.py took 0.299 seconds
[2024-03-31T23:18:35.001+0000] {processor.py:161} INFO - Started process (PID=230) to work on /home/airflow/.local/lib/python3.8/site-packages/airflow/example_dags/tutorial.py
[2024-03-31T23:18:35.004+0000] {processor.py:830} INFO - Processing file /home/airflow/.local/lib/python3.8/site-packages/airflow/example_dags/tutorial.py for tasks to queue
[2024-03-31T23:18:35.008+0000] {logging_mixin.py:188} INFO - [2024-03-31T23:18:35.007+0000] {dagbag.py:540} INFO - Filling up the DagBag from /home/airflow/.local/lib/python3.8/site-packages/airflow/example_dags/tutorial.py
[2024-03-31T23:18:35.048+0000] {processor.py:840} INFO - DAG(s) 'tutorial' retrieved from /home/airflow/.local/lib/python3.8/site-packages/airflow/example_dags/tutorial.py
[2024-03-31T23:18:35.103+0000] {logging_mixin.py:188} INFO - [2024-03-31T23:18:35.102+0000] {dag.py:3047} INFO - Sync 1 DAGs
[2024-03-31T23:18:35.182+0000] {logging_mixin.py:188} INFO - [2024-03-31T23:18:35.182+0000] {dag.py:3834} INFO - Setting next_dagrun for tutorial to 2024-03-30 00:00:00+00:00, run_after=2024-03-31 00:00:00+00:00
[2024-03-31T23:18:35.268+0000] {processor.py:183} INFO - Processing /home/airflow/.local/lib/python3.8/site-packages/airflow/example_dags/tutorial.py took 0.275 seconds
[2024-03-31T23:19:07.326+0000] {processor.py:161} INFO - Started process (PID=285) to work on /home/airflow/.local/lib/python3.8/site-packages/airflow/example_dags/tutorial.py
[2024-03-31T23:19:07.328+0000] {processor.py:830} INFO - Processing file /home/airflow/.local/lib/python3.8/site-packages/airflow/example_dags/tutorial.py for tasks to queue
[2024-03-31T23:19:07.332+0000] {logging_mixin.py:188} INFO - [2024-03-31T23:19:07.331+0000] {dagbag.py:540} INFO - Filling up the DagBag from /home/airflow/.local/lib/python3.8/site-packages/airflow/example_dags/tutorial.py
[2024-03-31T23:19:07.352+0000] {processor.py:840} INFO - DAG(s) 'tutorial' retrieved from /home/airflow/.local/lib/python3.8/site-packages/airflow/example_dags/tutorial.py
[2024-03-31T23:19:07.481+0000] {logging_mixin.py:188} INFO - [2024-03-31T23:19:07.480+0000] {dag.py:3047} INFO - Sync 1 DAGs
[2024-03-31T23:19:07.685+0000] {logging_mixin.py:188} INFO - [2024-03-31T23:19:07.684+0000] {dag.py:3834} INFO - Setting next_dagrun for tutorial to 2024-03-30 00:00:00+00:00, run_after=2024-03-31 00:00:00+00:00
[2024-03-31T23:19:07.781+0000] {processor.py:183} INFO - Processing /home/airflow/.local/lib/python3.8/site-packages/airflow/example_dags/tutorial.py took 0.461 seconds
