[2024-03-31T23:17:01.202+0000] {processor.py:161} INFO - Started process (PID=63) to work on /home/airflow/.local/lib/python3.8/site-packages/airflow/example_dags/tutorial_taskflow_api_virtualenv.py
[2024-03-31T23:17:01.231+0000] {processor.py:830} INFO - Processing file /home/airflow/.local/lib/python3.8/site-packages/airflow/example_dags/tutorial_taskflow_api_virtualenv.py for tasks to queue
[2024-03-31T23:17:01.267+0000] {logging_mixin.py:188} INFO - [2024-03-31T23:17:01.263+0000] {dagbag.py:540} INFO - Filling up the DagBag from /home/airflow/.local/lib/python3.8/site-packages/airflow/example_dags/tutorial_taskflow_api_virtualenv.py
[2024-03-31T23:17:01.321+0000] {processor.py:840} INFO - DAG(s) 'tutorial_taskflow_api_virtualenv' retrieved from /home/airflow/.local/lib/python3.8/site-packages/airflow/example_dags/tutorial_taskflow_api_virtualenv.py
[2024-03-31T23:17:01.801+0000] {logging_mixin.py:188} INFO - [2024-03-31T23:17:01.799+0000] {override.py:1769} INFO - Created Permission View: can read on DAG:tutorial_taskflow_api_virtualenv
[2024-03-31T23:17:01.826+0000] {logging_mixin.py:188} INFO - [2024-03-31T23:17:01.825+0000] {override.py:1769} INFO - Created Permission View: can delete on DAG:tutorial_taskflow_api_virtualenv
[2024-03-31T23:17:01.840+0000] {logging_mixin.py:188} INFO - [2024-03-31T23:17:01.840+0000] {override.py:1769} INFO - Created Permission View: can edit on DAG:tutorial_taskflow_api_virtualenv
[2024-03-31T23:17:01.842+0000] {logging_mixin.py:188} INFO - [2024-03-31T23:17:01.841+0000] {dag.py:3047} INFO - Sync 1 DAGs
[2024-03-31T23:17:01.876+0000] {logging_mixin.py:188} INFO - [2024-03-31T23:17:01.875+0000] {dag.py:3069} INFO - Creating ORM DAG for tutorial_taskflow_api_virtualenv
[2024-03-31T23:17:01.880+0000] {logging_mixin.py:188} INFO - [2024-03-31T23:17:01.879+0000] {dag.py:3834} INFO - Setting next_dagrun for tutorial_taskflow_api_virtualenv to None, run_after=None
[2024-03-31T23:17:01.983+0000] {processor.py:183} INFO - Processing /home/airflow/.local/lib/python3.8/site-packages/airflow/example_dags/tutorial_taskflow_api_virtualenv.py took 0.796 seconds
[2024-03-31T23:17:32.787+0000] {processor.py:161} INFO - Started process (PID=118) to work on /home/airflow/.local/lib/python3.8/site-packages/airflow/example_dags/tutorial_taskflow_api_virtualenv.py
[2024-03-31T23:17:32.790+0000] {processor.py:830} INFO - Processing file /home/airflow/.local/lib/python3.8/site-packages/airflow/example_dags/tutorial_taskflow_api_virtualenv.py for tasks to queue
[2024-03-31T23:17:32.796+0000] {logging_mixin.py:188} INFO - [2024-03-31T23:17:32.795+0000] {dagbag.py:540} INFO - Filling up the DagBag from /home/airflow/.local/lib/python3.8/site-packages/airflow/example_dags/tutorial_taskflow_api_virtualenv.py
[2024-03-31T23:17:32.822+0000] {processor.py:840} INFO - DAG(s) 'tutorial_taskflow_api_virtualenv' retrieved from /home/airflow/.local/lib/python3.8/site-packages/airflow/example_dags/tutorial_taskflow_api_virtualenv.py
[2024-03-31T23:17:32.870+0000] {logging_mixin.py:188} INFO - [2024-03-31T23:17:32.869+0000] {dag.py:3047} INFO - Sync 1 DAGs
[2024-03-31T23:17:32.897+0000] {logging_mixin.py:188} INFO - [2024-03-31T23:17:32.896+0000] {dag.py:3834} INFO - Setting next_dagrun for tutorial_taskflow_api_virtualenv to None, run_after=None
[2024-03-31T23:17:32.935+0000] {processor.py:183} INFO - Processing /home/airflow/.local/lib/python3.8/site-packages/airflow/example_dags/tutorial_taskflow_api_virtualenv.py took 0.156 seconds
[2024-03-31T23:18:03.555+0000] {processor.py:161} INFO - Started process (PID=173) to work on /home/airflow/.local/lib/python3.8/site-packages/airflow/example_dags/tutorial_taskflow_api_virtualenv.py
[2024-03-31T23:18:03.558+0000] {processor.py:830} INFO - Processing file /home/airflow/.local/lib/python3.8/site-packages/airflow/example_dags/tutorial_taskflow_api_virtualenv.py for tasks to queue
[2024-03-31T23:18:03.563+0000] {logging_mixin.py:188} INFO - [2024-03-31T23:18:03.562+0000] {dagbag.py:540} INFO - Filling up the DagBag from /home/airflow/.local/lib/python3.8/site-packages/airflow/example_dags/tutorial_taskflow_api_virtualenv.py
[2024-03-31T23:18:03.717+0000] {processor.py:840} INFO - DAG(s) 'tutorial_taskflow_api_virtualenv' retrieved from /home/airflow/.local/lib/python3.8/site-packages/airflow/example_dags/tutorial_taskflow_api_virtualenv.py
[2024-03-31T23:18:03.864+0000] {logging_mixin.py:188} INFO - [2024-03-31T23:18:03.864+0000] {dag.py:3047} INFO - Sync 1 DAGs
[2024-03-31T23:18:03.918+0000] {logging_mixin.py:188} INFO - [2024-03-31T23:18:03.912+0000] {dag.py:3834} INFO - Setting next_dagrun for tutorial_taskflow_api_virtualenv to None, run_after=None
[2024-03-31T23:18:04.020+0000] {processor.py:183} INFO - Processing /home/airflow/.local/lib/python3.8/site-packages/airflow/example_dags/tutorial_taskflow_api_virtualenv.py took 0.480 seconds
[2024-03-31T23:18:34.269+0000] {processor.py:161} INFO - Started process (PID=228) to work on /home/airflow/.local/lib/python3.8/site-packages/airflow/example_dags/tutorial_taskflow_api_virtualenv.py
[2024-03-31T23:18:34.274+0000] {processor.py:830} INFO - Processing file /home/airflow/.local/lib/python3.8/site-packages/airflow/example_dags/tutorial_taskflow_api_virtualenv.py for tasks to queue
[2024-03-31T23:18:34.279+0000] {logging_mixin.py:188} INFO - [2024-03-31T23:18:34.278+0000] {dagbag.py:540} INFO - Filling up the DagBag from /home/airflow/.local/lib/python3.8/site-packages/airflow/example_dags/tutorial_taskflow_api_virtualenv.py
[2024-03-31T23:18:34.315+0000] {processor.py:840} INFO - DAG(s) 'tutorial_taskflow_api_virtualenv' retrieved from /home/airflow/.local/lib/python3.8/site-packages/airflow/example_dags/tutorial_taskflow_api_virtualenv.py
[2024-03-31T23:18:34.380+0000] {logging_mixin.py:188} INFO - [2024-03-31T23:18:34.379+0000] {dag.py:3047} INFO - Sync 1 DAGs
[2024-03-31T23:18:34.430+0000] {logging_mixin.py:188} INFO - [2024-03-31T23:18:34.430+0000] {dag.py:3834} INFO - Setting next_dagrun for tutorial_taskflow_api_virtualenv to None, run_after=None
[2024-03-31T23:18:34.485+0000] {processor.py:183} INFO - Processing /home/airflow/.local/lib/python3.8/site-packages/airflow/example_dags/tutorial_taskflow_api_virtualenv.py took 0.228 seconds
[2024-03-31T23:19:06.186+0000] {processor.py:161} INFO - Started process (PID=283) to work on /home/airflow/.local/lib/python3.8/site-packages/airflow/example_dags/tutorial_taskflow_api_virtualenv.py
[2024-03-31T23:19:06.188+0000] {processor.py:830} INFO - Processing file /home/airflow/.local/lib/python3.8/site-packages/airflow/example_dags/tutorial_taskflow_api_virtualenv.py for tasks to queue
[2024-03-31T23:19:06.200+0000] {logging_mixin.py:188} INFO - [2024-03-31T23:19:06.199+0000] {dagbag.py:540} INFO - Filling up the DagBag from /home/airflow/.local/lib/python3.8/site-packages/airflow/example_dags/tutorial_taskflow_api_virtualenv.py
[2024-03-31T23:19:06.231+0000] {processor.py:840} INFO - DAG(s) 'tutorial_taskflow_api_virtualenv' retrieved from /home/airflow/.local/lib/python3.8/site-packages/airflow/example_dags/tutorial_taskflow_api_virtualenv.py
[2024-03-31T23:19:06.292+0000] {logging_mixin.py:188} INFO - [2024-03-31T23:19:06.291+0000] {dag.py:3047} INFO - Sync 1 DAGs
[2024-03-31T23:19:06.397+0000] {logging_mixin.py:188} INFO - [2024-03-31T23:19:06.396+0000] {dag.py:3834} INFO - Setting next_dagrun for tutorial_taskflow_api_virtualenv to None, run_after=None
[2024-03-31T23:19:06.522+0000] {processor.py:183} INFO - Processing /home/airflow/.local/lib/python3.8/site-packages/airflow/example_dags/tutorial_taskflow_api_virtualenv.py took 0.343 seconds
