[2024-03-31T23:17:04.955+0000] {processor.py:161} INFO - Started process (PID=74) to work on /home/airflow/.local/lib/python3.8/site-packages/airflow/example_dags/tutorial_dag.py
[2024-03-31T23:17:04.958+0000] {processor.py:830} INFO - Processing file /home/airflow/.local/lib/python3.8/site-packages/airflow/example_dags/tutorial_dag.py for tasks to queue
[2024-03-31T23:17:04.962+0000] {logging_mixin.py:188} INFO - [2024-03-31T23:17:04.961+0000] {dagbag.py:540} INFO - Filling up the DagBag from /home/airflow/.local/lib/python3.8/site-packages/airflow/example_dags/tutorial_dag.py
[2024-03-31T23:17:05.118+0000] {processor.py:840} INFO - DAG(s) 'tutorial_dag' retrieved from /home/airflow/.local/lib/python3.8/site-packages/airflow/example_dags/tutorial_dag.py
[2024-03-31T23:17:05.415+0000] {logging_mixin.py:188} INFO - [2024-03-31T23:17:05.413+0000] {override.py:1769} INFO - Created Permission View: can read on DAG:tutorial_dag
[2024-03-31T23:17:05.436+0000] {logging_mixin.py:188} INFO - [2024-03-31T23:17:05.436+0000] {override.py:1769} INFO - Created Permission View: can delete on DAG:tutorial_dag
[2024-03-31T23:17:05.449+0000] {logging_mixin.py:188} INFO - [2024-03-31T23:17:05.449+0000] {override.py:1769} INFO - Created Permission View: can edit on DAG:tutorial_dag
[2024-03-31T23:17:05.450+0000] {logging_mixin.py:188} INFO - [2024-03-31T23:17:05.450+0000] {dag.py:3047} INFO - Sync 1 DAGs
[2024-03-31T23:17:05.493+0000] {logging_mixin.py:188} INFO - [2024-03-31T23:17:05.493+0000] {dag.py:3069} INFO - Creating ORM DAG for tutorial_dag
[2024-03-31T23:17:05.494+0000] {logging_mixin.py:188} INFO - [2024-03-31T23:17:05.494+0000] {dag.py:3834} INFO - Setting next_dagrun for tutorial_dag to None, run_after=None
[2024-03-31T23:17:05.541+0000] {processor.py:183} INFO - Processing /home/airflow/.local/lib/python3.8/site-packages/airflow/example_dags/tutorial_dag.py took 0.609 seconds
[2024-03-31T23:17:36.290+0000] {processor.py:161} INFO - Started process (PID=129) to work on /home/airflow/.local/lib/python3.8/site-packages/airflow/example_dags/tutorial_dag.py
[2024-03-31T23:17:36.294+0000] {processor.py:830} INFO - Processing file /home/airflow/.local/lib/python3.8/site-packages/airflow/example_dags/tutorial_dag.py for tasks to queue
[2024-03-31T23:17:36.306+0000] {logging_mixin.py:188} INFO - [2024-03-31T23:17:36.305+0000] {dagbag.py:540} INFO - Filling up the DagBag from /home/airflow/.local/lib/python3.8/site-packages/airflow/example_dags/tutorial_dag.py
[2024-03-31T23:17:36.322+0000] {processor.py:840} INFO - DAG(s) 'tutorial_dag' retrieved from /home/airflow/.local/lib/python3.8/site-packages/airflow/example_dags/tutorial_dag.py
[2024-03-31T23:17:36.384+0000] {logging_mixin.py:188} INFO - [2024-03-31T23:17:36.383+0000] {dag.py:3047} INFO - Sync 1 DAGs
[2024-03-31T23:17:36.439+0000] {logging_mixin.py:188} INFO - [2024-03-31T23:17:36.439+0000] {dag.py:3834} INFO - Setting next_dagrun for tutorial_dag to None, run_after=None
[2024-03-31T23:17:36.498+0000] {processor.py:183} INFO - Processing /home/airflow/.local/lib/python3.8/site-packages/airflow/example_dags/tutorial_dag.py took 0.217 seconds
[2024-03-31T23:18:07.710+0000] {processor.py:161} INFO - Started process (PID=184) to work on /home/airflow/.local/lib/python3.8/site-packages/airflow/example_dags/tutorial_dag.py
[2024-03-31T23:18:07.715+0000] {processor.py:830} INFO - Processing file /home/airflow/.local/lib/python3.8/site-packages/airflow/example_dags/tutorial_dag.py for tasks to queue
[2024-03-31T23:18:07.746+0000] {logging_mixin.py:188} INFO - [2024-03-31T23:18:07.745+0000] {dagbag.py:540} INFO - Filling up the DagBag from /home/airflow/.local/lib/python3.8/site-packages/airflow/example_dags/tutorial_dag.py
[2024-03-31T23:18:07.773+0000] {processor.py:840} INFO - DAG(s) 'tutorial_dag' retrieved from /home/airflow/.local/lib/python3.8/site-packages/airflow/example_dags/tutorial_dag.py
[2024-03-31T23:18:07.944+0000] {logging_mixin.py:188} INFO - [2024-03-31T23:18:07.943+0000] {dag.py:3047} INFO - Sync 1 DAGs
[2024-03-31T23:18:08.021+0000] {logging_mixin.py:188} INFO - [2024-03-31T23:18:08.020+0000] {dag.py:3834} INFO - Setting next_dagrun for tutorial_dag to None, run_after=None
[2024-03-31T23:18:08.138+0000] {processor.py:183} INFO - Processing /home/airflow/.local/lib/python3.8/site-packages/airflow/example_dags/tutorial_dag.py took 0.436 seconds
[2024-03-31T23:18:38.831+0000] {processor.py:161} INFO - Started process (PID=239) to work on /home/airflow/.local/lib/python3.8/site-packages/airflow/example_dags/tutorial_dag.py
[2024-03-31T23:18:38.841+0000] {processor.py:830} INFO - Processing file /home/airflow/.local/lib/python3.8/site-packages/airflow/example_dags/tutorial_dag.py for tasks to queue
[2024-03-31T23:18:38.847+0000] {logging_mixin.py:188} INFO - [2024-03-31T23:18:38.847+0000] {dagbag.py:540} INFO - Filling up the DagBag from /home/airflow/.local/lib/python3.8/site-packages/airflow/example_dags/tutorial_dag.py
[2024-03-31T23:18:38.860+0000] {processor.py:840} INFO - DAG(s) 'tutorial_dag' retrieved from /home/airflow/.local/lib/python3.8/site-packages/airflow/example_dags/tutorial_dag.py
[2024-03-31T23:18:38.915+0000] {logging_mixin.py:188} INFO - [2024-03-31T23:18:38.915+0000] {dag.py:3047} INFO - Sync 1 DAGs
[2024-03-31T23:18:39.017+0000] {logging_mixin.py:188} INFO - [2024-03-31T23:18:39.016+0000] {dag.py:3834} INFO - Setting next_dagrun for tutorial_dag to None, run_after=None
[2024-03-31T23:18:39.094+0000] {processor.py:183} INFO - Processing /home/airflow/.local/lib/python3.8/site-packages/airflow/example_dags/tutorial_dag.py took 0.341 seconds
[2024-03-31T23:19:09.335+0000] {processor.py:161} INFO - Started process (PID=294) to work on /home/airflow/.local/lib/python3.8/site-packages/airflow/example_dags/tutorial_dag.py
[2024-03-31T23:19:09.337+0000] {processor.py:830} INFO - Processing file /home/airflow/.local/lib/python3.8/site-packages/airflow/example_dags/tutorial_dag.py for tasks to queue
[2024-03-31T23:19:09.341+0000] {logging_mixin.py:188} INFO - [2024-03-31T23:19:09.340+0000] {dagbag.py:540} INFO - Filling up the DagBag from /home/airflow/.local/lib/python3.8/site-packages/airflow/example_dags/tutorial_dag.py
[2024-03-31T23:19:09.359+0000] {processor.py:840} INFO - DAG(s) 'tutorial_dag' retrieved from /home/airflow/.local/lib/python3.8/site-packages/airflow/example_dags/tutorial_dag.py
[2024-03-31T23:19:09.444+0000] {logging_mixin.py:188} INFO - [2024-03-31T23:19:09.444+0000] {dag.py:3047} INFO - Sync 1 DAGs
[2024-03-31T23:19:09.493+0000] {logging_mixin.py:188} INFO - [2024-03-31T23:19:09.493+0000] {dag.py:3834} INFO - Setting next_dagrun for tutorial_dag to None, run_after=None
[2024-03-31T23:19:09.546+0000] {processor.py:183} INFO - Processing /home/airflow/.local/lib/python3.8/site-packages/airflow/example_dags/tutorial_dag.py took 0.218 seconds
