[2024-03-31T23:17:08.470+0000] {processor.py:161} INFO - Started process (PID=88) to work on /home/airflow/.local/lib/python3.8/site-packages/airflow/example_dags/tutorial_taskflow_api.py
[2024-03-31T23:17:08.472+0000] {processor.py:830} INFO - Processing file /home/airflow/.local/lib/python3.8/site-packages/airflow/example_dags/tutorial_taskflow_api.py for tasks to queue
[2024-03-31T23:17:08.476+0000] {logging_mixin.py:188} INFO - [2024-03-31T23:17:08.475+0000] {dagbag.py:540} INFO - Filling up the DagBag from /home/airflow/.local/lib/python3.8/site-packages/airflow/example_dags/tutorial_taskflow_api.py
[2024-03-31T23:17:08.491+0000] {processor.py:840} INFO - DAG(s) 'tutorial_taskflow_api' retrieved from /home/airflow/.local/lib/python3.8/site-packages/airflow/example_dags/tutorial_taskflow_api.py
[2024-03-31T23:17:08.716+0000] {logging_mixin.py:188} INFO - [2024-03-31T23:17:08.715+0000] {override.py:1769} INFO - Created Permission View: can read on DAG:tutorial_taskflow_api
[2024-03-31T23:17:08.735+0000] {logging_mixin.py:188} INFO - [2024-03-31T23:17:08.734+0000] {override.py:1769} INFO - Created Permission View: can delete on DAG:tutorial_taskflow_api
[2024-03-31T23:17:08.749+0000] {logging_mixin.py:188} INFO - [2024-03-31T23:17:08.748+0000] {override.py:1769} INFO - Created Permission View: can edit on DAG:tutorial_taskflow_api
[2024-03-31T23:17:08.750+0000] {logging_mixin.py:188} INFO - [2024-03-31T23:17:08.750+0000] {dag.py:3047} INFO - Sync 1 DAGs
[2024-03-31T23:17:08.772+0000] {logging_mixin.py:188} INFO - [2024-03-31T23:17:08.771+0000] {dag.py:3069} INFO - Creating ORM DAG for tutorial_taskflow_api
[2024-03-31T23:17:08.773+0000] {logging_mixin.py:188} INFO - [2024-03-31T23:17:08.773+0000] {dag.py:3834} INFO - Setting next_dagrun for tutorial_taskflow_api to None, run_after=None
[2024-03-31T23:17:08.822+0000] {processor.py:183} INFO - Processing /home/airflow/.local/lib/python3.8/site-packages/airflow/example_dags/tutorial_taskflow_api.py took 0.360 seconds
[2024-03-31T23:17:39.746+0000] {processor.py:161} INFO - Started process (PID=143) to work on /home/airflow/.local/lib/python3.8/site-packages/airflow/example_dags/tutorial_taskflow_api.py
[2024-03-31T23:17:39.763+0000] {processor.py:830} INFO - Processing file /home/airflow/.local/lib/python3.8/site-packages/airflow/example_dags/tutorial_taskflow_api.py for tasks to queue
[2024-03-31T23:17:39.769+0000] {logging_mixin.py:188} INFO - [2024-03-31T23:17:39.768+0000] {dagbag.py:540} INFO - Filling up the DagBag from /home/airflow/.local/lib/python3.8/site-packages/airflow/example_dags/tutorial_taskflow_api.py
[2024-03-31T23:17:39.805+0000] {processor.py:840} INFO - DAG(s) 'tutorial_taskflow_api' retrieved from /home/airflow/.local/lib/python3.8/site-packages/airflow/example_dags/tutorial_taskflow_api.py
[2024-03-31T23:17:39.902+0000] {logging_mixin.py:188} INFO - [2024-03-31T23:17:39.901+0000] {dag.py:3047} INFO - Sync 1 DAGs
[2024-03-31T23:17:39.973+0000] {logging_mixin.py:188} INFO - [2024-03-31T23:17:39.972+0000] {dag.py:3834} INFO - Setting next_dagrun for tutorial_taskflow_api to None, run_after=None
[2024-03-31T23:17:40.069+0000] {processor.py:183} INFO - Processing /home/airflow/.local/lib/python3.8/site-packages/airflow/example_dags/tutorial_taskflow_api.py took 0.341 seconds
[2024-03-31T23:18:12.733+0000] {processor.py:161} INFO - Started process (PID=198) to work on /home/airflow/.local/lib/python3.8/site-packages/airflow/example_dags/tutorial_taskflow_api.py
[2024-03-31T23:18:12.738+0000] {processor.py:830} INFO - Processing file /home/airflow/.local/lib/python3.8/site-packages/airflow/example_dags/tutorial_taskflow_api.py for tasks to queue
[2024-03-31T23:18:12.744+0000] {logging_mixin.py:188} INFO - [2024-03-31T23:18:12.743+0000] {dagbag.py:540} INFO - Filling up the DagBag from /home/airflow/.local/lib/python3.8/site-packages/airflow/example_dags/tutorial_taskflow_api.py
[2024-03-31T23:18:12.791+0000] {processor.py:840} INFO - DAG(s) 'tutorial_taskflow_api' retrieved from /home/airflow/.local/lib/python3.8/site-packages/airflow/example_dags/tutorial_taskflow_api.py
[2024-03-31T23:18:13.048+0000] {logging_mixin.py:188} INFO - [2024-03-31T23:18:13.047+0000] {dag.py:3047} INFO - Sync 1 DAGs
[2024-03-31T23:18:13.190+0000] {logging_mixin.py:188} INFO - [2024-03-31T23:18:13.189+0000] {dag.py:3834} INFO - Setting next_dagrun for tutorial_taskflow_api to None, run_after=None
[2024-03-31T23:18:13.330+0000] {processor.py:183} INFO - Processing /home/airflow/.local/lib/python3.8/site-packages/airflow/example_dags/tutorial_taskflow_api.py took 0.610 seconds
[2024-03-31T23:18:43.796+0000] {processor.py:161} INFO - Started process (PID=253) to work on /home/airflow/.local/lib/python3.8/site-packages/airflow/example_dags/tutorial_taskflow_api.py
[2024-03-31T23:18:43.798+0000] {processor.py:830} INFO - Processing file /home/airflow/.local/lib/python3.8/site-packages/airflow/example_dags/tutorial_taskflow_api.py for tasks to queue
[2024-03-31T23:18:43.801+0000] {logging_mixin.py:188} INFO - [2024-03-31T23:18:43.801+0000] {dagbag.py:540} INFO - Filling up the DagBag from /home/airflow/.local/lib/python3.8/site-packages/airflow/example_dags/tutorial_taskflow_api.py
[2024-03-31T23:18:43.815+0000] {processor.py:840} INFO - DAG(s) 'tutorial_taskflow_api' retrieved from /home/airflow/.local/lib/python3.8/site-packages/airflow/example_dags/tutorial_taskflow_api.py
[2024-03-31T23:18:43.865+0000] {logging_mixin.py:188} INFO - [2024-03-31T23:18:43.865+0000] {dag.py:3047} INFO - Sync 1 DAGs
[2024-03-31T23:18:43.909+0000] {logging_mixin.py:188} INFO - [2024-03-31T23:18:43.909+0000] {dag.py:3834} INFO - Setting next_dagrun for tutorial_taskflow_api to None, run_after=None
[2024-03-31T23:18:43.947+0000] {processor.py:183} INFO - Processing /home/airflow/.local/lib/python3.8/site-packages/airflow/example_dags/tutorial_taskflow_api.py took 0.157 seconds
[2024-03-31T23:19:14.857+0000] {processor.py:161} INFO - Started process (PID=308) to work on /home/airflow/.local/lib/python3.8/site-packages/airflow/example_dags/tutorial_taskflow_api.py
[2024-03-31T23:19:14.859+0000] {processor.py:830} INFO - Processing file /home/airflow/.local/lib/python3.8/site-packages/airflow/example_dags/tutorial_taskflow_api.py for tasks to queue
[2024-03-31T23:19:14.863+0000] {logging_mixin.py:188} INFO - [2024-03-31T23:19:14.863+0000] {dagbag.py:540} INFO - Filling up the DagBag from /home/airflow/.local/lib/python3.8/site-packages/airflow/example_dags/tutorial_taskflow_api.py
[2024-03-31T23:19:14.874+0000] {processor.py:840} INFO - DAG(s) 'tutorial_taskflow_api' retrieved from /home/airflow/.local/lib/python3.8/site-packages/airflow/example_dags/tutorial_taskflow_api.py
[2024-03-31T23:19:14.955+0000] {logging_mixin.py:188} INFO - [2024-03-31T23:19:14.954+0000] {dag.py:3047} INFO - Sync 1 DAGs
[2024-03-31T23:19:14.984+0000] {logging_mixin.py:188} INFO - [2024-03-31T23:19:14.983+0000] {dag.py:3834} INFO - Setting next_dagrun for tutorial_taskflow_api to None, run_after=None
[2024-03-31T23:19:15.016+0000] {processor.py:183} INFO - Processing /home/airflow/.local/lib/python3.8/site-packages/airflow/example_dags/tutorial_taskflow_api.py took 0.166 seconds
